<?xml version="1.0" encoding="UTF-8"?>
<robot generator="Robot 6.1.1 (Python 3.9.6 on darwin)" generated="20240323 00:24:35.966" rpa="false" schemaversion="4">
<suite id="s1" name="test-LoginPage" source="/Users/reza/Documents/Reza/PosakuRF/Test/test-LoginPage.robot">
<test id="s1-t1" name="Login with Valid Phone and PIN" line="57">
<kw name="Setup and open dialer Android Dagangan App" library="setupAndroidMobile" type="SETUP">
<kw name="Open Application" library="AppiumLibrary">
<var>${AndroidDriver}</var>
<arg>${AppiumServer}</arg>
<arg>platformName=${platformName}</arg>
<arg>platformVersion=${platfromVersion}</arg>
<arg>deviceName=${Device_name}</arg>
<arg>automationName=${automationName}</arg>
<arg>appPackage=${appPackage}</arg>
<arg>newCommandTimeout=3000</arg>
<arg>appActivity=${appActivity}</arg>
<arg>autoGrantPermissions=true</arg>
<doc>Opens a new application to given Appium server.
Capabilities of appium server, Android and iOS,
Please check https://github.com/appium/appium/blob/master/docs/en/writing-running-appium/server-args.md
| *Option*            | *Man.* | *Description*     |
| remote_url          | Yes    | Appium server url |
| alias               | no     | alias             |
| strict_ssl          | No     | allows you to send commands to an invalid certificate host like a self-signed one. |</doc>
<msg timestamp="20240323 00:24:46.276" level="INFO">${AndroidDriver} = 1</msg>
<status status="PASS" starttime="20240323 00:24:36.148" endtime="20240323 00:24:46.276"/>
</kw>
<kw name="Sleep" library="BuiltIn">
<arg>6s</arg>
<doc>Pauses the test executed for the given time.</doc>
<msg timestamp="20240323 00:24:52.280" level="INFO">Slept 6 seconds</msg>
<status status="PASS" starttime="20240323 00:24:46.277" endtime="20240323 00:24:52.281"/>
</kw>
<status status="PASS" starttime="20240323 00:24:36.148" endtime="20240323 00:24:52.281"/>
</kw>
<kw name="Click Lewati Button in Splash Screen" library="loginPage">
<kw name="Element Should Be Visible" library="AppiumLibrary">
<arg>${lewatiButton}</arg>
<doc>Verifies that element identified with locator is visible.</doc>
<msg timestamp="20240323 00:24:52.896" level="INFO">xpath criteria: //android.widget.Button[@content-desc="Lewati"]</msg>
<status status="PASS" starttime="20240323 00:24:52.284" endtime="20240323 00:24:52.896"/>
</kw>
<kw name="Click Element" library="AppiumLibrary">
<arg>${lewatiButton}</arg>
<doc>Click element identified by `locator`.</doc>
<msg timestamp="20240323 00:24:52.902" level="INFO">Clicking element 'xpath=//android.widget.Button[@content-desc="Lewati"]'.</msg>
<msg timestamp="20240323 00:24:53.054" level="INFO">xpath criteria: //android.widget.Button[@content-desc="Lewati"]</msg>
<status status="PASS" starttime="20240323 00:24:52.897" endtime="20240323 00:24:53.054"/>
</kw>
<kw name="Sleep" library="BuiltIn">
<arg>1s</arg>
<doc>Pauses the test executed for the given time.</doc>
<msg timestamp="20240323 00:24:54.055" level="INFO">Slept 1 second</msg>
<status status="PASS" starttime="20240323 00:24:53.054" endtime="20240323 00:24:54.056"/>
</kw>
<status status="PASS" starttime="20240323 00:24:52.282" endtime="20240323 00:24:54.056"/>
</kw>
<kw name="Navigate to login page" library="loginPage">
<kw name="Element Should Be Visible" library="AppiumLibrary">
<arg>${masukHyperlink}</arg>
<doc>Verifies that element identified with locator is visible.</doc>
<msg timestamp="20240323 00:24:54.151" level="INFO">xpath criteria: //android.view.View[@content-desc="Masuk"]</msg>
<status status="PASS" starttime="20240323 00:24:54.058" endtime="20240323 00:24:54.151"/>
</kw>
<kw name="Click Element" library="AppiumLibrary">
<arg>${masukHyperlink}</arg>
<doc>Click element identified by `locator`.</doc>
<msg timestamp="20240323 00:24:54.156" level="INFO">Clicking element 'xpath=//android.view.View[@content-desc="Masuk"]'.</msg>
<msg timestamp="20240323 00:24:54.289" level="INFO">xpath criteria: //android.view.View[@content-desc="Masuk"]</msg>
<status status="PASS" starttime="20240323 00:24:54.152" endtime="20240323 00:24:54.290"/>
</kw>
<kw name="Sleep" library="BuiltIn">
<arg>1s</arg>
<doc>Pauses the test executed for the given time.</doc>
<msg timestamp="20240323 00:24:55.291" level="INFO">Slept 1 second</msg>
<status status="PASS" starttime="20240323 00:24:54.290" endtime="20240323 00:24:55.292"/>
</kw>
<status status="PASS" starttime="20240323 00:24:54.057" endtime="20240323 00:24:55.292"/>
</kw>
<kw name="Input Phone Number" library="loginPage">
<arg>${ownerPhone}</arg>
<kw name="Element Should Be Visible" library="AppiumLibrary">
<arg>${phoneNumberField}</arg>
<doc>Verifies that element identified with locator is visible.</doc>
<msg timestamp="20240323 00:24:55.365" level="INFO">xpath criteria: //android.widget.EditText[@text="Nomor Handphone"]</msg>
<status status="PASS" starttime="20240323 00:24:55.294" endtime="20240323 00:24:55.365"/>
</kw>
<kw name="Click Element" library="AppiumLibrary">
<arg>${phoneNumberField}</arg>
<doc>Click element identified by `locator`.</doc>
<msg timestamp="20240323 00:24:55.370" level="INFO">Clicking element 'xpath=//android.widget.EditText[@text="Nomor Handphone"]'.</msg>
<msg timestamp="20240323 00:24:55.498" level="INFO">xpath criteria: //android.widget.EditText[@text="Nomor Handphone"]</msg>
<status status="PASS" starttime="20240323 00:24:55.365" endtime="20240323 00:24:55.498"/>
</kw>
<kw name="Sleep" library="BuiltIn">
<arg>1s</arg>
<doc>Pauses the test executed for the given time.</doc>
<msg timestamp="20240323 00:24:56.503" level="INFO">Slept 1 second</msg>
<status status="PASS" starttime="20240323 00:24:55.499" endtime="20240323 00:24:56.505"/>
</kw>
<kw name="Input Text" library="AppiumLibrary">
<arg>${phoneNumberFieldAfterClick}</arg>
<arg>${phoneNumber}</arg>
<doc>Types the given `text` into text field identified by `locator`.</doc>
<msg timestamp="20240323 00:24:56.512" level="INFO">Typing text '085672222333' into text field 'xpath=//android.widget.EditText[@text="Nomor Handphone +62xxxxxxxxxx"]'</msg>
<kw name="Capture Page Screenshot" library="AppiumLibrary">
<doc>Takes a screenshot of the current page and embeds it into the log.</doc>
<msg timestamp="20240323 00:24:57.708" level="INFO" html="true">&lt;/td&gt;&lt;/tr&gt;&lt;tr&gt;&lt;td colspan="3"&gt;&lt;img src="data:image/png;base64, iVBORw0KGgoAAAANSUhEUgAABDgAAAeACAYAAAArYecKAAAAAXNSR0IArs4c6QAAAARzQklUCAgI
CHwIZIgAACAASURBVHic7N13eJXl/cfxzyGLbAgBAgTC3hshDGXvpQi4weqvrlarVuuuWrdVqzjr
qoqKylDZe8neO2BCICGBsEL2Huf3R5oUQsbznJHkwPt1Xb0uT3KvhITyfM59f29LdlaeVQAAAAAA
AC6sVnUvAAAAAAAAwF4EHAAAAAAAwOURcAAAAAAAAJdHwAEAAAAAAFweAQcAAAAAAHB5BBwAAAAA
AMDlEXAAAAAAAACXR8ABAAAAAABcHgEHAAAAAABweQQcAAAAAADA5RFwAAAAAAAAl+de3QsArjSF
hYVKTknWvr17dfjwYZ0+naD0jHRZrVb5+fqpYcMQdejQQT169FCdOnVVqxY5IwAAAADYy5KdlWet
7kUAV4KTJ+M164dZios7ocLCQlmtFf9qWSwW1apVS40bN9Ftt96mZs3CqmilAAAAAHDlIeAA7HTh
QqKef+HvlQYalbFYLHp/xofs6AAAAAAcLDMzUydPnlR8fJyysrIUHx+vzKzMks/7ePsoNDRU3t7e
Cg1tqiZNmsjHx6caV2y/iIgIdezY0alzxMfHae68uRW2mTJ5ikJDmzp1HcU4ooIqlZ6ergMH9is6
+miZnw8La64uXbuqTmCdKl6ZeXl5efrXu+8oLu6E3eGGJFmtVn377Uzdeecf7F+cAyUlJ2nDht90
IfGCQ77Oynh4uKtT5y7q2qWr3NzcnD4fAAAArkwXLiRq37592rd/n6KiIittv2//3ktet2nTVt26
dlO3bt0UFFTPWct0isWLFynqaJTTA46srOxKv7dZWdlOXcPFCDhQpeLi4rRt+zadOBFb5ucTTp9W
YGAd1elaswOOxMTzeunlfyg/P9+h4+4/sE9Wq1UWi0U5OTny8vJy6PhmRUdH64cfvteZs2dUWFhY
JXNaLBbt3rNbvXv30a233FYlcwIAAODKERUVpbVr11wWWJgfJ1JRUZGaO2+OunXtriFDhqpNmzYO
WqXzLF68SEuWLlabNm2reylVjoADVSotLVXJSUnKyckp8/PpaWnKumirWE104MABffrZJ07ZzZCT
k6O0tDQFBARoxYrlahIaqp49ejp8HiOys7O1fPkyJZxOqNJ5rVarcnJytHHjhhoVcFitVmVlZSni
cESF7Xx9fNWiRQvVrl27ilYGAAAAqSjYWLxkkaHdGmbt279X+/bvVZs2bTVu7PgaG3QUhxvOEh8f
p/3795e8vnAhsdI+27ZtueTPpGvXrk47skLAgSqVlpam1LTUcj+flJyk5OTkKlyROcePH3dauCEV
PUQfOXJYffqEq1lYmD7//FP5/Pkvat++vVPmq0hubq5OXxRutGvXXoEBgTp3/pxiY2McuqPD389f
rVu3kYeHhyIjf1dySs37GbBYLHJzc1Naaqo2bd5UbrvGjRqrYUhDAg4AAIAqkpmZqe+++9buHRtG
REVF6r0Z/1K/vv10441TalSdDmeHG7aOv2XrlkvHWbJIY8eM07hx4x21tBLVHnDk5uYqKipKrVq1
sumBIDc3V3FxcTp5Ml7p6enKy8+Td21vBdWrp7BmzVS/fgMnrLpq501LS9PZs2dLXjdq1KhG/SKZ
kZOTo9zc3HI/X1BQ4PBjH46SnJKsd/71ltPrUOzbt099+oSrTmAdWa1WffjR+3rppVcUVDfIqfOW
ZrVaS/4sLBaLhg8boY4dOyolJUWbN2/Sxo0b7A4i3Nzc1KZNW40YPlKtW7eWm5ubPv74oxoZcEiS
p6enOnXqpISEU9q8ZXOZPwseHh4qqKE/wwAAAFea+Pg4zZjx3iUFQ6vClq1btG/fPj388CNVVkCz
Is4ONyRp7bo1Dhtr3bq1V07AYbVaFR8fpz1792jL5s1KTUvVyy+9YirgKCgo0ObNm7R8+TIlJSeV
265nj16aMGGCGjRo6IilV/m8VqtVc+bM1q7dO0s+9vhjT6hFixZ2jesM+fn5ioiIUPSxowoLa662
bdrKz89PUtFxh4jDEToUcajSgCDicIQaNW6sjh06lvxMpKenKzIqUrGxMWrVsrU6duwod/eq+/Et
KCjQK6+8VCVFNk+fTpDVai0JgqxWq15++R96+61/1Yiim4GBgRo9eoyuueYazfphliIjf7d5rCmT
pyo8vG9JrZGq+P7aw2KxqH79Bho+fISsVqu2bttaZbVJAAAAcKmtW7fo2+9mVtv8mVmZev2N1zTt
junq27dfta2jKsINScrKynLYWM4KpKo04EhJSdHBgwe0ZesWHT9+zOZxcnJyNGvW99q5a0elbXfv
2aUjRw7rvvseUOvWrW2es7rm3b1n9yXhRk0WHx+vrVu3KDLqd+3csUP1goPVoX0HNQwJUVRUpCIO
HTL0znx8fJzm//qLoqIi1aZNW505fVqHjxxW4vnzysnN0bmz5xQQEKDmzZs7/4v6r9mzf3ToL3RF
0tLSZLFYdObM6ZKP5ebmaubMb3TXXXc7fL6L/0zc3dxLQqmKFD/o33/fA9q5c4dWrFiuxAuJhgIK
Ly8vdencVWPGjFFISCO71l4dir/21q3baPuO7QQcAAAA1eC772ZedvShunz73UxlZWVpyJChVT53
VYUbrsLpAUdeXp4iIyO1a9dO7dy1QwUFBXaNZ7Va9ev8Xy4JGQYOHKRePa9RcP1gebh7KDU1RQcP
HtSSpYuVm5urzKxMffHFZ3ryqadVt05dl5k3NTVVP1dyp3BNkZ2drSNHDuvo0ShlZWUpKytLqWmp
Op2QIA8PD2XnZCsnJ8fQA3B+fr4SLyRq+/Zt2r9vn/Ly8pSVnVXyIHn0aJSaNWumkJCQKqtzUFHN
BUfLLyg63hAVFXXJx3ft3umUgOPZZ58u+e927drroQf/IovFYqivl5eXBgy4Vl26dNX8+b9q//59
5aaxbm5ualC/gUaMGKleva6p0h04jmS1WhUbG6udO3cSbgAAAFSDrVu31Jhwo9jceXPk7e1dpTs5
CDcu5/QnjBnvv1fmbo1mzcLKvSq0IkePHtVvv60veX3n9D+oT5/wS9r4+vqqUaPGCgtrrhnvvytJ
SktP0/r163TD9ZNMz1ld8y5evLDG1iIoLSYmRhGHIy55uC0sLFRGZoZN41mtVmVnZys7+/I7kzOz
MhVxOELNm7eokuKbL7zw9wqDmfLCAFuPW3h6eMpqtV72+2G1WvXUU0/ojTf+adO4jlRYWKhatWqV
vA4ICNDNN9+i3r37aNHihYqJOX7J1+/p6akhQ4bquusGqk5gnUu+Z8XX4rqCwsJCxcbGasmSxTp8
JEJWq1UeHh5q3ryFYmKOKy8vr7qXCAAAcMUr/UZgTREVFVVlAQfhRtmcHnBcfB1oo5BGCg/vq27d
usnd3V1/f/450+NdHDL069vvspDhYm3bttWIESO1cuUKSdLOHTs0ccL1lzyY1dR5Dx06pI2bNkqS
OnbopIjDh0yvuaokpyTrwMH9OnEitkpqKBQ//B84uF8hjUJUJ7CO0+bKz8/XhaQLl3zMYrHIYrEo
uF6wunTtqo4dOqlevSAVFhbq3LnzOnEiVqdPn1bLli21Z+8excQcV0FBgeHvTUBgoCSVWeMlIzND
eXl58vDwsP+Ls8PWrVuUm5urPn3CSwreenp6ql27dmrcuLE2b96k1atXKTsnW23bttOokaPVsmXL
y3ZtxMWd0NZtWzVm9FhDR2OqU0FBgU6cOKFly5aW/D66u7urX7/+6tqlm3bu3KE9e3dX8yoBAACu
fNOmTVdcfNGFDzVFkyahmjZtepXMRbhRPqcHHF5eXho6dJi6d+uhFi1alDzkG7kvt7Ts7GwdOPi/
O3fDwytPx7p17V4SNCQlJyk1LdX0A3FVz5uZmal58+ZIKnpovP7662t0wBEVWVRfw+y71+7u7goM
KHqYT0lNMXV7Sl5eniIOHVLzsObq3buPqXnNWL9+XckxBIvForp16urWW29Xhw4dJElnz57RvHnz
LvvzefGFfyg4uL4GDx4iqaj+zOzZP2n/gX2VHmsIbRKqpOSkMr8fhYWFWrNmtUaNGu2IL89mSUlJ
WrJ0sbbv2K5pd0xTSEijkuAnICBAo0eP0ZAhQ3Xk9yPq1rXbZf3z8vK0efMmzft5rvx8/TRyxKhq
+CqMKygoUGxsrFasWK6Dhw5I+l+4MWL4CNWtG6Q6dYp+lksHYgAAAHC8Rx5+VG+88ZoSbXiudLR6
QfX0yMOPVslchBsVc3rA8fBfHnHYu83JyUmXPESHhIRU2qdO3UtDhbxyrijds3ePDuzfr+DgYA0d
OuyS2g7OnLcsy5Yv1ZmzZyRJEydcr4YNK5+vuiSnJCv6WLTOJ5433Ce4XrB69Oypzp26KDAwQJKU
kpKqg4cOaM/u3YbHOp94XtHHotWmbVun7OIoLCws2bkTVDdIjzzyqOrVC5Yk7di5Q7N/+lFZ2VmX
7cywWCwKCqp3yccCAwN1zz33Ki8vTwsWztfatWvK3dHRvXsPLV+2tNzPb9y4odoDjmKxsTF6//0Z
6tuvnwYOHHRJrRkvL6/Lwo2CggL9/vvvWrV6paKiIl2ihkV+fr5OnDihlStXlASdHh4eCu8TrpEj
R6lunbqyWCxq1Kixhg0bpiNHjsjLq2pqwwAAAFytfHx8dO+99+m9Ge9W2WUAZfH29ta9995XsqvZ
mQg3Kuf0gMORW+l9ff30xz/ee9Fr30r75JSq4eDtffkP3unTCfrii89KXnt4eGjEiJFOn7cs0dHR
Wr16lSSpZctWuu66gTX66kx/P3+1bNFSUZGROn3RrR/lCQtrriFDhqpD+w7y8fEp2dFTr16wQkJC
1KRJqNauXaPY2JhKx2pQv4Fatmgpfz9/e7+Mcl1IuqCnnnxaTZs2k1R0NdKTT/2twmK5devULfc4
koeHhybfOEWTb5yiRx79y2W7XiwWi1q3bq3PPv93ueNXdD1xdUhNS9WKFct1+PBhDR8+Qp07dS6z
+Ou5c2e1/rf12rZ1a5XfU26r4nBj1aqV2n9gn6SiXVW9r+mt0WPGXlZPpHHjJvLz8zf0dwQAAADs
ExraVNOm3anPPiv/387ONm3anQoNber0eQg3jHGpawz8/f3Vo3sPU31OnjpV8t/NmoWVec4/LS39
ktelHyCdNW9pOTk5mj3np5LXUyZPlbu7e40uXOjm5qauXbvJx8dXq9esUmTk7+W2Da4XrH59+6lr
l67y8vK65HO1atWSn5+funbpquysLGWkp1e4k6Nt23YaNnS4WrduLTc3N4d9PRfLzs7WW/98p+Rh
feXKFZq/4NdKA6d27doZGv/df83Qjz/OKqm1Ikm+Pr7atWtnjQ61yhMXd0KzZn2nTh076/rrr1dw
cH1JRbs2tm/fppUrV+jc+XMusWtDKgo34uPjtWrVSu3bv1dS0a6UXj17aczYceXejBQQEFCVywQA
ALiqdevaTWPHjKuWh/+xY8aVeRzb0Qg3jHOpgMMsq9WqrVv+d31Q3/C+ZbYLCwtT+/YddOTIYfn7
+Su8T9ntHD1vaWvWrFZ8fJwkafSoMQoLC7NrHVWldu3aateunQIDA7RmzRrt3rOrzPoRLVu2UocO
HS4LNy7m5eWlDh066NixY2UGHLVr11bPHj01cOAghYQ0cmqxzeJtZlarVZ9++u9L6rBUpEWLloba
WSwW3Xrr7QoJaaR5P8+V1WpVeN++mvdzxVcD1+TwIycnR3v27lZsbIyGDh2mpk2bae3aNToUcVC5
Jo5p1QSFhYVKvJCoyKii0K527drq0b2Hxo4bb/N10wAAAHC8cePG68KFC9q6requju0b3k/jxo13
+jyEG+Zc0QHHwYMHS4o/BgYE6pprepfZztPTU3/+04NKTk6Sj49vmdvrnTHvxeLj47R02RJJRbfN
XHxExhV4eHioSZNQtW3bVsfKqMnh7u6uBg0aXFaboixBQfXUoEEDubu7XxaU1K1TV23btVeTJqE2
3YZji3+9+46OHYs23L64TodRQ4YMVX5+vhYsnK+M9IwavWPHCKvVqsQLiZozd3Z1L8UuHh4eatG8
uXr1ukYRhw6pXbt2Gjd+AuEGAABADTR58pQqu1mlSZNQTZ48xenzEG6YVzVPiNUgKTlJs2f/WPL6
xslTKjwXX6tWLQUF1bM73DA7r1S0FX7O3DkldR2mTLnJ7nVUh1q1apUbOvj5+ikwMNBQKFGrVi0F
BgbKz/fyYz35+fmyFhZWSbhhtVr1/fff6vjxY6b6eXt7m55rxIiRGj58hLZt32q6L5zDYrGobt0g
jRkzVoMGDa5w50ZWVpaOHTum7OzsGr3DBgAA4Erl4+Oj+++736Z/i5vh7e2t+++73+lFRQk3bHNF
Bhy5ubn6/rvvSq5r7NM7XL169qqx827cuEFHj0ZJkq699jq1b9/eqet0Jk8vL3mWcQQlKzvLVHXj
tLQ0paWnXfZxD09PeXh62rVGo5YvX6YtW7eYfmC1ZQdGSkqKVq1aycNxDWOxWFQnsI6GDx+hoLpB
ZbbJzs7W3r179PMv87R//z5lZV1+sw4AAACcL6gKrmt95OFHDe1Ktwfhhu2uuICjsLBQ8+bN0eEj
EZKKjntMmnTjJTcd1KR5z549o/kLfpUk1Qmso3FjnX+Oy1nS09MVF3dCSf8NeC6Wm5urxAuJSk9P
L6Pn5eOkpKaUeVNJUtIFxcWdMDSOvaKjo216UE1NSzXVPisrSy+8+HeXKb6J/ykONxYuXKCYmONa
uHCB4uPjK7xlBwAAAM4TGtpU0+6Y7pSxp90x3ek3phBu2OeKCzgWL15UciuFj7eP7rrr7iq51cCW
eQsLCzV37tyS4os3Tp7isjcwnDlzWosWL9SmjRuVXeqKXKnouMfx48d1/PjxSseqqF12drY2bdyo
RYsX6oyBa2ntMXDgIJv6FReKNeL8+XN68qm/uXzdjatRTk6O9u/fp19//UWpaamyWq1yc3NTekY6
AQcAAEA16tu3n4YMGerQMYcMGaq+ffs5dMzSCDfsd0UVGV2/fp2WLV9a8vquu/5PTZqE1th5t2/f
pkMRByVJPbr3VM8ePZ22RmeKjIzU6tWrdDQ6qsxwo9ipUye1desWBQQElHtDTGxsrLZu3aJTp06W
+Xmr1ar0jHTt2LFdSReSNGzYcLVt29YhX0dp7du3l8ViMb2LIzIystI2VqtVGzdu0Ow5P5neueHs
3UgoYrValZeXJ88yjkQVhxtz585RRmaGJKleUD2NGTNWnTp2qvCmIAAAADjflMlTFR8fr6ioyv9t
Xpk2bdpqyuSpDlhV+Qg3HOOKCTj27N2j2XN+Knn9hzvvUseOHWvsvEnJSfr553mSigrVTJo0ySUf
XJNTkrVv/179Hnmk0l0I+fn5OnwkQlnZWerXt586dOgoP7+iQqLp6ek6fDhCW7ZuUUzM8TKvmb1Y
dna2fo88ouD6wWrQsIHqBNZx2NdUzN3dXV5eXhWGNmWJiTmuwgoKoWZkZOiVV14yfZSlGA/PVSM7
O1uxsbFq1qzZJUWksrOzdfDQQf00+8eSujJBdYM0fvwEde/eo8xABAAAAFXv3nvu03sz3rXrZpUm
TUJ17z33OXBVlyPccJwrIuCIiorSN998VfL6pqk3q3fvPjV2XqvVql9/+aXknd9allqa+e3MCttf
7Meffii5ZcXD3UMPPviQLct3CH8/f9ULqicvTy9DxyxycnIUHX1UpxMStHLVypLCjReSLig9LU0Z
mRmVhhvFfH181bBBQ/n7+dv1NZTHYrGoQ/uO2rN3t+m+OTk5l1VwTkw8r5nfzlR09FG7ilC2a+u6
RWhdSXp6mtauXaMOHTooPLyvvL29S8KNH374viT4qhNYRxMnXq9u3boTbgAAANQgPj4+mj5tut6b
8a6pCw+KeXt7a/q06U69MYVww7FcPuCIj4/T559/WvJwPW7seA0aNLhGz5ufn6+du3aUvM7IzCi5
RcXo3MV8fSq+gtbZ3Nzc1L59ex07dsxwEJCfn6+U1BSlpqWW1NEoKCgw/dDfsmUrtWnTRm5ubqbX
bdS4ceO0d98eU2uzWq36+ee5mjr1ZiUnJ2n9b+u1adPGoitu7bxdw2KxaOLEiXaNYWau4u+t1WrV
Rx9/4JR5UlJT9MyzTzllbHulpqVqyZLFslgs6t69h45GH70k3AjwD9ANk25Uj+495O7u8n+dAgAA
XHFCQ5tq2rQ79dln/zbdd9q0O51aVJRww/Fc+l/kiYnn9fnnn5XshBgyZKjGjBlb4+e1WCxq1qzs
GhRlKSwsvCTUaNigobz+u4OjJrxj3LBhiLp27aqEhFM6baLwp9VqNbxbo7SQhiHq0qWLGjRoaFN/
oxo1aiwPD4+SQrBGbdm6RTt27nBIqHExNzc3hYQ0cth4FfHy8lLz5i2UlJxULdee1pTAICMzQwsW
ztephFPauXNHSbjh5+unGydPUc8ePZ0asgEAAMA+3bp205TJUzV33hzDfaZMnqpuXbs5bU2EG85R
M54gbJCamqrPPv9M5xPPS5L69e2nSTc4/zpYR8zr7u6uJ58w/o51Xl6eHnn0LyWvp027Uy1atDC+
aCdzc3NT23btdDzmuM4nnrc5tDDK3d1dHTt1UseOnarkwfKxvz6uN9583fQujuHDRlxSfNYRHn/s
bw4dryJeXl4aPXq00tLTFBNzvMpueqlVq5b8/fx13XUDq2Q+I7Kzs7Vx44aS174+vpp6083q2aNn
ubVWAAAAUHMMGTJU8fHx2rptS6Vt+4Y7/haWixFuOI9LBhzZ2dn6+puvSnY1dO/WQzfffKvTH3ar
a15XEOAfoI4dOik2NlaxsTGSit7hbtu2nRo2bKjoY9E6dizacPjh7u6uli1bqVXLVjpz5owiI39X
eka6pKJCP+3atpevb9Ucz2nSJFTetb2VmZVpqt+q1St1+2136PtZ3zlkB4SPt4/T790urUmTUP3f
3X/UiRMnlJ1jrtiqrWrVqqX6wcFq1Khxlcxnlru7uyZPnqJePXu5ZGFgAACAq9W0adMVFx9XYdHR
Jk1CNW3adKetgXDDuVwu4MjPz9esWd/r99+PSJLatWuvO+6YJg8PD7vG3bN3jw7s36/g4GANHTqs
pIins+e9UtSqVUstW7ZU72t6y9fHV2FhYerQoaPqBdeTh7uHevXqpd27d2v79m0lu1/KE1wvWH36
hKtnz54KCAhUXn6eEs8n6vDhCMXGxqpr165q06ZNlT1cWiwWPf30M3r+hb+bCiry8vJ05MgR3XD9
JP06/xe7Qg6LxaKnnnq6Wh6o/f391alTpyqftybLy8tTQUFBjTlGAwAAAGMeefhRPf/Cc2UWHfX2
9tYjDz/qtLkJN5zP5f51vnTpEu3avbPktcVi0Zw5s02N0b//ALVu3brk9enTCfrii89KXnt4eGjE
iJFOn/dK4+Pjo/Dwvureo4c8PTzl7e1dsn3f29tbgwcPUVZ2ltauXVPhOF26dtXgwUMu6R/gH6CQ
kBDl5uWqtlftKr8qNSionsaNHa9Fixea6rdr907169df06fdqZnffmNzyDFq5GjVqxdsU184Vn5+
vn786QdZLBaFh/cl5AAAAHAhPj4+euThRy+7WaU43HDWjSmEG1XD5f5lnpCQcMnrI0cOmx6jS9eu
l7xOS0u/5HVSclKVzHulsVgs8vHxKfMvhVq1asnX11f+fv5yd3cv96iKu7u7/P38Lzt+UtzfV9V3
a8zo0WMUcThCx45FG+5TfPvIW/98R6++8rqefe5p0yFHWFhzjR8/wexyDatVq5YKCwslFdWY2bFj
e5XuFHH38FDnTp1dajeU1WrVrB++lyRCDgAAABcTGtpUUyZP1bffzSz52JTJU512HJxwo+rwr3JJ
YWFhat++g44cOSx/P3+F9+lb3Uu6Yvn7+8vP10/JKcllft7P10/+/v5VvCpjLBaL/vroY3r1tVeU
kHDKcL/CwkI9/re/6u23/qUPP/hYX3/9lXbu2mEo6AhpGKK/Pf6EUwOH5s1blIQ2CQmn9M3Mr502
V1kCAwLV8smWCgwMrNJ5K+Pj46sB/QeoY4eO5bZJSUlRZmam/P39qccBAADgQvr27af4k/Fau3aN
hgwZqr59+zllHsKNqmXJzsqr+vsfa6DCwkIlJyfJx8f3svobcJw9e/doyZLFOnXqZJmfb9y4icaO
Hace3XtU8cqMs1qt+ve/P9HBQwdM9XN3d9ezzzynBg0aKisrSz/8MEu79+wqN+jo1LGzHnjgT0pM
PK/atb1Vu3Ztp+wUOHv2jGbMeK/c0MnZAgMC9eSTT9e4gMNqtaqwsLDSIMrNzY1wAwAAwEVt3brF
aeFGRESEVqxc7pSxjQgNDdWUyVMdNt57M95VVFSkQ8Zq06atU+qdEHCgSp05c1obN23U0aNHy/x8
+/btde2Aa12i3sSmTRv1w4+zTB05sVgsmjrlJg0aNFhS0UN0ZGSklq9YphMnYpWdXXRTyZTJUzV4
8BBJ0n/+86W8fbyVnpaue+651+FfhySdP39OS5cu1bFj0crNzXXKHOXxDwjQn//0YI3duQMAAABA
yszM1Lx5c5V4IdGuceoF1dPkyVOcUu+EgANVqqCgQJmZmcrNzSnz815eteXj41NSXLSmy87O1ptv
vq7ziedL6lgYUSewjl5++dXLvs78/HxZrdZL6lEUhx6enp4u830BAAAAgKpGwAE4QEFBgV577RWd
PXdWVqvV0K4Oi8WiBvUb6MGH/qKgukFVsEoAAAAAuHIRcAAOVFBQoIiICK1Zu1rxcXHKyr78fm1J
ql27tpo0CdWwocPVqVMnubm5VfFKAQAAAODKQsABAAAAAABcHgf6AQAAAACAyyPgAAAAAAAALo+A
AwAAAAAAuDwCDgAAAAAA4PIIOAAAAAAAgMsj4AAAAAAAAC6PgAMAAAAAALg8Ag4AAAAAAODyCDgA
AAAAAIDLI+AAAAAAAAAuj4ADAAAAAAC4PAIOAAAAAADg8gg4AAAAAACAyyPgAAAAAAAALo+AW54B
4AAAIABJREFUAwAAAAAAuDwCDgAAAAAA4PIIOAAAAAAAgMsj4AAAAAAAAC6PgAMAAAAAALg8Ag4A
AAAAAODyCDgAAAAAAIDLI+AAAAAAAAAuj4ADAAAAAAC4PAIOAAAAAADg8gg4AAAAAACAyyPgAAAA
AAAALo+AAwAAAAAAuDwCDgAAAAAA4PIIOAAAAAAAgMsj4AAAAAAAAC6PgAMAAAAAALg8Ag4AAAAA
AODyCDgAAAAAAIDLI+AAAAAAAAAuj4ADAAAAAAC4PAIOAAAAAADg8gg4AAAAAACAyyPgAAAAAAAA
Lo+AAwAAAAAAuDwCDgAAAAAA4PIIOAAAAAAAgMsj4AAAAAAAAC6PgAMAAAAAALg8Ag4AAAAAAODy
CDgAAAAAAIDLI+AAAAAAAAAuj4ADAAAAAAC4PAIOAAAAAADg8gg4AAAAAACAyyPgAAAAAAAALo+A
AwAAAAAAuDwCDgAAAAAA4PIIOAAAAAAAgMsj4AAAAAAAAC6PgAMAAAAAALg8Ag4AAAAAAODyCDgA
AAAAAIDLI+AAAAAAAAAuj4ADAAAAAAC4PAIOAAAAAADg8gg4AAAAAACAyyPgAAAAAAAALo+AAwAA
AAAAuDwCDgAAAAAA4PIIOAAAAAAAgMsj4AAAAAAAAC6PgAMAAAAAALg8Ag4AAAAAAODyCDgAAAAA
AIDLI+AAAAAAAAAuj4ADAAAAAAC4PAIOAAAAAADg8gg4AAAAAACAyyPgAAAAAAAALo+AAwAAAAAA
uDwCDgAAAAAA4PIIOAAAAAAAgMsj4AAAAAAAAC6PgAMAAAAAALg8Ag4AAAAAAODyCDgAAAAAAIDL
I+AAAAAAAAAuj4ADAAAAAAC4PAIOAAAAAADg8gg4AAAAAACAyyPgAAAAAAAALo+AAwAAAAAAuDwC
DgAAAAAA4PIIOAAAAAAAgMsj4AAAAAAAAC6PgAMAAAAAALg8Ag4AAAAAAODyCDgAAAAAAIDLI+AA
AAAAAAAuj4ADAAAAAAC4PAIOAAAAAADg8gg4AAAAAACAyyPgAAAAAAAALo+AAwAAAAAAuDwCDgAA
AAAA4PIIOAAAAAAAgMsj4AAAAAAAAC6PgAMAAAAAALg8Ag4AAAAAAODyCDgAAAAAAIDLI+AAAAAA
AAAuj4ADAAAAAAC4PAIOAAAAAADg8gg4AAAAAACAyyPgAAAAAAAALo+AAwAAAAAAuDwCDgAAAAAA
4PIIOAAAAAAAgMsj4AAAAAAAAC7PvboXAACAo23YskNT//Bnw+1nff6ehg7s78QVAQAAwNnYwQEA
AAAAAFweAQcAAAAAAHB5HFGpxJrfNuvU6bOm+7m51dLNk8arVi0yJBiTmpauJSvW2jXGxLHD5ePt
7aAVVSw27qS2bN9tc//atb10w7iRDlwRAAAAgKsZAUcFcnJy9egzr+jMufM29e/Yro26de7g4FXh
SpWSmqZHnnnZrjEaN2qogf37OGhFFZv9y2K989EXNvdv1SKMgAMAAACAw7C9oAJbd+6xOdyQpJVr
NzpwNUDl1m/aViXzFBQU6tfFK6pkLgAAAAAwgoCjAstW/2ZX/9m/LlZefr6DVgNUbsHSVcovKHD6
PAcijig65oTT5wEAAAAAowg4ypGekal5C5baNcaJ+FPavfegg1YEVC7uZIIOHY50+jxrN2x1+hwA
AAAAYAYBRzk2bdup1LR0u8dZvsa+XSCAWRu37nTq+IWFhfpl8XKnzgEAAAAAZhFwlGPx8jUOGWfO
/CXKzs5xyFiAEQuXrXbq+IeORCny6HGnzgEAAAAAZhFwlCEpOUXzl65yyFjnzl/Qlp17HDIWYMTe
AxE6FhvntPF/27zdaWMDAAAAgK0IOMqwftM25eTkOmy8ZavWOWwswIjN23Y5ZVyr1crtKQAAAABq
JAKOMhjd4t+9S0dD7eYtWOaQeh6AUc6q/XIkKloHIn53ytgAAAAAYA8CjlJOnz2nxSvWGmr74D3T
FeDvV2m79IxMpxd+BC62cu1GnTt/weHjrt/E8RQAAAAANRMBRynrTFx/OSC8l0YMvtZQ20XLnVv4
EShtqxNqvyxwUG0aAAAAAHA0Ao5Sfl1irL7A0IH9VbdOoAYNCDfUfuHS1Uq8kGTP0gBJUqsWYWrU
sH6l7Vat3+TQeaOiY7R738FK27Vv08qh8wIAAACAEe7VvYCaJOZEvNZt3Gao7fBB/SVJvXt2NdQ+
Lz9f6zZt0+QJo21e39UqNu6kDkce1aEjUYqNO6nYEyd19nyiklNSlZeXp4b1g1UvqK5CGtZXh7at
1aZVc3Xp2E5hTZtU99Kdon2blgprFqqPv/i2wnaLl6/Ra39/XL4+Pg6Z18jtKaOGDlS7Ni11JCra
IXPao6CgUAlnzijmxEnFnTyltPQMpWdkFv0vPUOenh7y9/OVv6+v/Px81TS0sdq0DFOTRiGyWCzV
sua8/HzFn0xQbNwpxcTFKy0tXRmZRWvOzc2Tr4+3/Px85efro3pBddW8aaiaNW2s+vWCqm3N+J+0
9AxZrVZTfXx8vOXu5uakFQEAAFxdCDgusua3zYbbhl/TQ5LUIqypunXuoH0HD1faZ/6SlTYHHKlp
6QofPklJySmG+0yeMFofvf2STfOVFh1zQgNGTTHV56f/fGB4h0tpZ86d18Klq/XL4uXatbfiXQPp
GScUHXNC0qVHKPr27qEbxo7QxDHDFVS3jk3rqIlS09I1qH+fSgOO9IxM7dxzwOY/g9KMHE8ZN3KI
9kcccch8ZhUUFCri9yht3LpTG7fu1M49+5WSmmZ6nEYN62vwtf00cexwDejTU56enk5Y7f+kpqVr
8/ZdWrpqvRYsXaWsrGzTYzSsH6yhA/trYP/e6t2zq0IbNzI9xubtu3TjtAcMt//qo7c0Zvgg0/MU
W/PbZt12zyOG2//45QcafK1jfpadYfavS/SXJ1801eemSeP0zivPOmdBAAAAVyECjv+yWq2at3CZ
obbNQhtfsg1/wuhhhgKOFWs26FTCGTVu1ND0+gL8/XT71Ov14eczDfdZtGKNXkl+THXrBJqer7Tf
Nhnb2VKsaZNG6te7h+l5zicm6d9ffa/PZ/5o91W9W3fs0dYde/T6u5/ogbvv0PRbJl0RQUdKapqu
6dFFfr4+Ss/IrLDt+s3bHRJwHIuN07Zdeyttd12/3k6p/VGRAxG/a8HSVVq4bLViTsTbPV7CmXP6
Yd4C/TBvgZqFNtb/TbtJd94yWbVrezlgtf+Tmpaub3/6Re9+/GWlf46VOXPufMmaJalX98665cYJ
GjN8sILr1XXEclGBVes2mQ43Rg0dqH+++JQ83Pm/YQAAAEehBsd/RR49XulOgWLjRw2Vm9v/vnUD
wnsZnme1iV0ipd0wbqSp9jk5uQ67vWXhsjWm2t8yeYLpd77nL1mpIRNv1Yefz7Q73LhYSmqa3njv
E4296W6t2bDFYeNWl6TkFPn6+GjsyCGVtp2/ZKXyCwrsntPI8ZShA/urUUgDZWRm2T1fZfILCrR+
0zbd+cDjGjFpmj747BuHhBulnYg/pRdef0/X336v4b8fjFixZoOG33CHXn7rA7vDjbLs2ntQf3v+
dfUaMkFP/eOfOpVwxuFzoMi2XXt1zyNPm+rTt3cPvf/mCw4PzQAAAK52BBz/ZaYg47V9r7nkdZdO
7dWkcYihvkZ3iZSlc4e2psIUSVqycp3N8xWLORGvzdt3meozdsRgw21zc3P1wuvv6b5Hn3XK1abF
Yk7E67Y/PqzX/vWxQx76q8vZ84mSpGED+1fa9uSp0zoY8bvdcy5aVvktQONHDZUkpzywlzbn18W6
+e6HtHzNb06fS5L2HTyscTffrZk//mz3WP/+apamP/CYTsSfcsDKKpaTk6u585fwIO0kEb8f1d0P
PmnqWFGn9m302XuvKTDA34krAwAAuDoRcEgqLCzU3PlLDbX18vJUr+5dLvmYu5ubJo4eZqj/1h17
FH081vQai90+9QZT7RctW60LSck2zycZe/f+Yn1791CHtq0Ntc3JydXjf39Nn349y5al2eT9T7/W
0//4p3JzHbdLpCrl5OQqNzdXfQ0eAdqwZYdd88WdTDC0E2hg/96SpPSMDLvmM2LsiCGqHxzk9HlK
e+KFNzT7l8U29/9x3kK9+MZ7DlxR5abdfGUczappjsfG6Q9/etzU7VjNQhvryw/eVIPgek5cGQAA
wNWLgENFZ/gPRx411HbkkOvKfOdt0IC+huez5/rO4YMHmKqpkZefb/cxlcUr1ppqf8uk8YbaWa1W
vfjmDM3+dYkty7LLtz/9oudff8/0jQc1RVZ2jhrWD9aQayv/uVu4bLVdX+d6A/VXBg0ILylsmVEF
OzgCA/z1wN13OH2esjz23Ks6eDjSdL/o47F68h9vOmFFFZs8cUyVz3mlO332nO5+8ElTu3DqBdXV
1x+/rebNQp24MgAAgKsbAYeKzsMbVd6xgGt6dJG3d21DY8ydv9TmB87iYqNm2HNMJe5kgqEH3GIe
7u4aPvhaQ21n/viLvvp+jq1Ls9vXs+bqu9m/Vtv89sjKLtoSP2rYwErb7j90RMf+e8uMLRYvr7z+
SvHxFEk23Vxii1tuHF8t2/zz8vP1jzdnqLCw0FS/j7/8zqG1ZYwYfG24OndoW6VzXulSUtN03yPP
Gg7FJcnbu7b+8+Gb6tjO2M42AAAA2OaqDzjy8vM1Z77xHQTlHQvw8/XRuBGVF32UinaM2PIOcLHr
x44w1X7x8jU2H1MxezzlxomjDd3aEH08Vi++WbVb9cvyzEtv6UhUdHUvw7TiB+X+fYzVZNm0zVwN
lWKnEs5o7catlbYb2L9PyX+bucrYHkF16+i+u26rkrlK27Blh7bsMH5bzNnzifp+znwnrqhs026+
scrnvJJlZmXpwSdeMHSj0MU+/derCu/V3UmrAgAAQLGr/n663XsPGt5m3L1Lxwq3Fw8fPEBzFxir
5bFq3SZ16djOUNvSunRspwHhvQw/tObl52vDlh2mgxHJ2Lv3FzN608ur73xkqjDfxQYNCFfXTu1V
L6iuPNzddS4xUdHHT2jZqvXKy883NVZefr5e/9cn+vrjt2SxWGxaT3UoDjjatGquTu3b6NCRqArb
L1v9m6bfYv5h10j9jv59eimsaRNJRbebVEWR0WK3TZmoDz77ptyfpWt6dNGA8GvUqX0btWnVXHXr
BMrfz1deXl7KyMhUbNxJbdyyQ59+/YPOnDtvau5fF68wXPR39z5zN7B4e9fWw/fdpaED+6lZaGP5
+vpIVqvS0jOUmpaukwlntPdAhLbt2qu1v20p8+e+SeMQQ4VoYUxeXp6eeP4NrVy70VS/9998USOH
XuekVQEAAOBiV33AYeYWhnGVXMtptOijJM2dv0QP3Xen3N3cDPe52O1TbzD1rvySletMBxynEs6Y
ula1SeMQDejTs9J223bttenYzP133aZ7pt9S7o01F5KSNW/hMr3y9oemjgIsX/ObVq/frOGDB5he
U3XJzsmRJFksFo0bNbTSgGPNb5t19nyi6eKGi1dWXn9lwuj/HU/J+e+6qkpIg/q6985bNePfX5V8
7Lp+vTVh9DBd16+3WoQ1LbdvYIC/unZqr66d2mvShNH68+PPm7ot6JdFy/XyM381dENJVHSM4XEl
6csP3tTQ6/pd9vGgunUUVLeOmjcL1YDwXvrzH6fpfGKS1m/epoVLV2vZ6vUlbe++fSq3pzhIYWGh
XnxzhuEAu9gLTz6sm24Y66RVAQAAoLSr+ohKdnaOqeMplb1bG9KgvgYNCDc0VnTMCe3Zf8jw3KUN
HzzAVP2BJSvWmqr2L5k/nnLr5Any9PSstN3Xs+aZGleSvv74Lb341CMVXscbVLeO7pl+i5bO+dr0
DRv/+W626TVVp+yLgoTr+vU21GfL9t2m5jhz7ryh+jQDL/qZz8szt4PGEabdfIMCA/x1/123aeUv
32rO1x9p+i03VhhulNaoYX198OYLqhdU+fGqYukZmYo6FmOo7dlziYbHDQzwN1Q8tlhwvbqaPGG0
vv74LW1ZMU9PP/qAmjQO0fVjhxseA6owDPrXR1/qy2/N/R3xl/v+oPur6QgVAADA1eqqDji27tyr
c+cvGGrbqGF9Q0dKRhso+ljMTHHT0gL8/TTt5kmG2xcfUzHDyLv3FxtroAbJqYQz+mXRclPjvvHC
Exo9bJDh9h3btdan775qao41G7ZUuguiJrl4h0q3Tu3VsH5wpX1Wm7y9x8jPS5+e3dSqebOS17l5
eabmcITQxo20e/1CvfjUIzYf+5KKdiDdfcdUU31i404aapdn4vuSmZlVUkTWrBZhTfXw/Xdp64p5
JbfawBhfH58yP/7lt7P19oefmxpr2s2T9MTD97nUsTcAAIArwVUdcCxbtc5w2wmjh8vDw6PSdgPC
rzE85tz5S+y6VcF0sVET172ePnvO1Fnz8F7dDd0QsH6z8RtZJKlzh7amb42RiupC3Hyjsetqiy21
47aZqpab+7+fG09PT42/6JhIeZasXGeqPoaR78fEMZfuEsivhh0cUvkPp2YNNnHdsySdOWusbofR
G5akojDyp58XmVpHaUb+rsKl/Hwv/xn6eeFyPfvK26bGmTB6mF559jGbjx8CAADAdldtwJGWnqGf
TewkGDSgT+WNVFT0sUNbY1cBJpw5Z7oa/8WKi40atXDZap1PNHZM5bfN5nZ7GA0T1m8yd+zlgf+7
w+aHtT9Ou9lUezP1WKpbbqkgYci1l9drKC09I1M79xwwNH7ihSRDgVjpI1kFJq9OrWlahJVfRLgs
aekZhtoF1zN3ZOrpl97SFzN/MrXzA/bxKRWSbdu1Vw8/9Q9TY1zXr7f+9epz8vKq/KgeAAAAHO+q
DTg2bt2p1LR0Q229vDx1TY+uhtoWFX00dl2sVHS7hT1un3qDqfYbthgLGJaaOJ7i4e6uEYOvrbRd
Xl6eVq0zdwPBtX2N74gprXOHtmrTqrnh9gcifjd8o051K/3g27tnV0MPVes3VX7lq2TseEr3Lh3V
umXYJR+zWq2Gxq+p/P18TbXPzjF2lKT4lhkznnv1HU2adr9WrdukggLXDo5cga+Pd8l/J5w5p4ee
eNHUrUzdOnfQJ++8YvpnCAAAAI5z1QYcZq4/HT1skKmCngP7G9vtIRUdU7HnWk2zxUYXr1hXaZtz
5y9o6ar1lbYrNmnCKENFPU/EnzL1tQ4I72WotkR5LBZLpTfflHY48qjN81Wl/PyCS14HBvgbqlPy
65KVhh7alhuoD3PDuJGX1RgodPEdHGZ3CxnNc2ytDbJzzwHdcd+jmnDrH/XLouXKzMqyaRxUzue/
AUdubq4ee/YVU2Fnq+bN9OUHbyi4nvEitQAAAHC8qzLguJCUrPlLVhpuP2yQuetDu3fuYPgWj9S0
dG3attPU+BcL8PfTHTcZ38WxaPnqSgurmi1GesO4kYbaGS3IWKx7l46m2pelXeuWptrHnIi3e86q
UFBYcNnHjPycJpw+qwOHjlTYJjklVYuWra50rMHXXn5jkKvv4HCWsKZNyvx+GbV730E98NjfNWD0
VM3491emf5dQsYb1g0tqZrz94RemrsduWD9YX330FkVdAQAAagD36l5AdVi/aZuprcf9evcwNb6n
p6cmjhlu+FrBxcvXaNRQ47evlHbDuJH66ItvDbffsGWHbpwwqtzPLzFRbLNRSAMN6GOsDsiZc8YK
MhZr3sxcPYSyhDYx99BxPCbO7jmrQlk5Qv8+xn5ON2zZoZ7dOpf7+Y1bd1b6+9GlYzvT4VFVyMnJ
VWT0cUUfj9Xx2HjFn0pQwumzOpd4QecvJCkzM0uZmVmmfv8d5d4/3KZ1G80V2S0t4fRZvf7uJ3r9
3U80ecJo3X7T9Qrv1UNubldlVu0wDerXk1QUAL//6deG+/n5+ug/H/5TbVu3cNLKAAAAYMZV+a/i
BUtXGW4b3qu7mpp8SJaMFX0sNn/pKiUlp5ieo1iXju3U32DIIEmLV5R/PCfxQpKWrzZ+POX2Kdcb
Lqh39lyi4XElqXFIA1PtyxLSoL6p9idOJtg9Z3UJbdxIfQ2EcQuXra5wp8UKA8VWyzqeUl0yMjO1
ZOU6PfTEi+oyYLRGTJqm+//6nN6c8W99P2e+1mzYogMRvyvh9FmlpKZVS7ghSUOu7atbJ0902Hjz
Fi7TjdMe0MTb/qglK9dV29d1JagXVEeRR4/rr8+au176zX88pV7dyw8LAQAAULWuuoAj4cw5U/Ul
hg8eoOzsHNP/69KpnTzcjW2QycnJ1fpN9r2ze/tNxq9SXbxibbnHVDZs2WHqQWmsiRoXRou6FjNz
tWa5Y9Q2N0ZqWprdc1ansSMGV9rm4OFIRR+PLfNzKalpWmigPs3ga81dp+oMGZmZ+nzmj7p29FTd
/eATmjN/iemfsapksVj04lMPm7r5yIhdew/q7gef0PW33av1m7ZxTMgGmZnZevCJF0z//Mw3WNMG
AAAAVeOqO6Ky1sTZakl69Z2P9Oo7HzlpNf+zYOkqw7UsyjJi8LUKDPBXSqqxB/T1m7dpysQxl33c
zK0u4b26q0PbVobb5+TmGm4rSbW9vEy1L4vZ6xqTklPtnrM6DQg3duvMxm271Lpl88s+vmXHbmVl
VXwzSPs2rdSxnbGrkJ1l74EIPfL0yzoSFV2t6zArMMBfX7z/hh55+mWHX0u8e99B3Xz3Q7ptykQ9
9/iDCqpbx6HjO1pNCmK2795nU78Vazbo069m6cF7pjt4RQAAALDFVbeD45dFy6t7CWVasnKdEs6c
s7m/2WKjZd0ik5ScYup2mZsmjTN1TCE/z9w7nWZvtCiLp8kx0tMz7J6zOnVo20qtmjertN3ycnYx
rVxb+TW+k8ZX7/GU5Wt+0/W33+ty4UaxunUC9fmM1/T83x4yvMvLjFlzF2jy9D8pKjrG4WM7Un7B
5YVyXdErb3+orTv2VPcyAAAAoKss4DgeG2f6hpCqZHZ3SWlmdoAsXbVeZ89fWhNj07bKi0sW83B3
18gh15laX+3a5nZk5ObmmWpfFrO7RoqvinRVtWrV0oQxwyptt3bjVp0+e2mglp6Raeh2oSHXGa8v
42i79h7UHx96Sjk55v5caxpPT0/96Y/TtG7RD5o0vvyCv7Y6HHlUt93zsI7F1tyiuY74/a4pHnnm
5UpvpwIAAIDzXVUBx5rf7AsQnM3e3SWdO7Q1VWy0dN2PZauMb5mfNH6k4atwi/l4mwsPcnJzTLUv
i9mHKD9fH7vnrG4D+/cx1K70u85bd+xRekZmhX1atQhTp/ZtbV6bPTKzsvTosy/bXfOgfZtWGjV0
oG6cMEp33HSDpt086ZL/VaVWLcL0yTsva8ns/2jimOEOHTvuZIL+8uSLyszKcui4jpKe4dq7pS4W
cyJez7z81hWzKwUAAMBVXTU1OKxWq+YtXFbdy6jQhi07dDw2Ti3CmtrU32Kx6Pabrtfm7bsMtV++
eoOmXj9WUlEB0IXLVxuey5Z6IWbDg/T0ih+2jcjKrrieRGn165kLbWqinl07G6rHsnr95kv+HFet
q/x4yo0TRlXblaRz5y9V5NHjpvvVDw7S3bffpIH9+6h925by9an45/Dbn36xdYk269mtsz577zU9
+qe79cPchfrmx3kO2aWyc88BfTf7V917560OWKVjXUiy/eaommjhstUK79Vdf5x+c3UvBQAA4Kp1
1ezgOBIVrd37Dlb3Mipl7y6T4mKjRixfvb7kIXjP/kOGH6gaNaxvuJjlJf1MXvt6MuG06TlKO3X6
jKn2TRqH2D1ndatd28vQboBFK9Yo7b81RzKzsvTL4hWV9hlaTcdTCgsL9c0P80z3u/uOm7RhyWw9
+qe71at750rDjerWoW1rvfTMo9qxZr5eeuZRm66oLu2jz7+ttHCsLQrs3K1g9nezOpjZESdJ/3hz
hnbtrfn/PwMAAHClumoCjtXrN1f3EgyZM3+JXbcLmCk2mpefr4gjUZKkzdt3G57j1skTTd9OIknN
QpuYan88Nt70HKWdPGXuIapxSEO756wJjFzjmpWVrR179kuStu/aX+mOjxZhTdWlU3uHrM+s6OMn
dOi/P6tGPXD37Xr1ucdUJzDASatyngbB9XTvnbfqt8U/6aO3X1Kn9m1sHuvMufPaumuvA1dXJDvH
viNkh3+vuUVi6wcH6af/fKBvP31H3bt0NNwvLz9fjzzzki4kJTtxdQAAACjPVRFwFBQUavavi6t7
GYbsPRChw5H2/cPfzPGRQ0eiZLVatXTVOsN9xo4cYsOqpCaNzYUHO/cesGmeix2OPGqqfZtWze2e
sybo17uHoXbrNxbVYVm13sDtKeNGyt3Nza512crsn2PTJo302IP3mL7tJS+vZhW+9PaurckTRmvp
nK/0yTsv23x8bc/+Qw5emX03DmVkZmqHjVezOlvPbp21YNbnGjQgXL4+Pnr75WdMBbpR0TF64fX3
VFhY6MRVAgAAoCxXRcBxIOKITWf3q8vq9Zvs6m+m2Ghk9HGdS7xg+PvTp2c3m99Nblg/2FTf3fsO
Ku5kgk1zSUV1V5asXGeqT+uWYTbPV5ME1a2jUUMHVtpuwdKVSk1L1y+LDBxPGdjfEUuzidmfg8kT
R9tUMDY5peJdLNXF09NTk8aP0oqfZ+qhe+803f/osZhK27ibvLI25oTtO6wOHPrd7mKxznDTDWP1
45fvXxIkde7QVi888RdT48yZv0Tfz5nv6OUBAACgEldFwLFizYbqXoIps39drIIC29/9Ky42akTE
71GKizf+8HjTpHGm3xW/eF0jhlxrqk/pm17MOHg4UtHHYw23bxTSQK1bNrd5vprGyPc64cw5vfPh
F0q8kFRhu6ZNGqlblw6OWpppySmpptp3aNvapnmijtXsINTfz1fPPvZnvfb3x031O3P2fKVt/Hx9
TY25e5/tu0JWGChoW9UeeeAuvfva8wrw97vsc9NvnWwoMLzYc6++owMRvztqeQAAADDplE29AAAg
AElEQVTgir9FJS8vT3PmLzHVZ8XPM9XVgbUGCgsLdd2YmxQdc8JQ+6joGO07GKGe3TrbPGdxsdHK
6iociYzW8RNxhsb0cHfXyKHX2bwmSerXu6fe++Qrw+0/+fI7TZk4RrVre5me6+tZc021HzdySLUd
wXCG/uHGdvF8+vWsStvcOGG0PEy+w+9I+Sbf7Q8wWGi3tHUbbQ/UqtL0Wydr1twFOng40lB7I/Uy
zO542b57n+JOJpguhHr2fKJm2lAw1tn69OxW7g1B7m5uev35v2n3/oM6d/6CofFycnL16DMva97M
TwwXfgYAAIB9rvgdHDv3HDC1vb1pk0bqaEdBv7LUqlVL40cPM9VnxVr7dp0YLTaanpFpeIfLDeNG
qkFwPbvW1feaHmoW2thw++iYE/rPd7NNz7Nt117TW8TNvkNb07UMa2qqQGJFhg6snttTivn5mdtd
YEt9iLiTCYbCHltkZNp/5fHF3N3c1KNrJ8Ptfby9K21jy5Ees7WNCgsL9c8Znyo9w7Hfj6rQuFFD
vfHCk6b6HDwcqVfe/tCuwtEAAAAw7ooPOJav+c1U+wmjhznlXfzr+vU21X7O/KXKzTV2bWt5jBYb
XbB0laF2k8YbL15aHi8vT/3htimm+rz01gdauGy14fbRx2N1/1+fMzVHqxZh6muwMKcrGT9qqN1j
NGpYXz0cFJTYqk6AuZtQduzeb6p9RmamHv/7a4avSjbrg8++0QOP/V3rNm5zWO2Jyo4VXaxRw/qV
tqlbJ1CtWpirQfPh5zN14NARQ20LCwv13r+/0nezfzU1R00ybuQQ039/ffvTL5ozf6mTVgQAAICL
XdEBR3Z2jul/WA7sH+6UtfTs1qnMs93lOXnqtN23iJgpNlqZRg3rO2ysGyeMMvW9kKR7Hn5aL7z+
nhJOny23TUZmpn6ct1Bjb7q7wnZlefCeadV6BMNZru17jd1jTJowWp6e5q8FdqTgenVNtf/mx3mK
io4x1Pb02XO6/6/P2VXvpTJWq/TLouW65f8e0uDxt+qdj77Qtl17bQ5UDh2JMlVA10htGYvFooH9
+5haR1ZWtqb/6XGt+W1zhbsUjh6L0T0PP61/zvjU1Pg10dOPPqD2bVqZ6vPMS//U71HHnLQiAAAA
FLvynugusnnHblPvcnp711av7rbXvaiIj7e3xo0cqh/mLTDcZ+nK9XaFCsXFRjdv32XzGMVumTzB
pjoYZQlpUF+PP3SPnn/tXVP9Pv16lj79epZGDLlW3bt0VHBQkLw8PZSYlKyYE/Gav6ToRhCz2rRq
rknjRpnu5wo6d2ynJo1DdPLUaZvHGD6o+m5PKWb25p6cnFxNf+Axvfb833Rdv95l7so6c+68Fi5d
rY++/NZ0IGaP6OOxeuv9z/TW+5+pXlBdjR81RNf06KpO7duqRbNQeXvXLrdvZlaWVq7dqBffeM/U
nN06GysQ26NrJ331/RxTYyecPqvb7nlE4b26a+TQ69SkUUN5e9dWSkqazpw7r1XrN2nbzr2mxqzJ
AgP89c4rz2rczXcb7pOekalHn31Fc77+UL4+5o8CAQAAwJgrOuBYtmq9qfZjhw+Wv8mz/mYMua6v
qYBj7oKlevqvDxg6P18eo8VGKzN2xBC7+pc27aZJ+unnRTp0JMp035VrN2rlWsfdwvDKs485LLyp
adzd3DRx9DB98p/vbepfPzhIvbp1cfCqzGsR1kyNQhqYCiKOx8bp1v/7i1qENVX/Pj1VPzhIVquU
lJyig4cjtXvfQSeu2JjEC0n65oef9c0PP5d8rHuXjmrZvKka1g+Wd+2isCM9I1MxcfHasGWHsrKy
Tc1RL6iurulh7M9w0IA+8vLytGlnybZde7Vt15UTZFSkV/fOevaxP+vVdz4y3Gf3voN6/d1P9Mqz
jzlxZQAAAFe3KzbgSE1L188Ll5nqM2zQACetpkj4Nd1NtU9KTtGW7bvtWleAv59uv+kGffzFtzaP
cU2PLurcoa3N/cvi7V1bM954QTfcfm+1Fhx84O7bNWiAc44l1RQDB4TbHHDcOH60vLyq93iKJLm5
1dJNN4zTjH8bv4Gn2PHYOB2PNXZTUE2w98D/s3eXgVFcbRuA7yQbdyNESUiA4E5wd3eH4hSHYi0W
3KEUKS1StLiUQilSoLgUdwghRggh7p79fvDRt0BkZiXJ7N7Xn/ctOZZJzmT2mXOe8xT3Hz1VWXtD
B/QUvGrAwd4OA3t1xead+1TWv6YaOagPLl27hcvX/xFcZ8vO/fCpXgUdRCadJiIiIiJhNDYHx5Ub
t0V/cK4tMgAhloO9HZrUry2qzh9nLijdbxeByUZz07trB+jo6Cg9js9VKFsaqxbOVHm7QrVoUh/f
ThxVaP0XlJpVKyl0QgYANCsC21M+6tejU4HkSenZpR1aN2uk9n4KgrNTcQzq001Unf49OxdYPppO
bVsUSD/qYGBggOXzvhV9BOyU2YsFHxlOREREROJobIDjj9PnRZWvW6s6nBwd1DSa/2nZtIGo8kf/
OKP09hJlko3qy2Ro0aS+Uv3npVPbFlizeLba2s9No3o+WLdsbpFYnaBuZqYmaNO8seh61laWqFWt
suoHpCA3FycMH9RHrX00ru+Dpb7TMLB3F7X2U1BWL5wJG2srUXXKlCoJ3+kT1DSi/5k1ZSzWL58L
B3s7tfelLh4lXLFo9hRRdeLiEzB51iKkpqapaVRERERE2ksjAxxR0TGCjz79qE2LgnljKzbQkJKS
ikvXbinVp46ODvr26KhQ3Y5tmqv9A0jvbh3wy/rlCq8yEKtzu5bY/MMSWFmKO3pUyhRZidG1Q6si
l5tkythhqOejmtN8PlfPpzp+XLkAJsbGqOdTA85OxdXST0HZsHK+wtuvBvXrjo5tmqt4RP/Tv2dn
jBzcF/r6+mjTorHa+ikI3Tq0Rs/ObUXVufHPPazasEVNIyIiIiLSXhoZ4Pj76k1kZGaKqqOqI1Dz
U9rLA6W9PETVOX7qnNL9tmzSQPRSagDo0r5gThdp26IxTh/Zicb11ZcPw9jYCAtnTsb6FfNEH1Mr
dbVrVhVdp3lj9a3cUZSJsTHWLvUVfCqIUO1aNsEv65f/u9rB0NAA/Xt0VmkfBcXV2RH7f1mHbh1a
K9yGTE/vw0khLVWbXBgARg8bgCVzpv67DaZBnZoq76Mg6ejowHf6BLi7uYiqt27TDpw+f0lNoyIi
IiLSThoZ4Pj9pLjVGx4lXOFdylNNo/mUjo4OOrQSl2Du9z//wvvIKKX6/ZhsVAwHezvUr11DqX7F
8HR3w66fv8f6FfNU/vPo060jLvy+B8MG9srxyFBNV7yYvai3+ZYW5vCpXnS2p/yXs1NxHNi2Ht07
tlG6LWNjI/hOn4Cf1yz+IgDYvlVTpdv/qGbVSqhU3ltl7eXE0NAA40cOwp8Ht6skca65mSl+Wr0Q
s6eOU8lWrlKe7ti5cRXmTB0HfX39f/+9KG2DUpStjTVWLpghut6U2YsREhqmhhERERERaSeNC3C8
DQsX/VasY5vm0NMruEuhyBvLvy/fULrf9iLfxvbp3qHAtyjoy2To3rENzhzZgS1rl6JT2xYKJzws
5emOaRNG4tqZw/h+8SzRb1g1TetmDQWX7dKupVLHE6ubpYU51i7zxf5f1olO3At8yC8yetgAXPpj
P0YN6Zdj0KuUp7tCbeekeeN6OH14B84e2YlvJ45SaEVNbmrXrIolc6bi5l9HMeOb0bCztVZZ2/r6
+hgzbAAuntiHscMHKrQKrHqVCvhhyRycPrwjxxxE9nY2kl/FAQD1a9fAxFGDRdWJiIzG1DmLkZ4u
/lheIiIiIvqSTmpKhrywB6FK/gFBuP7PPVF16tSsCk+PEmoa0ZfS0tJx8NhJUXWcHB3QtEEdpfo9
fuochk/4TnD5s0d3oWK5Mkr1qQoxsXG49+gp/PwD8PTFKwQGv0F0TCzeR0QhKysLlpYWsLW2grub
C9zdXOBdyhPlvL1Q2tMDuroaF8Ojz8jlcvj5B+Lewye4dfcBgkJCER4RiTdv38HI0BBWlhZwKl4M
7m4u8CrpjsoVvFG5QllBR6e+ex+BmNi4XL9uZWEBx+LFFBp3TGwcnjz3g39AMILehCLs3XuEhb9H
dEwsYmLjkJiUjJSUVJiZmsDczBT2drYo7mAPFydHuLs5o7RnSXiXLonixewV6l8RScnJuPvgCR4+
eY7nL/0REByC0LBwxMbFQ18mg62NNdxcnFDa0wPlvUuhWuUKKOXpnu8pTBGR0UhMSsqzTDF7W8HH
3QJAenq6qJO0zExNYGCg3EqVzKwsxCuQFNrczPSTVS1EREREpBiNC3BQ7kZPmY0jx08LKlu9SgWc
2LdVLcfDEhEREREREakaX29riXfvI3D8T+HJSnt37cDgBhEREREREUkGAxxa4o/TF0SdLNOiSdE7
QYOIiIiIiIgoNwxwaIG4+ASs37xDcPmuHVoV6L5+IiIiIiIiImUxwKEF1m3agbDwCMHlu3VorcbR
EBEREREREakeAxwa7sTp81i/eafg8qU83dGwbi01joiIiIiIiIhI9Rjg0GC//XEGo76ZJarO8IG9
eVwhERERERERSY6ssAdAqvfqdSB+2rYHuw/8JqqetZUlOrZprqZREREREREREakPAxwS9MvuAzh3
6Tq8S5WEjbUVTIyNIJfLERkVgxu37+ParTsKtTtz8hhYWVqoeLRERERERERE6scAhwSlpWfg3MWr
OHfxqsrarFWtMnp1aaey9oiIiIiIiIgKEnNwEAwNDTB/xiTm3iAiIiIiIiLJYoCD8P2i2ahSsVxh
D4OIiIiIiIhIYQxwaLkp44aja4dWhT0MIiIiIiIiIqUwB4cWmz9jEoYP7F3YwyAiIiIiIiJSGgMc
WsjezgbL532HNs0bFfZQiIiIiIiIiFSCAQ4tM7hfD0waPQTF7GwLeyhEREREREREKsMAhxawtrLE
gF5d0LldS5Qr41XYwyEiIiIiIiJSOQY4JKhZw7owNjLEq4AgvHodiMioGERFxyA2PgFODsVgb28L
5+IOqFKpHCp4l0bF8t4wMzUp7GETERERERERqY1OakqGvLAHQURERERERESkDB4TS0RERERERESS
xwAHEREREREREUkeAxxEREREREREJHkMcBARERERERGR5DHAQURERERERESSxwAHEREREREREUke
AxxEREREREREJHkMcBARERERERGR5DHAQURERERERESSxwAHEREREREREUkeAxxEREREREREJHkM
cBARERERERGR5DHAQURERERERESSxwAHEREREREREUkeAxxEREREREREJHkMcBARERERERGR5DHA
QURERERERESSxwAHEREREREREUkeAxxEREREREREJHkMcBARERERERGR5DHAQURERERERESSxwAH
EREREREREUkeAxxEREREREREJHkMcBARERERERGR5DHAQURERERERESSxwAHEREREREREUkeAxxE
REREREREJHmywh4AaZbL1/9Bj0FjBJffs3kNmjasq8YRERERERERkTbgCg4iIiIiIiIikjwGOIiI
iIiIiIhI8rhF5TOxcfF4+OQ5/PwD4ecfgJC37xD69h1iYuMQGx8PQwMDmJubwd7WBs6ODnBzcUJJ
dzd4eZSAd2lPWFtZFva3QEREREQa5Pipczhz/rKoOjWrVcLA3l3VNCIioqKJAQ4AScnJOHvhCo6e
OIPT5y/lWTYtLR3xCYkIffsO9x89/eLr9WvXQJvmjVHXpxq8S3lCR0dHXcMmIiKRQkLDULNpJ8Hl
e3Rqi3XL56pvQEREAkRERuHgsZOi6jg7OahpNERERZdWBzhSU9Ow9/DvWLtpB8LevVdJm1du3MaV
G7cBAKU83dGtQxt0aN0Unh4lVNI+EREREWkXM1PTAqlDRCR1WpuD4/Gzl+jUbwS+m79CZcGNz/n5
B2Lpmo2o17oHBo6ajD/OXEBySopa+iIiIiIizWRiYiS+jrH4OkREUqeVAY4Tp8+jQ59hePD4WYH1
eeb8ZQwdNx3+r4MKrE8iIiIikj4TY2PRdUxNTNQwEiKiok3rtqgcO3kWIyfNLJS+69eugYrlvQul
byIiIiKSJmMjBVZwmIgPihARSZ1WreC4c/8xxn87r9D6H9CrS6H1TURERETSpEiwwpQBDiLSQloT
4EhMSsaU2YuRlpZeKP072NuheeN6hdI3EREREUmXIis4FKlDRCR1WhPg2Hv4dzx7+arQ+h/Ypyv3
QhIRERGRaMYKJAxVpA4RkdRpRYAjOSUF6zftVLodaytLhet2ad9K6f6JiIiISPsolINDgcSkRERS
pxVJRq/euIPwiEjR9Xp2aYduHVqjXJlSsLG2gp6eLjKzspCUlIzYuHj4BwbDzz8A9x4+xenzl5CS
kppjOx1aN0PJEq7KfhtEREREpIWMjQ0VqMMVHESkfbQiwHH5+j+iyluYm2HTmiVoXN/ni6/J9PRg
aWEOSwtzlHB1RtMGdQAAScnJuHX3If76+woO/nYS8QmJ/9bp072jct8AEREREWkt5uAgIhKGAY4c
rFs+N8fgRl5MTUzQpH5tNKlfG99OHIWLV29i/9ETeB0Ygga1a4hqi4iIiIjoI11dXdjb2SAiMlpw
HUVWfRARSZ3GBziSU1JEJRdtUKcmWjZpoFSf5mamaN+qKdq3aoqY2Djo6+sr1V5eMjIz8fylP548
e4nnfv4IDA5FUEgoYuPiEB0bBzNTU1hZWsDVuThKuDqjtGdJlC3jiUrly8LMVDOSniYkJkEul4uq
Y2JiDJmentJ9R0RGIygkFEFvQhEXF4/EpGQkJCYhITEJwIfVQOZmpjAzNYFDMXuUKukOdzdntf1O
ZGVlI/hNaJ5ljAwN4Vi8mKD2nr54hWs37+Duw8d4+SoAoWHhyM7OhrWVJZwdHdCgTi1MHDVYFUNH
fEIigt+8RWBwCCKjYpCUnIKExEQkJiUjPT0DZmamMDc1hbmZKWysrVCqZAmU9HBTa/Le6JhYxMUn
5FnG3s4237mUnp6Ox89e4u6DJ3jx6jVevgpAeEQkIqOioaenBxtrK5RwdYK7myvKe5dC1UrlUba0
F/T0Ci5NUmZWFgKDQvDc7zWePveDf2AwYuPiERUdg/CISKSkpMLG2grF7G3h6uwEZ0cHuDo7wdW5
OFydnSCTKTafLC3MYWNtpeLvhlSJ95WCI/V5WBSv99uwcKSl532CnquLU77PBHHxCbj/6CnuPXwK
P/8A+L0ORFRMLKJjYmFmagJba2uUcHWGV8kSKO9dGjWqVoSbi5MqvxXYWluLCnAYGXIFBxFpH40P
cETHxIoq37JpA+jo6Kisf2USk+bFzz8QR06cwqFjfyIkNCzXcmlp6YiKjoF/QNAn/25maoKObZqj
R6e28KlRBbq60sw3e+C3kxg/fa6oOj27tMOqhTMV6i8oJBTXb93FxWu3cOvuA4S+fSe6DTNTE9T1
qY6ObZqjReP6sLQwV2gsOUlMSkKdlt3yLOPu5oLrZw7n+nsul8tx5cZtrNn4C67evJNjmbj4BAQG
v4FDMTuFxxodE4sbt+/j0rVbuHn7vsKnHNWqVhltWzZBu5ZN4OrsqPB4crJr/1Es+X5jnmXmz5iE
EV/1yfFrYeEROPjbH9i1/2ie8zQuPgEBQSEAbv77b96lPDGkfw9069harQ//wW/e4vc//8KOvYfz
HCPw4bjt4DdvcfveI5X17zt9AkYN6aey9oqC+IRElK7RVHD5McMGYPbUcQr3FxEZjYr1WgsuP3X8
CEweM0xwed5XVHtfyYlU56EUrvf4b+fhyo3beZY5vm8LalatlOPXHj19gf1HT2Df4eNITErOsUxK
SioiIqPx3M8fp8//798b1/fB4H490LxRfZUErK2sLASXtbezKdAgORFRUaHxAY7U1DRR5e1tbdQ0
EtUICgnFqg1bcODoH0q1k5iUjD2HfseeQ7+jbq3qmPHNaNSoWlFFoywYf/19VXRwo1XThlg+91vo
y4T/6oe9e4/fTp7FidPncOf+Y5Gj/FJiUjLOnL+MM+cvw8zUBH27d8LoYf1RvJi90m0LERj8BsFv
3qKEq/MXX4uMisGcJatx5PhpQW3ZWluL6jsxKRknz/6Nk2cu4NS5i6Lq5ubW3Qe4dfcB5i5dg/at
mmH8yK9Qqby3StoW4uyFK18EODIyMrB190Gs3rDlk3w8Yjz388c036X4edseLJ4zFY3qids2l5/3
kVFY+v1G7Dn0u0rbJe3E+4pipDgPpXy9c3P91t0vAhxR0TFYsXYTtu89rHC7f1+5ib+v3ETj+j5Y
PGea0gnnLc2FvxARO4+IiDQFQ7ufic1nOXphkcvl2LnvCJp16qd0cONz127dQfveQ7F0zUbRAaHC
cvPOfQyf+J2oOrVrVsXaZb4wMhK2J/XJcz/MXLgStZp1xrxlP6gkuPG5xKRkbNqxFy26DMCR46eR
nZ2t8j5y8ujpixz/rVPf4YI/hAAQvKQ5LDwC6zfvRL1W3TF++lyVPRR/7sTpc2jZdSBWrtuMpOSc
37Sp2uXr/3yyZDgiMhqDxkzD3KVrFA5u/Jd/YDB6DRmHn7fvEb0VKzd//nURrbp9JakPVVT08b4i
jtTmodSvd15On7/0yX8/evIcHfuOUCq48V9/X7mJNt0H5bp6SShzM1PBZS0tVbc6lIhISjQ+wCH0
w+xHd++rbsmnqqSkpGLK7MWY5rs01+WRqrBm4zYMGTsNsXHxautDFZ6+eIUhY6fneixvTsp7l8Km
NYsFbwd5+uIVmnXqh627DiAjM1PRoQoWERmN0VNmY/rcZUjPZ6+wKtx7+OSL/+49dDz8A4NFtWMt
YLlsWlo6OvYZhoUr1yt0XLMiVq7fjF5DxuHd+4gC6e+few8BfFiuPXTcdJy7eFXlffguWYNfDx5T
qg25XI71m3di8JipCHv3XkUjI/qA9xVhpDgPpXy9hbhz//G/W04fPXmO3sMmfLG1V1lx8QnoO3xC
joFAoczEBDhUuP2ViEhKND7AITZp1oHfTuK5n7+aRiNeSkoqJnw3X+kPNkKdv3wdg8ZMzTexYmEJ
CArBoNFTEBUdI7iOm4sTtq5bhmJ2toLrlCvjhTbNGykyRKXs2n8UsxatVvtKjkvXbv37/4PfvMWQ
sdNEXdOPrCzz/yBiaGiAEYNyzlGhTrfvPcKg0QXzu3zlxm1kZWVj+txluHX3gdr6mblwpVIPx7v2
H8XCletVOCKi/+F9RRgpzkMpX2+h/rn3EJFRMRg+cYZCv7dCpKWlY/z0eQp/P2JWcFiYmSnUBxGR
1Gl8gMPE2Fj0Ps4xU+YUibcq2dnZmLVoFX7/868C7ffGP/cwzXcpMrOyCrTf/Lx7H4EhY6cj+M1b
wXVsbayx/ceVcHdzEd3f14MLJ/Hhzn1HsO/ICbX28ejpC7x7H4H09HSMmz4XYeGKvSGzshSWRLdH
p7ZqS7ibl/uPnmLOku/V3s/xU39h7DRfHD91Tq39pKWlY9KMBQqt8nn09AWm+S5Vw6gUpy+TwYrL
qDUG7yv5k/I8lOL1FmPTjn0YOWkGAoPfqLWfZy9fYcW6TQrVFZNwWsxqDyIiTaLxAQ4AaFy/tqjy
T577ocuAr9WSc0GM7XsOFdjKjc8dO3kWu/YdKZS+cxIXn4CRE2eKytBubGyEX9YvQ7kyXgr1Wat6
ZTQR+bujKgtWrMP7yCi19vH0uR927juKm7fvK9yGpYWwN0RWlhYYPbS/wv0oY/+RE7h49Wb+BZUQ
ERmNoyeE5xhQxuNnL3H+8nVRdbKzszFv2Q+i6tjb2WDGN6NxbM8mXD9zGLfO/YZTh7Zjqe80lPJ0
F9XWf/lUr4LpE77GoR0/4smNM+jTraPCbVHRw/tK7qQ+D6V2vcW6++Cx0jkyhNqx5zDehoWLrmdq
aiy4bH7HlxMRaSqNP0UFABrWrYW1P28XVScw+A3a9RqC0UP7Y+TgvnCwV/zYOkX4BwRh3vK1ouu5
OjuifaumKONVElZWFkhJSUVYeATOX7qW7zFpn5u/Yh2aNaqn8nPcxUpOScHYab64eUfcA/PPqxfB
p3oVhfvV0dHB10P64cKVGwq3oaiY2DjsP3IC40Z8pbY+Jnw3X+kkmBYi9vj27toBP/y0Ta15ZHKz
8ZfdaFi3lkqPgC5MW3buR6umDQV/P9f/uSdq/jepXxtrl82Fvd2np0q5uTihSsVy6NmlHXyXrMGu
/UcFtWdpYY61y3xRrVKFL9okzcL7Su40YR5K6XoXZRmZmdh/9A9MGj1EVD0TY+EBDnUeL05EVJRp
RYCjds2qqFC2NB4/eym67o9bd2P3gd8wbsRX6Nejk+icHopavPpHpKUJX4ZuZmqCOdPGo3fX9jAw
MPji66OH9sejpy+waNV6/H1F2FuQlJRU/LRtDxbPniJ4HKqWkZGBaXOW4uyFK6LqrV02Fy2bNlC6
/wZ1asKnRpVc30Z6lHBF04Z1ULFsGXiX9kQxO1uYmZnCxMQYaWlpeBcegTsPnmDzjr2icyfs2n8U
Xw/pJ+pIWzH+e/KHosQcWWdvZ4ORg/pi1YYtObdlYY5WzRqiSoWy8C7tCVdnJ5ibmcLMzBSZGZmI
jonF42cvsefQ76Kz9/995Sb8/ANR2stDVD1VaVTPB3VqVoOtjRXMzUwRF58Iv9cBOP7nOYUS9l25
cRuvA4Ph6VFCUPljJ88KbtvNxQk/rlqQ51J0E2NjLJ4zFQFBIYI+sMXFJ8DUxITBDS3A+0ruNGEe
Sul6q5KxsRHatWiCsmW8YGttBQMDA8TExuH2/Uc4efaCqOe1j/YcOoaJowaLCtiYmohYwWHGAAcR
aSetCHDI9PQwafRQDB03XaH68QmJWLRqA37atgdjhvZH724d1BrouH3vEf44c0FweWsrS+z8adUX
Z7h/rmK5Mti+YSWm+S7Bgd9OCmr7l90HMHbYADg5Oggej6pkZ2dj7rIfcOj3P8rnPWYAACAASURB
VEXV850+AT07t1XJGHR1dTFm6IBPAhylvTzQvWMbNKrngwply0BPL+edXjITE3h6lICnRwl0bN0M
81eswy+7DwjuO/jNWzx59hJVKpZT+vtQFwtzcXt8+/fsjPVbdv77MGhrY42enduicf3aqFWtMoyN
jXKsJ9PTg5OjA5wcHdCiSX3sPXwc38xcKKrvqzdvF/iD8ZD+PfOcP99NGoVN2/dh2Q8/iW77yXM/
QQGO9PR0UR+spowdLmifvb5Mhiljhwt+I711137Ur11D8DhIe2nifUWT5qEUrreqmJmaYMY3o9G9
U1tYmH+5dWrogJ54GxaOhavWizoKGQBCQsMQFBIqKkeYmBUcYsoSEWkSrQhwAECb5o3QtkVjnDz7
t8JtREXHYP6KdVi3eSe+HtwXfbt3UssbyZ37xeW+WDJnar7BjY+MjAyxxHcaXrwKwIPHzwTV+ePs
BQwf2FvUmITK6xjf1Ru2Yusu4QEBABg/chC+HtxX2WF9ommjuqhSsRxKuDqjT7eOqF+nBmR6eqLa
MDIyxNzp4+EfECRqH/HjQgxwdG7XEnVrVUPFcmXgYG8HU1MTmBgbIT0jAwmJSQgKCc1xtVBeHIsX
w9ABvXD77kMM7NMVrZo2FJUVHviwdahv9454ExqG1T9uFVzvzv3HGNyvh6i+lLFl7VK0b9U0zzKm
JiaYNHoITEyM4Ltkjaj27z9+ho5tmudbzj8wWFTG/maN6gouW6NaJbi5OAlK/PvnXxfxNiy8UIKl
VHRo631Fk+ahFK63KjgWL4b9W9flG1BxcnTAmsWzIZdDdC6mpy9eiQtwiFjBIWa1BxGRJtGaAIeu
ri4WzZ6KB0+e/3vWuaJiYuOw5PuN2LBlF74e0g9f9e4KWxtrlYwzIjIaR0W8BWjasC46tW0hqg9T
ExP4Th+PrgNGCSp/4tR5tQU4ctsjunXXAaxcv1lUWwN6dcG0CSNVvj9XpqeHwzt/VHo/q4GBAUYN
6S8qwOEfEKRUn4oYPbQ/BvTqAo8Srjl+XV9fH6YmJihezF6h9qeMHQZjIyOlf06D+/XAxm2/IiUl
VVD5B0+EBfRUYanvtHyDG/81dEAv/HH6gqgjZh8KDFCGvhWeyK5SeW9R9zKZnh5q16wq+GSjR89e
MMChpbT9vqJp87CoX29l6ctk+GXdMsGrRQwMDDB7ylicOndR8PcCAH7+AUCLxoLLGxvlvDomx7K5
rKQhItJ0WnGKykeODvbYvGaxym768QmJWP7Dz2jYrje2/XoQqalpSrd56fotZGRmCi4/pF8PhR4w
ateoKnhlwM0799V2bG5OWb6PHD+NmQtXimqnQ+tmWDhzsuiVFUKpKlmXT/XKMDQU/nZSzJG4ynIs
Xgz7f1mHOdPG5/ohRBVMjI1VEoSyt7MRdcqNn3+gQserilW7ZlX079VFVB2Znh6GDugpqo7QU3Yi
o4TnRPAu7SlqDADgJTAPCAD4BwSLbp+kjfeVDzRtHhb1662ssSMGomql8qLqODk6oF+PTqLqiFnV
AwAmJsKfX5lklIi0lVYFOACgWuUK2P3z9znupVRUVHQMvpu/Ah37Dsf1W3eVauuqiAzrxsZGqOtT
TaF+dHV10a5lE8HlX/oHKNRPfkw++wN88859TPh2nqg2GtSpidWLZokKHBQWY2MjUQ9NsXHxahzN
/1iYm2HnxlVoVM+nQPpTlQrlyogqnyzizZqihg3oqVCgrW6t6qLKCz1iMCVV+PcsJrnjR2KOIhT7
ME/SxvvK/3Ae5q4o3scVPb66aYM6osrHxIr7Gy9qBYeIskREmkTrAhwAUM+nOg5u3yD4BAKhHj55
ji4Dvsb8FeuQnJIiun5WVjZOn78suHzTBnWUSiJVsZy34LJ+/oEK95OX/+4RDQuPwLhpc0WtYKlc
oSw2rlooev9vYbK3FZ63JSlZ/O+RIlYvmoWKIh8yiwIrEcdJAkCamt/8GRoaoEGdWgrVtbezEXVP
SkxKFrRqTFdXeLBFV1f8nwQxdQrizSsVHbyv/A/nYe6K2n28Sf3acHNxUqhuKU9xCVBjYuNElRez
AplbVIhIW2llgAP48MH4t90/o2eXdipv+8ctu9B7yHgEhYSKqvf2XTiiomMEly9b2kvs0D5R3MFO
cNnQMOXyluTmY8Ks9PR0TJ65UNSWDE93N2xdtxR2tqrJf1JQjAxzT6z6uezsbDWO5IN6PtXRVsQe
4KJEbDJCuVyuppF8UL92TViKfFj/L7EfBtMzMvItY2oqPAgaGy9+xVBiUrLgsszqrz14X/kU52Hu
itp9vEFdxYLUwIctWWKOdk9LE7e1WdwKDuHPGkREmkRrAxzAhzema5f6YtdPq1V+7Nituw/Quf9I
PHr6QnCdwOA3ovpwLF5M7LA+IWYZbKjA5fBiONjb/buUf+X6LTh/+bqouts2rICLk6PKx6VtRg7q
q9AbQ/pS9SoVlKpvZWmhopH8j5gVQ89f+otu/3Wg8P38xeyFB1VJ2nhf+RTnoXSU9y6lcF2Znp5a
X7qIWZUh5sQVIiJNojWnqOSlRZP6qF+7BvYe/h3fb/wFEZHCk4HlJezde/QdPgEHt2+Ad6n8k4a9
ex8hqv3JsxZh8qxFig5PlPgE1e/ZLWZvCwA4cfoc1v68XXA9M1MT/LJ+ucqDUkJkZ2cjICgErwKC
4P86CG/CwhH69h0ioqIRERmFxKRkJCYmidpmU9hqVK1YaH2HvXuPl/4B8A8Iwpu37xASGob3kVGI
jIxGfGIiEpOSRWWkL2wllUyiKGYfvVAl3d0El33w+BneR0ahmJ2toPKZWVm4JiLvkLubs+CyJG28
r3xKk+dhUbzeylB0e8pHNtZWCAsX9zwnlL5MBgtzM8QnJOZbljk4iEhbMcDx/4yNjTCkf09069gG
+4+ewIbNuxAeEal0uxGR0RgxcQZO7Nuab2JTVQVW1CE5WfUPJ7Y2Vnj5KgDfzBQXpFk271ul35SL
kZmVhdt3H+LUuYv448wFhISGFVjf6la3VnXYWFsVaJ/P/fxx5vxlnDh9Hg+fPC/QvtXNQck3o3pq
OAXIxak4vEt54rmfsLfCp89dwgCBp8DcunNf1MqzcmUUfzNK0sH7ypc0bR4W9eutDDsRq21yoo77
+H/Z29oIDHBwiwoRaScGOD5jaWGOEV/1Qe+uHXDo2Ems27xT6SNSX74KwI9bd+HbiaPyLFdQJ2Yo
Qh1JvZKTUzF2mq+gP9T/dezkWXRs01zUPldFZGdn48+/LmLtz9vx4PEztfZVWFycixdYX/cfPcW6
TTvwx5kLBdZnQbNUwxYTZeno6KBrh1ZYvPpHQeVXb9iCVs0a5vv2OD09HSvXbRE8jlZNG8LeTrkP
DiQNvK98SVPmoVSut6KMjY2KfNJyK6v8/86YmZpAX1+/AEZDRFT0cINsLizMzTCkf09cPnkAS+ZM
VTrfxZqN2/DqdWCeZYSciFBY1JHU69bdBwq9+Tlz/jJ+3rZH5eP5r3fvIzBk7HQMHTddY4MbAGBn
o/4ErampaVi8+ke07j5IYx+KP1LHFhNV6NK+leCAYFh4BL6eNCvPLXPJKSmYtWg1rt26I3gMvbt1
EFyWxJFDvUkXxeJ9JWdSnodSvN6KcHJQ7lmvIFha5B/gUHY1IRGRlDHAkQ8zUxMM7tcDF0/sw+yp
45T6AHP4+Kk8v17Ujm4ryhauXI8b/9xTS9v+gcHo0v9rnDp3US3tFyViTnRRREJiEkZMmiEqx4qU
GRgUzTdmrs6O+HpIP8Hlr926gyYd+mLNxm24eec+AoJCEBIahodPnmPH3iNo13Modu47Iri9GlUr
okWT+ooMnQTIyswq7CF8gveVnEl1Hkr1eivCtIgGqf8rv+3OgLBVHkREmopbVASyMDfDmGED0Llt
CyxavQFHjp8W3cbOfUcxYeRgGOWyL1JXzfs2Nc3EGQtwfO8WlS57j46JxcCvJyMgKERlbWqrrKxs
TPNdijPnLxf2UAqMnm7RncPjRnyFv/6+imcvXwkqHxMbh6VrNirdr75MhiWzp/57YhKpnpDjgjWF
1O8rUpuHUr/eYunrF/3HYiFbaMSckkdEpGmK/p28iHF2Ko71y+ehRpWKmLFgpai6UdEx8PMPQMXy
3jl+PbfAB+UsMPgNZixYgY2rF6rsw9OiVRvgHxCkVBvOTsVRxqskzM1MYWZq8sVRiVdu3NaKAMrh
3//E0RPiA4H/ZWlhjorlysDK0hKmpsYw+GxP8Uv/ANy8fV+pPrSFhbkZNqycj15DxhZoQuPVi2fl
es8j1UhKTinsIRQYqd9XpDYPpX69NZGQlcTmAlZ5EBFpKgY4FKCrq4sh/XvC1MQEE76bL6ruk+d+
uT5kmIg43xz4sNxU3UuBP3IsovtSj586B5/qVTBsYC+l23r05Dl+PXhMdD19mQwDendF88b1UKVC
2XxPDxg3ba7GBziSkpOxbO3PCtVt3awROrdrgVrVKqO4g/0XAaL/2n3gNz4Yi1CujBd+3bQGIybO
EHXqgqJWLZyJHp3aqr0fbRcbF1fYQygQmnJfkco81JTrrWl8p0+A7/QJhT0MIqIiiwEOJfTq2h73
Hj7B9r2HBdfJ64hRsUmhls/7DuXKeImqIwV1a1UXlTRt3rIfULVSeaWPjj2iwFuqej7VsWLBDJQs
4apU35rmwuUbCH37TlQdx+LFsHapLxrUqammUREAVCrvjWN7NmHB8nU49PufaumjYrkyWDhrMnyq
V1FL+5omOztbqfrvI6JUNJKiTZPuK1KYh5p0vYmISHswyaiSvurbTVT52Pjcj4IVG+CIiNSsh1p7
Oxvs/2Uddv28ClUqlhNcLyMzExNnzEd0TKzCfWdlZeP3U+dE1aldsyp2bFzF4EYOLl27Jaq8pYU5
Dm3fwIfiAuJgb4f1K+Zh8phhKm3XzNQE0yd8jWN7NjG4IUJyinJbTAKC1L8KoCjQtPtKUZ+Hmna9
iYhIO3AFh5I83d2gL5MhIzNTUPmEhMRcv+bu5iKq74CgEDSq5yOqTlFVrXIFbFgxDx7/HyxYuWAG
2vUagrQ0YSfL+PkHwnfJGvywdE6eS2FzExL6VvSbqvnfTVLoVJ3UtKJ7HLCqiH0wnvHNGHh6lBDd
D08eUkx0TCwWrlyPPYd+V0l7tWtWRd/undCqaQNYWjC5nVixcQlK1b/78LGKRlK0adp9pajPQ027
3kREpB0Y4FCSgYEBTEyMERcv7AHVMI+cGe5uzjA2NkJKSqqgti5cvoFBfbsLKluU9ezcFgtnTfnk
6LMKZUvDd9p4UYlcDx47iVrVK2NAry6ix/D2Xbio8tUqV0DFcmVE9wMAYeHvFaonFfEJiaL3lbdu
3lChvqKiFV+1o62evniFkZNmwM8/MNcypb08oKujC/+AIGRkZsLQ0AAO9naws7WBlaUF7O1sUK6M
F8qW9kJpLw8UL2ZfcN+ABOjLxP1pffzspcJ9xSckiv4gKkWadl8p6vNQ0643ERFpD40PcNx/9BQV
y3lDT089u3Hi4hMEBzeAvM8vNzAwQPNG9XBc4FaJ85eu4c3bMLg4OQruv6iZOGowpo4bmePPZ2Cf
brh49RZOn78kuL1Ziz5sbxEbfEhITBJVvlrl8tDR0RFVB/jw0Pjo6QvR9aQkKSlZVHk3FyfR27M+
uvtAO95cq8qzl6/yPb2hY5vm+H7xLJiaiF+dRB8YGRmKClb7BwQhMioGdrbWovu6cuO24JVuUqZJ
9xUpzENNut5ERKRdND4HxzTfpWjXawgO/HZSVCBCKLGZv11dnPL8evNG9QS3lZGZiV9+PSSq/6Km
VrXKuQafZHp6WDJnKuztbAS3l5aWjkkzFoj+WWdkCNti9JGVpYWo8h9d/+euxn8YyczKElVe0RN6
wt69x4UrNxSqq43S09Mx4dv5eX6oMjM1waJZUxjcUJKOjg6cRP5e37h9T3Q/WVnZ+GX3AdH1pEhT
7itSmYeacr01XUZGBmJi4xATGyd4qzQRkabT+AAH8GEVx/jpc1GzaSf4LlmDO/cfi/7jnZOk5GSs
2rBFVJ1SJd3z/HrDurVELW/evH2vqBNHxJLL5WprWwgnRwcs9Z0uqs7jZy+xcOV6UWM3MzUV1Ud8
fO65VHKTkZGBH37aLrqe1JiaGIsq/17BZLmbd+5TqJ62unj1Fh4+eZ5nmepVKooKKFLu7O1tRZXf
vucQsrLEnaZy4LcTuHLjtqg6UqUp9xWpzENNud6aKD09HUdPnMaAr7+BV/UmKOvTAmV9WqB0jaYY
MnYa/vzrouh7CRGRJtGKAMdH8QmJ+Hn7HrTrNQSN2vXGDz9tw90Hj5GRkSG6rXfvIzB68hw8ePxM
cB19mQwVypbOs4xj8WLoLuK8+ozMTIyZMgdPX7wSXCc/crkc9x4+wexFq3H0xBmVtauodi2biM41
smv/URw8JvzoPXMzcQGOS9duiXqAkMvlWL52k1YsxRWbeDUgKARBIaGi6pw6dxE/bt0tqo62u/Pg
Ub5lnr7wQ9g7zc4RU1AqlfMWVf7KjdvYe1h4ssnzl65h2pylYoclWZpyX5HKPNSU661pYmLj8NWo
KRg1eTbOXrjyyYrQlJRUnDz7NwaPmYqx03wFb5EjItI0WhXg+C//gCAs+X4j2vYcgmqNO2DCd/Ox
+8BvuHnnPsLCI3Jc6hcXn4A79x9j5brNaNSut6jcEADQtWNrQZnNv+rTVVS7YeER6NxvBI6eOK3w
yhS5XI6XrwKwa/9RdOgzDG16DMbmnftUstJFFb6bNArepTxF1Zkxfzle+L0WVNbG2lJU28/9/HHs
5FlBZVNT07Bo1Qas27RDVB9SZWBgALd8tmJ97uftewWtuJHL5Th47CRGTZ6t6PC0VnRMXL5lIiKj
0b7PMPy4ZRdu33uEsPAIpKSk8m2gAqpWEn7U9UdTZi/Glp378zxVIjomFku+34i+wydq1ZJ0Tbmv
SGUeasr11jQzFqwUtKXn6InTWPbDTwUwIiKiokfjk4wKEREZjf1HTmD/kRP//pu+TAYXZ0eYm5ki
OzsbUdExCAuPUKqfXl3aCSpXpWI59O/ZGbsP/Ca47fiERIyaPBs/b9+LoQN6okaVinB3c8k1EWZM
bByC37xFUEgonjz3w8mzF/LM5l7YLC3MsWrhTLTrNURwncSkZEyauRAHt6/Pdy9zCVdnODsVF3VU
7KSZC5CYlIRuHVvn2H5iUjIuXL6ODVt24f6jp4Lb1QRNGtTGjr1HBJf/ZfcByPT0MHbEQBSz+3Jp
f0ZGBu4+eIItu/YLTsJLnxIaxAt9+w7zV6wT1ba+TIbiDvawsbaCjZUlvEq6o5y3F8p4lUTF8t6i
TxXRBOW9816tl5tZi1Zh268H0aFNM3h6lICFuRmSklIQFRODW3ce4NRfF7UqsPFfmnBfkdI81ITr
rUkePX2BoydOCy7/07Y9GNS3O9zdXNQ4KiKiokf7njoFysjMREBQiMraa9W0IerUrCa4/OSxw3Hu
4lXRQZX7j55i3LS5AABHB3u4uTjD1sYKwP9OfImIjEZ4RKSodouC6lUqYObkMVi0aoPgOncfPMaS
7zdi4czJeZbT1dVFs4Z1sXOf8Ie5tLR0TPNdimU//IwGdWrC1dkRMpke4uI/HK93+dotrf0gUqNq
JVEPxgCwacdebPv1IBrUrYUyXh4wMTZGYlIy3r2PwKVrtxATm/+bT8qdT42qALappe2MzEyEhIYh
JDQMAD55w+hRwhX9e3ZG1/at4FhcsUSEUlTK0x0+1avg5h1xiagBwD8wGGs2qudnJWWacF+R0jzU
hOutScQmtf9YhwEOItI2DHAUAAtzM/h+O0HUsaKODvZYuWAG+o2YpHC/YeERSq86KWpGDuqDS9du
4fL1fwTX2bJzP3yqV0GH1s3yLNe8UT1RAY6PoqJj8NsfhZ+rpCip71MDhoYGok+MycjMxPlL13D+
0jU1jUx7NahTE/V8quPqTfUlJc5JQFAIFqxYh/Wbd8J32nh079wWMj29Ah1DYdDR0cHQAT0VCnBQ
zjThviKleagJ11uTBIa8EV0nIFh1L+qIiKRCa3NwFKTVi2ahZAlX0fWaNaqHpb7T1DAi6TIwMMDy
ed8KymXyX1NmL4Z/YHCeZZo2qouK5cooMzxBKpYrg3EjvlJ7P4XJsXgxDBaZGFYRZqYm8J0+Qe39
aAKZnh5WLZwJDwXuRaoQExuHiTMWYLrvUq1Z2dSySQN4epQokL7atmgMC3OzAumrsGjCfUVK81AT
rrcmSU5OUaAOE40SkfZhgEPNVi2cifatmipcf1Df7lgw8xsVjkj6PEq4YtHsKaLqxMUnYPKsRUhN
Tcu1jExPD5NGD1V2eHlydLDHpjWLMfyr3hqfl2BQ3+5q/8C1YeV8fD24L2pVq6zWfjSFu5sLft28
Jt/TnNTp14PHMG/ZD4V+BHVBMDIyxA9L5qh9rrdq2hA/r1mM1s0bqbWfokAT7itSmoeacL01hdgX
OwBgYaHZQU8iopwwwKEmlhbm2LZhBfr16KR0W8MH9saWtUsV+uOmqbp1aI2enYUfpwsAN/65h1Ub
tuRZpm2LxhgzbIAyQ8uVY/Fi2PnTaniUcEUxO1t07dhaLf0UFe5uLlizZI7a2l+/Yh5aNW0IHR0d
9OneQW39aJqSJVzx+97N6NW1faGNYcvO/bhw+Xqh9S+GiJ2FOapRtSLmTB+vmsHkoHqVCli5YAb0
ZTI0rldbbf0UFZpyX5HKPNSU660JSnt5iK7jXaqkGkZCRFS0aXyAo1ql8gXeZ7NG9XDq0Ha0UeHb
tPatmuLUoe1o1qieytoUQtmHe3XR0dGB7/QJopNnrdu0I9/jfaeNH4nuHdsoM7wvlC3thf1b132y
BaZr+1Yq7aMoatuiMebPUDyPTE4szM2w/ccVn/yMWjZpAENDA5X2o4kCg99g1YYtaNXtq09OjSoM
S77fmOdxqOoitk99fX2l+xw2oBemTRipdDufa9aoHrZvWAl7OxsAQK3qlVTeR1Ek9fuK1Oah1K+3
pmhQp6ao1WAW5maiktsTEWkKjQ9wLJ07HTfOHsG3E0fB0cFerX351KiCHRtXYtdPq9Syv9ajhCt2
/bQKu35ajRpVK6q8/f9q17IJ9m5diy5F+EO4rY01Vi6YIbrelNmL/80ynxNDQwOsWToHs6eOU2Z4
/+rXoxOO7v7pi7cvdWtV04rs5iO+6oM9m9fA1sZa6bZq16yKE/u2onWzT4OHtjbW6NWl8N6EFnUR
kdH4dt5y1G7RFSvWbioSR0I/evoCdx88KfB+U0UmTDQ0NFS6Tx0dHXwzeii2/7gCzk7FlW7P0sIc
82dMwvYNy/8NbgCAi5MjqlepoHT7UiDF+4qU56EUr7emcXFyxDdjhgkuP+Ob0Sr5eRERSY3GBziA
D0ssJ44ajOtnjuDYr5sw45vR8KleRSVtu7k4YfzIQTixbyt+2/0zWjVtCF1d9V1WXV1dtGhSH8f3
bsHxfVswakg/lTww68tkaN2sEZbOnY6rpw5i67plaFK/dpE/7aB+7RqYOGqwqDoRkdGYOmdxnm+t
ZHp6GDNsAP4+sRcDenVRaGxdO7TC8X1bsGrhTFhZWnzxdX19ffTv2VmhtqWmacO6uHB8D76dOEqh
rVZ1a1XHpjWLcWjHj7ku0+3croWyw9RIN/65h5ZdB2D7nkOFPZQvXPvnboH3mZiYJKq8qYmxyvpu
3awRzh/7FQtnToanu5vo+q7Ojpg5eQwu/rEPI77qk+PqklZNG6piqJIgpfuKJsxDKV1vTTV2xECM
HT4w33LfTRqFgb27FsCIiIiKHp3UlAzNz/SWi4jIaASGvEHwm7cIDH6D1wHBiIqJQXxCEuLi4hER
FY209HRYmJvBytICzo4OcHRwgEcJF5R0d0PZ0p7wKOGq1oCGEJlZWXj5KgAv/Pzx4tVrhLwJQ9Cb
UERGxSAuPgGJiUkwNjaCsZERrK0sYWtjBUeHYnB2Kg43Fyd4eZSAd2lPleT4SE9PR2JSsuDyZqYm
MDBQbklqZlYW4uMTRNczNzMVvPw87N173HnwGLfvPcTLVwF4HxmFkNAwyOVyWFqYo5i9LdxdXeDh
7opK5bxRpVI5FLOzzbfd+IREhIa9y/XrBvr6BXYKQ0GJi0/A/UdPcfv+Izx68gLvI6MQ9i4csfEJ
sLK0gK21FUq4OsPdzQUVypZGpfLegq5BZlYW/PwD8izj5VFCJVsOpOLi1ZsYOGqy4GMera0s0bxR
PZQt7QlLS4tcr5U8Oxtp/z/XI6Oi8ezFK9y4cx8pKeIy9jeq54P9v6wTVUdZB4+dxLhpcwWXn/fd
RIwc1Ffl48jMysKTZy9x7+ETPH3xCq8DgxH85i1i4+KRkZkJOxtrODoUQ2kvD5QpVRLVK1dAhbKl
871fxickIio6Js8yFuZmGvdmtyjfVzRxHhbl660N7j96ihOnz+P6P3cRGBwKAPB0d0Ndn2ro2KYF
ypXxKuQREhEVHq0OcBARaaqQ0DC07TkYEZHR+ZZ1c3HC9Ilfo3WzhjA1MVGov6TkZFy8egsr1m7C
s5evBNXxKOGK62cOK9Sfohat2oB1m3YILr9x1YIivVWPijbOQyIiooKlFVtUiIi0zQ8/bRP0oaqe
T3Wc2L8V3Tq0VvhDFQCYmpigbYvGOLBtveBVR29Cw5CVla1wn2JlZWXjxOnzouq4uTiraTSkDTgP
iYiIChYDHEREGiYkNAy7D/yWbzlrK0usWzZX0HYqoeztbDBsQE9BZTMyM5GVlamyvvNz7dYdBASF
iKrj7sYABymG85CIiKjgMcBBRKRh/rn7UFC5/j07w8nRQeX9lxSYQFMVOXiESk5Jwcr1m0XVqV6l
gsblqqCCw3lIRERU8BjgICLSMM/9/AWVq1C2tFr6T0hMFNZ/uTJq6f9zcfEJmDJ7MW7evi+qXtOG
ddU0ItIGnIdEREQFT1bYAyAiItXK7xSNj/T01BPjvnbrnqBylcp5K9VPhw5NKQAAIABJREFUQmIS
lny/EeXKeKG0lwfsbW1gbmYGY2NDJCen4t37CNy4fQ+bd+xD8Ju3ottv3qieUuMj7aYt85CIiKgo
YYCDiEjDZGQK20//+NlLtG/VTKV933/0FL/sPiCobF2fakr1lZ2dLbgvsapVroCKfLNNStCWeUhE
RFSUcIsKEZGGsROYN2Lbr4dEJ93My627D/DVqCmCylpamKNOzaL7werrwX2hq8s/kaQ4zkMiIqKC
x6c3IiIN41XSXVC5uPgEDBv/LZ4891OqP//AYPguWYOOfYYjPCJSUJ3hX/WGpYW5Uv2qi0/1KmjT
vFFhD4MkjvOQiIio4OmkpmTIC3sQRESkOi9fBaBhu16Cy+vLZBjQuys6tWmOSuW9YWxslGf5+IRE
vA4MxoPHz3Hu0lWcOX9Z1PhcnR1x5shOWFtZiqr3ubj4BJSpqdql/foyGY7v24IqFcuptF3SPtoy
D4mIiIoSBjiIiDRQn6HjceHKDdH19GUylC9bGiXdXWFmagqZTIbU1FQkp6QiNi4OL/xeIyw8Qqmx
7d26Fk3q11aqDUA9AY7l877FwN5dVdomaS9tmIdERERFCQMcREQa6Pa9R2jfe2hhD+MLy+Z+i6/6
qCaAoOoAx3eTRmH8yEHQ0dFRWZuk3bRhHhIRERUlzMFBRKSBalStiO8mjSrsYfxLXybD94tnFckP
VYaGBli1cCaDG6RynIdEREQFi8fEEhFpqDHDByI+IREbtuwq1HGU8nTHmsVzUL1KhUIdR06a1K+N
2dPGo1wZr8IeCmkozkMiIqKCwy0qREQaTC6X48DRPzBz4UokJiUXaN9mpiaY8PVgDO7XA2amJipv
X9EtKvoyGTq2aY6+PTqhTs2qPA6W1E6T5yEREVFRwgAHEZEWCAkNw4Ytu7B9zyG191XK0x39e3ZG
tw5tYGdrrbZ+srKyce/hEzx+9gKvAoIQEPQGb8PC8T4yColJSdCXyWBpaQFHB3t4uLmitJcHynuX
QrXKFWBlaaG2cRHlRhPnIRERUVHCAAcRkRZ58zYMp/66hOOnzuHmnfsqa7d2zapo1rAu6taqjsoV
y0Kmp6eytok0DechERGRejDAQUSkpd5HRuHZi1d49ToIQSGhCAl9i/CIKIRHRCIhIREpKamQ6ctg
ZmoCUxMT2Nlaw97WBg72dnBxdoSzowM8SriipLsbLMzNCvvbIZIkzkMiIiLVYYCDiIiIiIiIiCSP
mdWIiIiIiIiISPIY4CAiIiIiIiIiyWOAg4iIiIiIiIgkjwEOIiIiIiIiIpI8BjiIiIiIiIiISPIY
4CAiIiIiIiIiyWOAg4iIiIiIiIgkjwEOIiIiIiIiIpI8BjiIiIiIiIiISPIY4CAiIiIiIiIiyWOA
g4iIiIiIiIgkjwEOIiIiIiIiIpI8BjiIiIiIiIiISPIY4CAiIiIiIiIiyWOAg4iIiIiIiIgkjwEO
IiIiIiIiIpI8BjiIiIiIiIiISPIY4CAiIiIiIiIiyWOAg4iIiIiIiIgkjwEOIiIiIiIiIpI8BjiI
iIiIiIiISPIY4CAiIiIiIiIiyWOAg4iIiIiIiIgkjwEOIiIiIiIiIpI8BjiIiIiIiIiISPIY4CAi
IiIiIiIiyWOAg4iIiIiIiIgkjwEOIiIiIiIiIpI8BjiIiIiIiIiISPIY4CAiIiIiIiIiyWOAg4iI
iIiIiIgkjwEOIiIiIiIiIpI8BjiIiIiIiIiISPIY4CAiIiIiIiIiyWOAg4iIiIiIiIgkjwEOIiIi
IiIiIpI8BjiIiIiIiIiISPIY4CAiIiIiIiIiyWOAg4iIiIiIiIgkjwEOIiIiIiIiIpI8BjiIiIiI
iIiISPIY4CAiIiIiIiIiyWOAg4iIiIiIiIgkjwEOIiIiIiIiIpI8BjiIiIiIiIiISPIY4CAiIiIi
IiIiyWOAg4iIiIiIiIgkjwEOIiIiIiIiIpI8BjiIiIiIiIiISPIY4CAiIiIiIiIiyWOAg4iIiIiI
iIgkjwEOIiIiIiIiIpI8BjiIiIiIiIiISPIY4CAiIiIiIiIiyWOAg4iIiIiIiIgkjwEOIiIiIiIi
IpI8BjiIiIiIiIiISPIY4CAiIiIiIiIiyWOAg4iIiIiIiIgkjwEOIiIiIiIiIpI8BjiIiIiIiIiI
SPIY4CAiIiIiIiIiyWOAg4iIiIiIiIgkjwEOIiIiIiIiIpI8BjiIiIiIiIiISPIY4CAiIiIiIiIi
yWOAg4iIiIiIiIgkjwEOIiIiIiIiIpI8BjiIiIiIiIiISPIY4CAiIiIiIiIiyWOAg4iIiIiIiIgk
jwEOIiIiIiIiIpI8BjiIiIiIiIiISPIY4CAiIiIiIiIiyWOAg4iIiIiIiIgkjwEOIiIiIiIiIpI8
BjiIiIiIiIiISPIY4CAiIiIiIiIiyZMV9gCISDHfHE7HRb8seNjq4NBwI7X2te7vDGy/kQkAuDXN
GHoMjRIRERERURGj8QGOlutSEZUkBwAs6GCAtuX1BNcdsisND0Kz0bqcHhZ1NFDXECkPM39Px6mn
WTAxAC5/Yyy43vN32ei3PQ0A8F0rfXSvqvG/6kRERERERFpNq97Drjib8W+wg4iIiIiIiIg0h1YF
OOJT5VhyOqOwh0FEREREREREKqY1AQ5nKx0AwIWXWTj7PKuQR0NEREREREREqqQ1AY4R9fRhb/Yh
yLHsTAZikrlVhYiIiIiIiEhTaE3mRR0dYHYbfYw/mI6YZDlWnM3A4k6qSxwaGCXH0QeZuBWYjXfx
cqRkyGFtooOyxXXRtIwe2pTTy/PkiY+nVHSrIsOM1vpIywQO38vEqadZCI6RIytbDnszHdTx0EOP
ajK42+r8W/dFeDaOPsjCrcAshCfIoasDuFrrooGXLvrUkMHKWCf3jv9ffKocR+5n4ap/FgKj5YhP
kcPCSAclbHXQwFMPXavowdwo93auvs7C+APpKGGjgyMjPpzoERYnx86bmbj2Ogtv4+TIlgPLuxig
WRnhiV7VLVsO3AnOxqVXWXjwJhshMXIkpcthYqADVysd1C2pi57VZbA1zfl7//h9u1nr4OjID9/3
7aBsHHuYiQeh2YhIkMNApgNnKx3U8dBFz2oyOFjk//N4GyfH/jsfrt27+A/BOEcLXdTz/NCGo6UO
ZPmEJwfuSMOTsGws7WyAFt56iEqSY9/tTFz2z8bbuGxkZwPFzHXg4/7hd6qkXf7jAj7Mpcxs4MSj
LJx+lgn/CDniUuQwM9SBVzEdNCmth86VZDDSz7+tzGzgzydZ+PtlFp69y0ZMshyG+joobqGD2h66
6FpFBjfr3MeVkgHUX5UCAPhzjBGKmesgKFqOI/f/d+3kcsDeTAeVXXTRo5oM5R2FxXX/9svCn0+y
8Cg0G9HJH34nStrpoGlpPXSrKoOh1tw9iYiIiIikQWse0ZPT5WhXQYb2FfX+/4NZFlqWy0LjUsp9
2M6WAxsvfQhOZH+2KOR9ghzvE7Jw0S8LO27oYHU3Q7jm8WENAPwjPwRIxh1Iw+vITxsMipYjKDoT
vz3MxLLOBqjvqYftNzKx4WLGF32/CM/Gi/Bs/P4wC5v65t3vX8+zsODPDCSmfdpIdLIc0cly3AvJ
xvYbmZjfXh8NvPK+XlFJH/73dlA2Jh9J/6JNFythH6ILQlom0HdbKgKjvlzNk5Aqx9N3cjx9l42D
97KwsbcByjjk/sH4TawcKRnAsjPpOP7o0y1Q6VlyvAiX40V4Ng7ey8TqroaoUSL3tv54nIWFf6Yj
/bOdVP6R2fCPzMahe5nwbWuQZ8Dpv0Jj5bgdlI2pR9MRn5rz79She5mY1FQffWvmfUvQ1QEiEuSY
dDgdL8KzP/labIoct4M+9HXwbiY29jZEMfPcx/g6Uo7Jh9MQHPPpmNKz5EhIlcPvfTb2/JOJEfX0
Maxe/reqwCg5Lr3Kwsq/MpDx2bULjpEjOCYLJx5lYUITfQzwyb29pDRg2m9puBHw6fcXlyLHvZAP
82HfnUz80MMQHrZF5/eZiIiIiEjbaU2A4+OHxSnN9HEjIBuRiXIsPpWBaq66sBD4QTEnK//KwP47
mQAATztd9KqhB28HXRjKgPB4OS74ZePYg0y8jpRj0M407B5kCEfL3Pt7FSHHN4fT8SZGjn41Zajv
qQcb0w/Bkot+Hz7cpmYAvicyMKi2HOv+zoC9mQ7615KhorMujP+PvfsOs+sq7IX9O1M0ozrqktVl
ucgNyd1gmxIwGIMpBgOhpUAg9Sb35obkJgQIuek9gZjykUDAptgBQ7DNDcUh7t3gbqtZtiSrd02f
8/1xpsmSRqMpmtnS+z6PHp09s88668zeZ5+1f3vttWorJ7Rfe6At9z/bkU27y/nkzS35/HvqDvp6
33+yPf/nxpaUkzSMLeU959fk3AVVmVif7GysBBVfvb8tu5oq9frbt43pM+TY01w5Mf3NG5rT3Jq8
Zml1XnZidcbWVnp0zJ8yeu6KqqtJ5jZUZdvejrx6aXVeurgqS6ZXZeyYZMuecv7jkfZc/2BbdjaW
84ffbc3XP1CXQ225jnLy2//enHvWdOSME6py1fLqnDyzKmNrS9myp5wfPtWef3+oLXubk9/5Vkv+
41fqMqHuwNLuWNWej3+3sj3GjUl+/qLavPTEqkysK2XbvnLuXdORa+9ry+9/pyUnTu9nT4Sn2/OF
O1tTU1XKL11ck/MWVGfKuGRPc3Ln6vZce29bGluTv/lhayaNLeWNZx56+9bXJr91Q0tWbO7IFWdU
57WnVWfu5KrUVCfPbe/I1x/o7AW0tZyP39SSa9518P3uue3l/OJXmrO7qZzqquSq5TV5xclVmTmh
lMbW5IkXKiHCmq3lXHNbaxpby/mNV/bdJeRf727NfWs6MmNiKe88tybL5lZl0thKYHH/2o588e7W
7G1O/v7W1pw5pypnzz/w79fanvzK1yo9X0pJ3rK8JpefVp3ZDaXsairnjpUd+dLdrVm3o5wPX9ec
r32gLlPHCTkAAGA0OG4CjrbOgGNifSl/+Pra/Ob1Ldm6t5y/+UFr/uiNA7tV5Y6V7d3hxqtPrc6f
vnnMfrcNnDQjuXhJ5faUX/9Gc3Y0Vk76Pvfug5/0JV0BQTmffXddzul1AnbSjORlJ1ZnxoRSrrmt
NTsay/n7W1uzcGopX3hvXab0Osk6ZWbyipOr82tfb869azry4HMdeXZbOQun7n8itmVPOX98S+Vk
euHUUj737rpMn7D/OufMr8pbllXnw9dVrrR//KbWfPNDVX3e9vK//r0l1VXJZ362754Ko8HvX16b
KeNKB9xuMGtiqftWhusfbMvKzR156oWOLJ196Pdzz5qOvP3smvzua2tT1evPc+L0Ui5YVJV5k0v5
+1tbs6upnFsea8/V5+z/oi3tyf+9pbU73PjCe+tyysye15s/pZRlc6tyxRnV+fkvN+eZTfv3MDiU
R9Z3ZPqEUr74vgPDtWXzqnLZ0up88NqW7G6qfB5eeXLVQcOXJNnXkjy9qee2l94WTKmEWb/zzZbc
+nR77l1T6XGy5CBBzB98p/J69bXJP7+zLsvm7b/OmXOq8pZlNfm9b7fkv55uzxfvbstLF1f3uT/d
2xkuffqdB/Zuecncqpy/sCq/8G/NKSf52gNtOXv+gZ/7f72rLY9tqPxd/+iNY/KG/cKeUk6fXZUL
FlXlg19pzta95fzDjwZ+/AAAAIbW6D77HEJtvc4FL1lS3X2V+ruPtueOVQObVeULd1XCjcljS/nY
FbWHHBPh3AVV+dDFlavPD6ytBA59ufKs6v3Cjd7efX7NfifP//NnavcLN7pUlZL3XtBzAt110tbb
9Q9WehQkycffMOaAcKPLzImlfKLzJG5nYzk3PNj332v9znI++cYxQxpu7GtJzv3zxn7/e88Xm/tV
7uxJB4Ybvb11Wc8J7jOb+x6YdsaEUn771fuHG72989yajO3shPDw8wduj/9+pj2bdlde4wMvq90v
3Oht7uRSfu3lR5ZN/vorag/Zc+ikGVX59VdUytvVVM73Hu97+75mafUB4UaXUpL397r946cHeZ/3
rOno3h9/6eLaA8KNLrXVySeuqO0O0z5/5+GneP7YFbWHvHXnrDmVcCJJHjrIZ7CxNbnu/spn+hUn
V78o3OixbG5V9+9uebw9OxoNWAwAAKPBcRNwvPgU5LdfU9t9Qv9/b2ntPtHvry17yvlJ58nbFWdW
H/KKd5e3Lq/uPvH9zyf6PoHsaxDOcWPSXe8xNZVeHYeycGrP5t2298CTsK7pck+eWZVlc/veFZbN
reoeg+KWx9v6XPfs+VWDHttktOh9S83upr5PZF+ztDpj+sgdxtQki6dVyttykO1x28rK9qgqJW86
q++/32VLaw4ZpLxYKcnPnNJ3eW88syd8uWNl3wHc5af3XdbJvYKZrjFZevvRUz3v880v6busifWl
vLHzb3H/sx3ZepC/W5eTZlTlpBl978ddPXC27S0fMG7NPavbu7fx25b3Xa+Ll1R+396RPHyYwBIA
ADg6jptbVF5sUn0pH728Nr91Q0s27S7n725tzUcv78e0D51694g4XDiQVHp5LJlRlWc2dXQHI4dy
uLEVpowrZdPuchZNrepzZpbJY3seN78ok9jVVM6z2yonc2cf4gr6i527oCpPbezImq3l7GoqH3Ls
kuGYJWVMTfKnb+r/rQDrdpTzdz86/BX/w+ndK6f9MOexS/sYhLTL+M67kxpbDvzdEy9Utsf8KaVM
PcSsLb3LmT+l1L0N+zJ3cqn7dQ+lvrZy8v/Qcx15cmPfb7SvwVaTdAclSdLYemD9HllfKX/h1NJB
ex+92NnzqvKVe3uee6jw7LTZhy9r3JjKOuUkLW3Zb6aXrnolyZIZVWnsY/fpfYvW8zv04AAAgNHg
uA04kuTSk6pzxRnVufmx9nzr4ba8dml1dxf2w9m8p+ekZnY/pv1MKieaz2xKNu7u+4Rocj8HLZxY
36/VkhzYg6X3lfW+Bj3tbW6v9TbvOXTAcbiZYgaipip51WF6IfT25Av9u6re2Jr88Mn23L2mPau2
lCtT/LaUD5jBpD+mjDvy5/S2tXOfmju5f/vgjIn9Czj6EyIkyZyGUh56Ln32kkjSr2mH+9J1G86c
hv69z9775+Y+PjuHC4Ve7MUldU3HmyRv+Oemfpezu1nAAQAAo8FxHXAkye9cVpt71lS6vv/xLS35
+gfqM66zo0Bfpy1Nva7u1vez40d951/7xVOnvtiYfp7H9/cWhYPZ19JTh/7Wv/dYFX3d0lNfU4xZ
JX74VHv+5Hut2dk5hkJ1VSXEWTi1qvu9trYffLyMg6kb5Pvu2iZj+7k9xtX27/Vq+rk/je0sr72j
0rvhULfb9DVmSX/s7Xyf/f7c9Hqfew/S86XLYOu15whvU+tSlm8AAMCocNwHHJPqS/mDy2vzv/69
Jet3lvOpH7fmI5dVzrwONWhoUplStUtTP++EaOq8TWT8mJEPACYPoP69b3MZX/CJI+5Z05Hf/VZl
Bpm5k0v5H6+szSVLqg846d62t5zL/qn/V/MHo762lJb28gG3Ex3K4W6Z6dLf7dsVsFRXHTrcGApT
x5Xywq5y/z83vW5zGc79rmvb19cmd/z22L5XBgAARp3jZpDRvrzi5Oq8/ozKZe5vPNDWPctJXyd5
M3rNOLJhV/8u4a7rvFd/5sSRDzh6z5iyfmc/699rvUPNuFIUn7u9Mh3r2Nrkc++uy2uWHhhuJJUe
HEfL1PGV/3vf/tSX/s7e0d/yusaSmHaEt3ocqa79f93O/iU0G47Sftf1mW5q7f/fFgAAGD0EHJ0+
clltpo4vpZzkkze3pLmtp8v+wZx+Qqm7h0d/ZlHY1VTOqi2V9Zb3c1DP4VRXk5zeOaPEg2v7d6LZ
FfwsnFrarwdL0ZSTPNo5oOSFi6r7HENlXT/Dn6HQNUjpys0d2dfHrRhJ0lFOVm/t33bbsqd80Fl0
etvb3DNuSdd+MVzO7pwCee22w9crSR5e1/M+z5wzfHU7q9dgwfc/a2YUAAAompE/0x4lum5VSZLn
tpfzz//d2md3+En1pe4pWm95vP2w42rc+JP27lsKfmYYZhkZiMs7e62s3HL4mV0eXd/RfQL8mqWj
o/4D1dGRtHW+3arDfAL+3+NHrwvHRYsrf9e2jsNPJXzX6vbDhiC9/eCpvsv7ziNt3QOrvmzJ8B4W
LuvcfzrKyY0/7btee5uTmx6prLNsbtV+PaeG2ksXV3WPv/Nv97QdMI0sAAAwugk4ennlydW5/PTK
ydd197Xl6U19n+F88OKaVJWSnY3lfPLm1u6T5hf76bqOfO72yoADZ5xQlQv7OVPLcHvzS6ozq/N2
gT+6ueWQs2ds21fOJ26qnE2Pr0vecU6xh26prqqMu5FUBhA9VDj1gyfb882H+zkgxhB4zdLq7p4x
n/5x6yFvHdrRWM7f/ODIpsD97G1th5zOdMXmjlxzW6W8hrGlvP704d2+p82uyis6p3r9wp2t+cm6
g39w2juSP76lJdv2Ver9gZcNb70m1ZfyrnMrr/HYho78yfcO/Znu8kI/b08DAACGX7HPVIfBRy6r
zb3PdmTb3nKe3tT32c0ZJ1Tlw5fW5pr/bs0Pn2rP+77YnPdcUJPTZ1elvjbZuKuc/3qmPV9/oC2t
7cnE+lL+5E2jZ3TOCXWlfOINY/Ib32jOs9vKedcXmvNzF9XkvAVVaRhbys7Gcu5f25Ev3dOWbXvL
KSX52OvHFH78jSR545k1+eztrdm2t5zf+EZLPnRJTRZPq0q5nDy7rZybHm3LzY+15/yFVVmxuZzt
+4b/RHZsbfK7r63N73+7clL/vi825xdfVpMLFlZlQl0pOxrLeei5jnzl3rZs3F2ZpndX0+HrtWha
Kc9tr5T3nvNrcuHiqkwbX8qe5nLuXNWRL9zZ2t0b5PdeW9vdi2E4/cHltXlsQ0e27Cnnw9c15x3n
1ORVp1Rn1qRSmlqTx1/oyHX3teWpjZXP4DvPrcnFS4a/59CHLqnNg8915OHnO3LjT9ry4Nr2vHV5
TU6bXend0dRaGXPn6Y0duWt1e8bWlvJvP1c37PUCAAAOT8DxIg1jS/mD19Xmt7/Zv/7/H3xZTRrq
k7/6QWue3tSRj3/34M9bOLWUv76qLvOnjK5w4IJFVfncu+vyv79ZOan+ux8dvGfAhLpSPnZFbV49
Sm6vGayfu6gm969tzwNrO/LTdR359a8fuN0uWlyVv76qLr93Y0tuX3l0blV53WnV2dVYm7/6QWt2
NJbztz88cHuUUunN0DC2dNDfv9iZJ1TlVy6tziduask1t7XmmtsOXKemqjJl8mtPOzrbd9r4Ur78
c5X97rENHbn2vrZce9+BvWWqSsnPX1STX31FP+eUHaTa6uTT76zLn3yvJTc/1p6128v5h1sP/Td+
ydzR9XkGAIDjmYDjIF55SuVWle/1c/yFq8+pyUtPrM4ND7Xl7tUdeW57R9o7kinjSjltdlVedUpl
lpa+pp0dScvmVeWbH6rLjT9pz49XtGfF5nL2tZTTUF/KommlXLykOlctr86k+mPnZK6uJvnnd9Xl
Ww+35ZbH27Nic0eaWysB19JZVbn8jMo2KyU5bXYpt688enW7+pyaXLCoOt94sC13r27Pxs7bIKZP
KOW8hdV52/LqnDa7Kret6N/+ubOpcvvLWXPq840H23L7yo6s39mRcrkyo8lLF1fnHefWZOHUo7t9
Z04s5V/fV5fvP9me7z3ensc3dGRHYznjx5Qye1IpFyyqyluX1WTRtKNbr/ra5I+vHJN3n9+R7z7S
nvvXdmTj7nL2NpdTX1uZbeXkmVV56eLqvPrUUfqhBgCA41CpqbHVTeRwDHr/l5rz2IaOnLug0ksH
AADgWObyIxzjyiJMAADgOCDgAAAAAApPwAEAAAAUnoADAAAAKDwBBwAAAFB4Ag4AAACg8EwTCwAA
ABSeHhwAAABA4Qk4AAAAgMITcAAAAACFJ+AAAAAACk/AAQAAABSegAMAAAAoPAEHAAAAUHgCDgAA
AKDwBBwAAABA4Qk4AAAAgMITcAAAAACFJ+AAAAAACk/AAQAAABSegAMAAAAoPAEHAAAAUHgCDgAA
AKDwBBwAAABA4Qk4AAAAgMITcAAAAACFJ+AAAAAACk/AAQAAABSegAMAAAAoPAEHAAAAUHg1I12B
Y9m+ffvyzIpnsmbN6mxYvz4bN23Knj27kyQTJkzMjBkz8tKLXpqzzz6nX+W1tLRk9ZrVWbHimTz7
7LPZvm1btu/YnokTJ2Xq1KlZvGhxTj7llJx80smpqpJdAQAAcPwoNTW2lke6EseaXbt25b9+fGtu
vfVHaWlp6XPd173u8rzpyjf3uU5TU1Puu/++fP8//1+2btt62NdftGhx3nH1O7Nw4cIjqjcAAAAU
lR4cQ+yxxx/LtV/5cnbu2nnA76ZMnpLJU6akuro6e/bsyebNmw5b3qpVK3PtddfmhRc2HPT3DZMa
smfvnrS3t3f/bM2a1fmbv/2rfPCDH8pLznrJwN8MAAAAFIQeHEPo3vvuzZe+9K/7/eyVr3xVzjrz
JVm4cGHGjh273++am5vT2NiYyZMnH7S8VatW5W/+9q/2+9l5556Xc849LwsXLMikSQ2pqqpKR0dH
Nm/elAcffDC3fO/m7rBjzJgx+Z3//ZHMmTN3CN8lAAAAjD7HdcCxcePGrH1ubZLkxMUnZtq0aQMu
65lnns7f/8PfdS+fdNLJeffPviezZs0acJnlcjlf+9pXc/sdt2Xp0tPylre8NfPnzT9sPT796U+l
ta01SXLO2efmAx/44IDrAAAAAEVwXN+isva5tfniF/8lSfLLH/7VAQccjY2Nufbar3QvL3vJ8rzv
fe8/oMfGkSqVSnnrW6/KggULcuFFF6Wm+vCb6+STT8nrr3hDvvOdG5MkDz70QN6+8+o0NDQMqi4A
AAAwmplqYwjcfvtt2bxlc5Jk6pSpede7fnbQ4UaX+vr6XHzxJf0iILjaAAAgAElEQVQKN7osX7Zs
v+UNG9YPSV0AAABgtDque3AMhebm5tx664+6l9/05rdk0qRJI1ijZOrU/Xui7N2794B17r//vvxr
Z++VJPngB36p39PVPvzww/n8//fZ7uUPf/hXugczVa5ylXtguQAAwPDTg2OQnn766e4ZUxomNYyK
E5pSqfTinxywzrnnnpeLLnxp9/L1138jO3ceOPPLi+3atSs33PCN7uWXX/qK/d6zcpWr3APLBQAA
hp+AY5CeePLx7scXXHBh6urqRrA2FS/usTFp0sQD1uka32PatOlJkp27duZb3/pmyuVDjzlbLpdz
443fyvYd25Mks2efkCuvfJNylavcw5QLAAAMPwHHIJTL5Tz+eE/AsWjRopGrTC/Pdc4M0+WEE+Yc
dL0JEybk3T/77u7l++6/Nw8++MAhy3344Ydyz713dy+/+2ffk3HjxilXucrtR7kAAMDwEnAMwq5d
u7J586bu5Tlz5iapBB/PPvtsbr7l5nz6nz+VT37yE/mdj/x2/uzP/zRf/NK/5s4778yePXuGrV4P
PfxQ9+Nzzj43EyZMOOS6S5eelste89ru5RtuuD47Oq9E97Zz587ccMP13ctXXPGGLFmyRLnKVe4R
lAsAAAwfAccgbNu2db/lSZMmZffuXfnyl/8tf/lXf56bbvqPPP74Y9m4aWP27duX559/Lvfdd2+u
ve7L+eQf/1HuuOP2Pru+D8T69etz9913dS+/7GUXH/Y5r3/9FVkwf2GSZNfuXfnmN/fvkt/VBX/H
zh1JksWLT8xrL3udcpWr3AGUCwAADI/qj370Y58Y6UoMl+uuuza33vqj3HPP3Qf99/hjj3X3pHjh
hQ156KEHD7nu6tWrc+aZZ+1X/rPPPtvddX3s2LG59NKX51Of+qfucTkmTZyUU045Jaeccmpmzzoh
5XI5u/fsTpK0trbkkUcfSWtra049delBBgY9cu3t7fnKV/6te8raM844M6+//PWHLbumpiYLFizI
3XfflXK5nA0b1mfGzJmZO7fSI+XBBx/Md2/6jyRJbU1tPvzhX8nkyZMPWx/lKle5AADA0XJMBxw/
+MH388yKZ7J169aD/ut9m8iu3bsOud7WrVsztr4+F1540X7lr1q1Mo888tMkyYTxE7J69eqsXLUi
Cxcuynve8968/e1X58ILL8pZZ56V5cuX59JLX55ly5Zn544d2bRpU3cZM3udNA3GD3/4g9x2+21J
kvq6+nzolz7c5+0pvTU0NGTMmDF54sknkiQrVqzIueedl5aWlnz+859Nc3NzkuTtb7s6Zx3B7BDK
Va5yAQCAo+GYDjjuvvuubNu+bUjKmj5t+gEBx4oVK/L4E5XeGk3NTdm8eVMuueTSfOAXP5jZs2en
urp6v/VLpVImTZqUZcuWZ8OGDdm48YUkydq1a3PxxZekpqZmwPV76KEHc91Xr+1efv/7fz4nn3zy
EZWxYOGCPLvm2WzZsjmtrS3Zvm17nnr6qaxevSpJctaZZ+Wqq952xL1NlKtc5QIAAMOt1NTYOrSD
QBTIffffly9+8V+SJL/84V/NWWeddZhn7O/73//P3Pjtb3Uvn376Gfnwh365X0HFli1b8vFP/GH3
8gc+8Es55+xzjuj1uzz55BP5zGeuSWtba5Lk9ZdfkTe+8coBlbV58+b8xV/+WRobG/f7+fjxE/K7
H/m9TJs2TbnKVe4QlQsAAAwdg4wOwouv2L7+8tf3uxfG9OnTc96553Uvr1q5ckB1WLFyRT7/+c91
hxuXXHxprrjiDQMqK0lmzJiRq9/+jgN+/s53vHNQJ3HKVa5yAQCA4STgGIS6+vrux2PGjMnChYuO
6PmLT+yZTnLduueP+PVXrVqZz3zmn9PU3JQkOe/c8/L2t1+dqqrBbdbFi0/cb7m6uvqAnylXucod
mnIBAIChIeAYhPq6uu7HUyZPOWDMjcOZ2GsA0B07dx7Rc1euXJlrPvPP3V3mzzv3vLz3ve9PbW3t
EZXzYm3tbbn++q/v97P29vZcf8M30tHRoVzlKncIywUAAIaOgGMQJk+e0v14y9YtR3yi0/sWl3K5
/0OhrFjxTK75zKezb9++JMl5550/JOFGkvz4v/6re+DU8eMnZNLESUmSn/70J7njjtuVq1zlDmG5
AADA0BFwDMLs2bO6H7e3t2fHjh1H9Px9vQYsbJg0qV/PeeaZp3PNNT09Ny668KV573veNyThxtq1
a/Pt79zYvXz126/O1Vf3jDvwzW/9e9avX69c5Sp3CMoFAACGloBjECZOnJR58+Z3Lz/zzNNH9PwN
vU6KZsycedj1n3r6qXzmM9d0j7lxySWX5md/9t1DEm40Nzfnq1+9Lu3t7UkqvULOO+/8nH32Obng
gguTJC0tLfna165La2urcpWr3EGUCwAADD0BxyBddOFF3Y/vuPOOtLW39et5ra2t+elPf9K9fOLi
JX2s3TUVbM+Aoq985avyzne8q9+zthzOzbfclLXPPZskmdwwOVe99W0plUoplUp561uuypTO23FW
rlqZ//zP/6dc5Sp3EOUCAABDT8AxSMuXn909uOjKlSty15139ut5Dzxwf7Zt39a9fOqppx5y3See
eDyf+cw1aWlpSZJc9prX5m1XvX3Qs6X0lP9EfvCD73cvv+Md70xDQ0P38qRJk3L1O97ZvXzzLTdl
xYpnlKtc5Q6gXAAAYHgc1wHH+eedn09/6pp8+lPX5KyzzhpQGVOmTMmVb3xT9/LXvv7VPPDA/X0+
Z/XqVfn3b97QvfzyS1+RadOmHXTdxx57NJ/97GfS2lbp/v76y6/Im9/8liELN3bv3p2vfu267uWL
X3ZJli1bfsB6y16yLBe/7OLu5euuuzZ79+1VrnKVewTlAgAAw6f6ox/92CdGuhJFN3/+/KxYsSLb
O3tkPPTwQ2lqbMrkyQ0ZP35CSqVSyuVyNm3alNtvvy3XffXaNDVVbjWZOXNW3v/+96eu15SzXR59
9JF87vOf7b7tZdmy5bnk0kuze/fu7Nq164j+NTc3Z/z48fuVXy6X8/Wvfy3PrKiMHTJj+oz8wi98
IGPGjDno+1y8+MQ89NBDaWzcl71796axsTFnnXlgMKRc5Sp3YIEpAAAwcAKOIVBdXZ0zzzwrq1ev
yvbt25Mkq9eszm23/Xd+/OP/yt133ZVvf+fG/OjWH+bpp5/qHrBw2rTp+eAHfykzZhx8gNF//Md/
yL7Gfd3LGze+kNtvv21A//bs3ZOzl5+9X/n3339fbrr5u93Lv/gLH8zcuXMP+T7HjBmTmTNn5r77
70tSmV1i7py5mT37BOUqV7mHKRcAABhex/UtKkNp4sSJ+ZVf+bW87nWX7/fzffv2ZeOmjd3jZ3Q5
95zz8lu/9T8zv9csLC9WLpeHpa5JsmXLlnzj+q93L//Mq16d00477bDPO+OMM/PyS1/Rvfz1r3+t
O9RRrnKVe/ByAQCA4SfgGEJjx47Nm658cz7x8U/mne94V5a9ZHnmzZ2XsWPHZtbMWTn99DPy5je9
Jb/7kd/LL/7iBzJ1ytQRqWd7e3u+/o2vZd++Su+QE2afkCuueEO/n//GK6/MzJmzkiS7du/K9dd/
Ix0dHcpVrnIPUi4AAHB0lJoaW4evmwAAAADAUaAHBwAAAFB4Ag4AAACg8AQcAAAAQOEJOAAAAIDC
E3AAAAAAhSfgAAAAAApPwAEAAAAUnoADAAAAKDwBBwAAAFB4Ag4AAACg8AQcAAAAQOEJOAAAAIDC
E3AAAAAAhSfgAAAAAApPwAEAAAAUnoADAAAAKDwBBwAAAFB4Ag4AAACg8AQcAAAAQOEJOAAAAIDC
E3AAAAAAhSfgAAAAAApPwAEAAAAUnoADAAAAKDwBBwAAAFB4Ag4AAACg8AQcAAAAQOEJOAAAAIDC
E3AAAAAAhSfgAAAAAApPwAEAAAAUnoADAAAAKDwBBwAAAFB4Ag4AAACg8AQcAAAAQOEJOAAAAIDC
E3AAAAAAhSfgAAAAAApPwAEAAAAUnoADAAAAKLyaka7AUHtgbUfuX9sx0tUAAACAUeu8BVU5d8Gx
1efhmAs47l/bkc/d3jrS1QAAAIDR65LaYy7gOLbeDQAAAHBcEnAAAAAAhSfgAAAAAArvmBuDY05D
6Zi7jwgAAACG0pyG0khXYciVmhpbyyNdCQAAAIDB0NUBAAAAKDwBBwAAAFB4Ag4AAACg8AQcAAAA
QOEJOAAAAIDCE3AAAAAAhSfgAAAAAApPwAEAAAAUnoADAAAAKDwBBwAAAFB4Ag4AAACg8AQcAAAA
QOEJOAAAAIDCE3AAAAAAhSfgAAAAAApPwAEAAAAUnoADAAAAKDwBBwAAAFB4Ag4AAACg8AQcAAAA
QOEJOAAAAIDCE3AAAAAAhSfgAAAAAApPwAEAAAAUnoADAAAAKDwBBwAAAFB4Ag4AAACg8AQcAAAA
QOEJOAAAAIDCE3AAAAAAhSfgAAAAAApPwAEAAAAUnoADAAAAKDwBBwAAAFB4Ag4AAACg8AQcAAAA
QOEJOAAAAIDCE3AAAAAAhSfgAAAAAApPwAEAAAAUnoADAAAAKDwBBwAAAFB4Ag4AAACg8AQcAAAA
QOEJOAAAAIDCE3AAAAAAhSfgAAAAAApPwAEAAAAUnoADAAAAKDwBBwAAAFB4NSNdgWNRY2Nj7rzz
jpSqSrn4ZZekrq5upKsEAAAAx7TjIuB47/vekwceuK/PdaZOnZpp06anoaEhixefmJNOOimnnrI0
y5cvP6KAor29Pb/5m7+R227/7yTJq199Wf7xH/4pVVU6ywAAAMBwOS4Cjv7Ytm1btm3bliS5//6e
MGTWrFm56qq3573veV+mTp162HLWrXu+O9xIkh/+8PtZt25d5s+fP/SVBgAAAJIYg+OwNm7cmGuu
+XSuetubc+utPzrs+u3tHQf5WftwVA0AAADodFz24PjLv/zr1I3pue2kXC6nqakpe/fuzXPPP5dH
H31kv14cSSXo+NVf++X84z98Kpdd9tpDlj1v3ryceeZZefTRR5Iky5efnXnz5g3PGwEAAACSJKWm
xtbySFdiuL14DI4H7n8448aN6/M569aty7e/fWM+9/nPpLm5ufvnEydOzLdv/I+ccMKcQz5306ZN
uemm76ZUKuXKK6/MtGnTB/8mAAAAgENyi8ohzJ07N7/6q7+WL33xy/uNvbF79+584V++0OdzZ86c
mV/4hV/Mz//8Lwg3AAAA4CgQcBzGsmXL8we//4f7/ew737kxTU2NI1QjAAAA4MUEHP3wutddnnnz
emZB2b17d5544skRrBEAAADQ23E5yOiRqq6uzs+86mfyb1/+UvfPNm/edMj1L3vtq/P8888lSc44
48zccP03+yy/9/rf+tZ3svTUpd2/2717d2677b9zz71357HHHsu6detSVVXKrJmzsmjR4ixbtjyX
XHJJliw5aTBvEQAAAApNwNFPM2fO3G95586dw/I6655/PktPXZpyuZybb74pf/bnf5qtW7ccsN62
bdvyxJNP5Jbv3Zz8RfKmN70lH/nI72ba1GnDUi8AAAAYzQQcA1RXV3f4lQZg7dq1aW9vzx9+7A/y
rW/13fOjt+9858Y88shP86//8qXMmjVrWOoGAAAAo5WAo5+2bN263/LkKVOG5XVWrVqZT3/6n7rD
jfr6sbnyyjflnLPPyYwZMzJu3Pg0NTVm7XNr8/3v/2fuuOP27ueuXr0qH/vYR3PNNZ9NVZXhVQAA
ADh+CDj6oVwu7xckJJVpZIfDDf9+fffjN7/5rfmt3/ytzJ59wgHrvfSlL8s7rn5nbr75pvze//nd
tLW1Jkn++7Yf5/7778sFF1w4LPUDAACA0chl/n64775788wzT3cvLz31tJy4+MRhfc23v/0d+ZP/
+6cHDTe6lEqlvOENb8xv/o/f3O/n3//+fw5r3QAAAGC0EXAcxpYtW/KXf/UX+/3s6qvfkVKpNGyv
OWPGzPzP3/pfqa6u7tf6V1319tTU1HYv33X3XcNVNQAAABiVBBx9uPfee/KhD38wjz32aPfPTjvt
9Fx11duG9XXf+tarMnXq1H6vP3Xq1Jx/3vndyytXrsi+ffuGo2oAAAAwKhmDI0lLS0uam5uza9eu
rF+/Lk8+9WR+8IPv595779lvvdmzZufP/vQvUl9fP6z1ufhlFx/xcxafeGLuuvvO7uW9e/dm3Lhx
Q1ktAAAAGLWOy4Dj3POWH/Fzliw5KX/7N3+fU045ZRhqtL9FixYf8XMmTJiw33JTU9NQVQcAAABG
veMy4DgS9fVj86Ff+lDe//6fz/jx44f99erq6jJjxowjfl4p+48JUi53DFWVAAAAYNQTcBzErFmz
cu655+dVr3xVXv7yl2fSpIaj9trTp88Y1gFMAQAA4Fh0XAYcf/PXf5e6urru5dra2owdOzZjx47L
9OnTMmvW7BELGSZNnDgirwsAAABFdlwGHK985atG7QCcVf2cGhYAAADoYZpYAAAAoPAEHAAAAEDh
CTgAAACAwhNwAAAAAIUn4AAAAAAKT8ABAAAAFJ6AAwAAACg8AQcAAABQeAIOAAAAoPAEHAAAAEDh
CTgAAACAwhNwAAAAAIVXampsLY90JQAAAAAGQw8OAAAAoPAEHAAAAEDhCTgAAACAwhNwAAAAAIUn
4AAAAAAKT8ABAAAAFJ6AAwAAACg8AQcAAABQeAIOAAAAoPAEHAAAAEDhCTgAAACAwhNwAAAAAIUn
4AAAAAAKT8ABAAAAFJ6AAwAAACg8AQcAAABQeAIOAAAAoPAEHAAAAEDhCTgAAACAwhNwAAAAAIUn
4AAAAAAKT8ABAAAAFJ6AAwAAACg8AQcAAABQeAIOAAAAoPAEHAAAAEDhCTgAAACAwhNwAAAAAIUn
4AAAAAAKT8ABAAAAFJ6AAwAAACg8AQcAAABQeAIOAAAAoPAEHAAAAEDhCTgAAACAwhNwAAAAAIUn
4AAAAAAKT8ABAAAAFJ6AAwAAACg8AQcAAABQeAIOAAAAoPBqRroCI2XHplL27Eia9iTt7SNdm+NP
VXVSPy6ZMDlpmFlO1QhGbXt2JLu2ldK4O2lrGbl6HK9KVcmY+mT8pKRhRjlj6keuLo17k11bStm3
K2ltTsrlkavL8aq2Lhk7MWmYVs64SSNXj7aWZMfmUvbuTFoak46OkavL8aqmNhk7IZkwpZxJ00a2
LtoMI0ubgS6jqc0AjE7HVcDRuCdZ93QpG9eW0t460rWhS6mqlJkLypmzpJyJU4/Oa7a3JetXlPLC
6lIa9xyd16Q/Spk6u5zZi5Pp845euvDCs6W8sKqUXVuO2ktyWKWMn5zMPrGcuUuO3r6wfWMpG1Yl
W54vHbXX5HBKqR2bnLConDknHb0TGm2G0UmbgR4j02YARrdSU2PrcXFEWPNoKWuf0GAd7U5YUs6S
5cN7deaFNaWseqSUtqbhew0Gb+rschYvK2f8MF7F37k5Wf1IVXZtHb7XYPDGTkgWv6Sc6XOH7+uq
pSlZ+XApm5/zPTGqVSUnnlXOvFOGt+mizVAM2gx0ORptBqAYjvmAo6UpefKeUnZs6mmojG9IZi4o
p2FGOeMmJjVjRrCCx6n2tsrVsZ2bKycUvU8wxzckp13UMSzd01c8VMr6FT37Qm19ZV+YMiuZMLmc
2rqkpE17VHW0J82Nyc4tpWzdkGztfeW8KjntgnJmzB/6w9S6FaWsfGj/jT1jYTnTT0gmTC2nfpx9
4Wgrd1SO2Xt2lLJtQ6VnTbnX7QALzyhn4elDvy/s2FTKk/eW0tLY87Mps8qZNi+ZPL2cunFJ9XHV
33F0aG1O9u0qZfvGZNPaUpr29vxu+vxyTr9o6PcFbYbRSZuBLiPVZgCK45gOOFqbk0duq8qe7ZXl
uvHJojPKmbXwmH3LhbV1QylrHqnc754kY8YmL3n50DZYnryvlE1rer4IF51ZzvylZY2TUWbvzmTN
46X9Gi2nXjC0n9t1T5ey8ic95c9eXM6C0yuhBqNHW0uy9olSnn+6Z1vNO7WcE18ydPvC9o2lPHJb
KekssmFGsvjMjkyaPmQvwRBZt6KUVT/tCb2mzi7nzEuHbl/QZigObQa6HI02A1Asx3TA8ehtpWx7
oXLAm3JCOUvPr6TtjF69GxTjG5KzX9MxJF1PVz9SynNPVsqtG1e52jPSg9bRt+eeLGX1Iz0NluU/
MzTbbPPzpTxxV0+5J59XzgmLj9nD4DFh6/pSHr+758R2yTlDMy5H077koR9WpbWz6/m8U8o5cZl9
YTRr3JM8cXdPCDFrUTmnnj8020yboXi0GegyXG0GoHiO2Wli1z7Rq6Eyq5yzLtFQKYKl55czc1Gl
sbp3Z+We+MHasbGnoVJbn5x5qS+9Ipi/dP+TzRUPDf5w1da6/z619ELhRhFMm1M5hndZ+WBlppvB
WvFQqSfcOFW4UQRjJyRnXdqR8Q2V5Y1rSnnh2cF/T2gzFJM2A12Go80AFNMx+elvaUrWPFb5cqqp
S04Zoqs7HB1Lzy93N143rCxl97bBlbfm8Z4GzynnGoCqSOadUs7szgBiz/bsdy/0QDz3RM84CwtO
L2fmAseGopg8s5yTzu3ZXs8OcgDILc+Xsm19z9X6obztheFVW5eccn7PvL3PPja4fUGbodi0Gegy
1G0GoJiOyYBjw8qe+6kXnVlO3diRrQ9HbtFZPQ3M9SsH/gW17YWeqT9nLSpn2hwN16JZfFY5perK
43XPDHxfaG9Lnu9s7IydWLm3nmKZc2I5U2ZVttvmtYPrxbF+Zc/jE8+0LxTNxCnJgtMq2615b7Jh
9cCPDdoMxafNQJehajMAxXVMBhwbO7ur1o2vNIgpnmknlLu7hG5aW0pHR9/rH8rm53oezz3ZvlBE
tXXJ3JMq265xT2VQyIHY/HzPGA5z7AuFNeeknsebnx/YvtC4N92zZMxYUM74yUNRM4623sf0zWsH
Xo42Q/FpM9BlqNoMQHEdcwHHvl3pnkpuuuS90Lqm+Sp3JDs3DewLanvn8yZOSSY4iSms3lO+7dw8
sDK2b+x5PHOeY0NRTZtTTk3n2AjbXxjgcaFXg3fGvKGoFSOhti6Z1vlZ3rGplPb2wzzhILQZjh3a
DHQZijYDUFzHXMCxZ0fPl1rDjBGsCIPWMKPnC2rPjiN/fnNj0rKv8njSdA3XIps4JamurTzumj3h
SO3Z3jnS/uQYPLDgGjo/z7sHcFxIkr299qEGx4ZCa+g1+OPeAewP2gzHDm0GugxFmwEormMu4Oga
QDBJxk30BVVkYyf0PG7ad+TP770v1E8cfH0YWV37Q9O+gV2Za97XVY7jQtGNHV/5v9xeGSDySDV1
Hhtq6oRdRTeu17G9eQDHBm2GY4c2A70Nts0AFNcxF3D07qJaVTNy9WDwqnttv44BdD3uaO/5Uqu2
LxReTec2HEg39KRnH7IvFF/XlbkkA7rXvtxWOTbYF4qv9zZsH8C+oM1w7NBmoLfBthmA4jrmAg4A
gH7RaYNOdgWAY4OAAwAAACg8AQcAAABQeAIOAAAAoPAEHAAAAEDhCTgAAACAwhNwAAAAAIUn4AAA
AAAKT8ABAAAAFJ6AAwAAACg8AQcAAABQeAIOAAAAoPAEHAAAAEDhCTgAAACAwhNwAAAAAIUn4AAA
AAAKT8ABAAAAFJ6AAwAAACg8AQcAAABQeAIOAAAAoPAEHAAAAEDhCTgAAACAwhNwAAAAAIUn4AAA
AAAKT8ABAAAAFJ6AAwAAACg8AQcAAABQeAIOAAAAoPAEHAAAAEDhCTgAAACAwhNwAAAAAIUn4AAA
AAAKT8ABAAAAFJ6AAwAAACg8AQcAAABQeAIOAAAAoPAEHAAAAEDhCTgAAACAwhNwAAAAAIUn4AAA
AAAKT8ABAAAAFJ6AAwAAACg8AQcAAABQeAIOAAAAoPAEHAAAAEDhCTgAAACAwhNwAAAAAIUn4AAA
AAAKT8ABAAAAFJ6AAwAAACg8AQcAAABQeAIOAAAAoPAEHAAAAEDhCTgAAACAwhNwAAAAAIUn4AAA
AAAKT8ABAAAAFJ6AAwAAACg8AQcAAABQeAIOAAAAoPAEHAAAAEDhCTgAAACAwhNwAAAAAIUn4AAA
AAAKT8ABAAAAFJ6AAwAAACg8AQcAAABQeAIOAAAAoPAEHAAAAEDhCTgAAACAwhNwAAAAAIUn4AAA
AAAKT8ABAAAAFJ6AAwAAACg8AQcAAABQeAIOAAAAoPAEHAAAAEDhCTgAAACAwhNwAAAAAIUn4AAA
AAAKT8ABAAAAFJ6AAwAAACg8AQcAAABQeAIOAAAAoPAEHAAAAEDhCTgAAACAwhNwAAAAAIUn4AAA
AAAKT8ABAAAAFJ6AAwAAACg8AQcAAABQeAIOAAAAoPAEHAAAAEDhCTgAAACAwhNwAAAAAIUn4AAA
AAAKT8ABAAAAFJ6AAwAAACg8AQcAAABQeAIOAAAAoPAEHAAAAEDhCTgAAACAwhNwAAAAAIUn4AAA
AAAKT8ABAAAAFN4xF3BUV/c87mgbuXoweO29tl9V9aHXO5Sq6vJBy6KY2jq3YfUA9oWkZx+yLxRf
e2vP46oBfIuVairHBvtC8fXehtUD2Beqa3oeazMU22DbDNXaDMeUwbYZgOI65gKOMWN7Hu/bXRq5
ijBojXt6HtePO/Ln994XmnYPvj6MrK79oX5cue8VD6FuXFc5jgtF17i38n+pOhlTf+TPr+88NrQ1
J63NQ1cvjr59vY7tdQM4NmgzHDu0GehtsG0GoLiOuYBjwuSeA9nOzSNYEQZt5+aexuaEyUf+/Lqx
yZjORs6uLRquRbZ7e89V+wlTBlbGhCmVY8PeHU5qi25n5+d54gCOC0kyvtc+tNOxodB2bu15PH4A
+4M2w7FDm4EuQ9FmAIrrmAs4xk1K6sdXHm9Z7wuqyDY/V9l+paqkYebAEvgpnc/bvT3Zs2PIqsZR
1rUvJEnDjIGVMWVWz+NNzzs2FNXW9aW0dQZUU2YP8Lgwq3i+cvcAACAASURBVOd5m58filoxElqb
k62dn+XJM8sD6oquzXDs0Gagy1C0GYDiOuYCjiSZtbDyBdW8N1m/SoOliLZuKGVX55W5mQvKA7rP
PklmzO95vO4Z+0IRtTYn61ZUtt3YCfufnB6JGfPKKXWeAK23LxTW+hU9j2fMG9i+MHZ85YQ4STav
LWWvE5lC6n1Mn7Fg4OVoMxSfNgNdhqrNABTXMRlwnLCknHR+L615tJTmxpGtD0duzSM9DYs5Swb+
5TR1djmTplceb1xTylZX6Apn9SOllNsrj+eePPB9obommXdS5fmNu5M1j9kXimb9qlK2b6xstxkL
yhk3aeBlzVnS83jVo/aFotm9PVn7RGW71Y1PTlg88GODNkPxaTPQZajaDEBxHZMBx5j6ZNEZlYNa
W3Py9H2+oIrkyftK2buz8viEJeVMnDq48had3vMF9/QDpezdNbjyOHqef7qUF1ZXPr8TpiRzThpc
Y2X+aeXugeTWPl7KprWODUWxY1MpKx7o2V4LTxvcvjB9XjlT51TK2L6hlFU/tS8URWtz8vR9Pc2X
hWcMbl/QZig2bQa6DHWbASimYzLgSJIFp5UztfP+7O0bS3nk9pKBBQvgyftK2bSm8uU0viFZsnzw
X06TZ5Uzf2mlnNam5NHbqrq7sjJ6PfdkKat+0nOicdLZHYMus6Z2/33qyXtK2bDaycxot3V95Rje
Zck5g+u90eWks8up7ZyF5fmn9t/fGJ0a9ySP3FbVfUI7a1E5sxcO/ntCm6GYtBnoMhxtBqCYqj/6
0Y99YqQrMVymzK5c9WtpSpr2lLL5+VJqxwxsdG2G19YNpTxxV1V2dHY/HzM2OfPijgFNAXkwU2Yl
jfuSvTtKaW9NXlhdSqkqmTQ9KTmnGVX27kyeeaiU9St6NsypF5Qz7YShKX/8pErQ0XWrw7b1lS7p
4ydXfs7o0dZSuWVg5cOlpPO8Zd6p5UH33uhSU1v5PujqybNrayk7NpcybkK5e1phRo91K0p57M6q
tOyrLE+dXc7pLx26K7TaDMWhzUCX4W4zAMVTampsPab7b7U0Va7S7tjUc+Ab31AZhKphRjnjJiY1
Y0awgsep9rbKlbidm0vZ/Fxpv6sj4xuS0y7qGJIrtC+24kVfgrX1lX1hyqzKdIG1dRovR1tHe9Lc
WJmuc+uGnlkRkiRVyWkXlDNj/tAfptatKGXlQ/tv7BkLy5l+QjJhajn14+wLR1u5o3LM3rOjlG0b
khee7bmXOqncirDw9KHfF3ZsKuXJe0tp6TX2wpRZ5Uybl0yeXgk7qmuG/GU5jNbmZN+uUrZvrIRQ
TXt7fjd9fjmnXzT0+4I2w+ikzUCXkWozAMVxzAccXdY8WuoekIzR64Ql5SxZPvAR0PvjhTWlrHqk
lLam4XsNBm/q7HIWLytn/DA0Wrvs3JysfkT349Fu7IRk8UvKmT53+L6uWpqSlQ+X9ptekFGoKjnx
rHLmnTK8TRdthmLQZqDL0WgzAMVw3AQcSSX9X/d0KRvXVrocMjqUqipXROYMweBg/dXelqxfURmM
qnHP0XlN+mfq7HJmL64MAnm0vPBsKS+sKmXXlqP2kvTD+MnJ7BPLmTuIWRGO1PaNpWxYlWx53snt
aFI7NjlhUTlzTioP2W0Ih6PNMDppM9DbSLQZgNHtuAo4etuxqZQ9O5KmPUl7++HXZ2hVVSf14yr3
NjfMHN6rL4ezZ0eya1spjbsr9/xzdJWqKrMYjJ+UNMw4eicvB9O4N9m1pZR9uyrd48vH5dFxZNXW
JWMnJg3ThmYg0YFqa0l2bK7MztDSmHQYr+6oq6mt9N6ZMKWcSdNGti7aDCNLm4Euo6nNAIxOx23A
AQAAABw7jtlpYgEAAIDjh4ADAAAAKDwBBwAAAFB4Ag4AAACg8AQcAAAAQOEJOAAAAIDCE3AAAAAA
hSfgAAAAAApPwAEAAAAUnoADAAAAKDwBBwAAAFB4Ag4AAACg8AQcAAAAQOEJOAAAAIDCE3AAAAAA
hSfgAAAAAApPwAEAAAAUnoADAAAAKDwBBwAAAFB4Ag4AAACg8AQcAAAAQOEJOAAAAIDCE3AAAAAA
hSfgAAAAAApPwAEAAAAUnoADAAAAKDwBBwAAAFB4Ag4AAACg8AQcAAAAQOEJOAAAAIDCE3AAAAAA
hSfgAAAAAApPwAEAAAAUnoADAAAAKDwBBwAAAFB4Ag4AAACg8AQcAAAAQOEJOAAAAIDCE3AAAAAA
hSfgAAAAAApPwAEAAAAUnoADAAAAKDwBBwAAAFB4Ag4AAACg8AQcAAAAQOEJOAAAAIDCE3AAAAAA
hSfgAAAAAApPwAEAAAAUnoADAAAAKDwBBwDw/7N33+Fx1Xe++D+jZrkXbFwwxWCKjenFDiV0HExL
TOASSkJIYEMWdklnf8lm2c3m7kJuyBK4F8gSSAgEkrAQOiRUU2JTDHYMxsYVF1xwt2VZo5n5/eFF
i7FGnpFG5Uiv1/PwPLK/Z875SOZ8Nec93wIAkHgCDgAAACDxBBwAAABA4gk4AAAAgMQTcAAAAACJ
J+AAAAAAEk/AAQAAACSegAMAAABIPAEHAAAAkHgCDgAAACDxBBwAAABA4gk4AAAAgMQTcAAAAACJ
J+AAAAAAEk/AAQAAACSegAMAAABIPAEHAAAAkHgCDgAAACDxBBwAAABA4gk4AAAAgMQTcAAAAACJ
J+AAAAAAEk/AAQAAACSegAMAAABIPAEHAAAAkHgCDgAAACDxBBwAAABA4gk4AAAAgMQTcAAAAACJ
J+AAAAAAEk/AAQAAACSegAMAAABIPAEHAAAAkHgCDgAAACDxBBwAAABA4gk4AAAAgMQTcAAAAACJ
J+AAAAAAEk/AAQAAACSegAMAAABIPAEHAAAAkHgCDgAAACDxBBwAAABA4gk4AAAAgMQTcAAAAACJ
J+AAAAAAEk/AAQAAACSegAMAAABIPAEHAAAAkHgCDgAAACDxBBwAAABA4gk4AAAAgMQTcAAAAACJ
J+AAAAAAEk/AAQAAACSegAMAAABIPAEHAAAAkHgCDgAAACDxBBwAAABA4gk4AAAAgMQTcAAAAACJ
J+AAAAAAEk/AAQAAACSegAMAAABIPAEHAAAAkHgCDgAAACDxBBwAAABA4gk4AAAAgMQTcAAAAACJ
J+AAAAAAEk/AAQAAACSegAMAAABIPAEHAAAAkHgCDgAAACDxBBwAAABA4gk4AAAAgMQTcAAAAACJ
J+AAAAAAEk/AAQAAACSegAMAAABIPAEHAAAAkHgCDgAAACDxBBwAAABA4gk4AAAAgMQTcAAAAACJ
J+AAAAAAEk/AAQAAACSegAMAAABIPAEHAAAAkHgCDgAAACDxBBwAAABA4gk4AAAAgMQTcAAAAACJ
J+AAAAAAEk/AAQAAACSegAMAAABIPAEHAAAAkHgCDgAAACDxBBwAAABA4gk4AAAAgMQTcAAAAACJ
J+AAAAAAEk/AAQAAACSegAMAAABIPAEHAAAAkHgCDgAAACDxBBwAAABA4gk4AAAAgMQTcAAAAACJ
J+AAAAAAEk/AAQAAACSegAMAAABIPAEHAAAAkHgCDgAAACDxBBwAAABA4gk4AAAAgMQTcAAAAACJ
J+AAAAAAEk/AAQAAACSegAMAAABIPAEHAAAAkHgCDgAAACDxBBwAAABA4gk4AAAAgMSraO8CAAA6
m6dmZuK3r9bHwtW5KEtFjBiYii+OrYjj9i5v79IAoNNK1W5O59q7CACAzuKZWZn47oN1jbbdcn63
OHIPA2gBoDX4DQsAUEIP/zXTrDYAoGVMUQGg03pzUTa+es+WRtt27p2KJ/62uo0roq197d4t8drC
bEHHVlVE9KxKRe/qiF37l8V+g1NxwLCyGDeiPCqLmFmycn3+6324sbBaAIDiCTgAACKirj6irj4X
a2oi3l+diZfnbv37vt1TcfaB5fGVT1VEr+rUDs8zvH9ZzFrR+EiN3Qbs+PUAQPOYogIA0IR1m3Nx
15T6OOf2LTFlwY5HYFx8ZEWUNZJjVFem4qIjKluhQgAgwggOAICCfLgxF1ffvyX+45yqGDsi/5yV
A3Ypi7u/XB33vZ6OxWtykUpF7DVoa7ixSz8jOACgtQg4AAAKVFcf8d2H0vHQ5WXRr0f+sGLfnVPx
TxOq2rAyAMAUFQCgSxrWLxX7Dy1r+G/Pgano1W3HIyw21ubi1pfSbVAhAFAMIzgAgC7psqMq46wD
t51qkstFvLciF3e/Vh+PzajP+9on3snGt0+KqChidxUAoHUJOACghWYuz8ZFdza+He2Igam4/6s7
3o72/qmZ+Lc/1TXads4h5fH/jW98usPG2lwc9x+12/39AcPK4ldf7LbN3721OBt/mpmJtxZlYvnG
iJq6XAzsmYpd+6fihH0q4pT9mp52sSNzV+bitYWZmL0yG/NW5mLlxoiNdbmoqctFj6pU9O6WiuH9
IkYNKYuxe5TFkbuXR1kHG0uaSkXsMzgV/3JGZezcK+LOyY2HHBtrc/HXpdk4ZNftv4H/eDYdv3m1
8dddeXxlfHlc42+/8v1bfufkyjj/8P95TSYb8fr72Zg0JxPTFmfjw425WLM5Fz0qU9G/Z8T+Q8pj
7B6pOGVURXTzTg+ALsSvPQDohN7+IBvranPRtzoVKzfk4l+fTMdLc7ffunTpulwsXZeLKQvq4uZJ
qfjGCZXx2YMKH5bw4cZcPPBWfTwyIxNL1+byHrexNhcba3PxwbqI1xZm464pETv3TsWVx1XE6WM6
5tuRy46ujN9NzURNXePf18LVuThk19avY/KCbJx/+Navpy7Kxr//qS7mrty+pvWZXKyvjVi4qj4e
fzvi58/Xx/dOrYyT9jXMBICuoYN9bgIAlEI2F/Hqgmx8sC4bF/5qS6PhxidtrM3Fj56oi58/V9j6
Eu+vzsXpt9TGbS/VNxlu5LNiQy5++Gg6vvtgXdTvuLw2160yYv+h+Ue0rK4p/ntujjfez0Z9JuKx
GfVx2T1bGg03GrNqUy6++2Bd/Pb1/FNtAKAzEXAAQCf18PRM/P39dbFqU3EP4r+eUh/3FfBQvNuA
VBwyvOVvJZ6ZlYkfP9X49Jz21qsqf8CRbqNQpqYuFz99ti7++fHmLWz6s2fS8eaibImrAoCOR8AB
AJ3UK/MyBX/a/0k3T6qP5et3/Norjq1s1vk/6eHpmZi+pOM9hC/fkP9nMKAF65UU6/dvZCLTzB9P
Nhdx0wt2fQGg8+uYk14BgJIqL4s4aJey2HVAqmGnkJnL8j8xb67LxW0vp+OHpzW+uOlHDhpeFmNH
lMeU+VuHM/SoSsXY3cviwOFlsdfAVAzomYqyslQsXZuNJ9/OxNOz8g97uO/1+jhwl6av15aWrs3F
zOX5f0YDe7VhMZ+wU8+to2f69YxYV7N1OtK62vxhzLTF2XhvRS723rntQhkAaGsCDgDo5A4YVhY/
Pqsqdum37cPt1Pez8e0H62Ld5sYfjP88MxvfPTkX1ZVNPxRfcWxF9KiMOOuA8hg3ojyqGnl3se/O
5XHCPuXxny/Xx60vNj6aYPL8bGSz0SF2Vqmpy8UPH6uLXJ7MoCwVJZmeU6yqiohrTqmKMw8sj7KP
/bNs2pKLf3o0Hc+9lz9AemtxNvbe2YKjAHReHeAtBADQWvp2T8WN520fbkREHLpbWfzrmfmnmNTU
5eLFuTueF3HAsLL4PxOr4tN7Nx5ufNwl4yryBibranOxqo0W7sxnbU0uHpqWifPv2NLkuhUH7NKy
LXWb64cTKuPsg7YNNyIienZLxT+fURn9uuevadaKDriSKwCUkBEcANCJff6Q8uhbnf+h96g9y2P0
kLJ4J890lbeXZuOU/Ur3qX9lecTu/SNmrWi8fW1NxKA2mvrxn6+k4/43ty6muqU+F6trIlYXuCDr
Vz7V9m+h9hucitNG579uz26pOGVUWfxhauNBxrqa1qoMADoGAQcAdGLjRuw4nDh+n/K8Ace7TaxB
0Vx9uqciovEgoTadi4i2GRmxdG2uWdvbHrd3eRy9V9tP9Th51I7fto0eUh4RjQccm+rad3QMALQ2
AQcAdGJ7DNhxWDByUP5jFq0p7DqL1+TipbmZmLk8FwtXZWPZhlxsTm+d5pItIiPp6I/gBw0vix83
Ma2nVa89bMczi/t1z9+W7eg/XABoIQEHAHRifZqYnvKRwX3yPzhv3NL0U/Eb72fj5hfSHXKL11I7
44CK+M7JFdG9qn12ImlsHZVP6uadHQBdmF+DANABZPJt19ECZWURFQXMpOjexICETXW5yOZiu0Ut
c7mIW19Mx+2v1LesyA4uldo6zeeLR1bEkXu079rsTS0gCgAIOACgQ9jc+M6pLZLNRqPhRGPH5ZMv
d7n3jfqiwo3K8q1hQUREOpP/vO0lldq6SGfvbqno3z1i3yGpGD2kPD41IhVD+3aMTed2tEMNAHR1
flUCQAewtpW2R92Szu1wSkVNOv+1qyq2D0jW1OTi5uebTmRO3Kc8Th9THvsNScXOvcqi7GMZwdfu
3RKvLWz/KS3/NKEqzjqw7RcLbY6ysv8JiACAxgk4AKAVpRvf0GI7i9e0TsCxfEPEHjs1fcwH6/Nf
e2DP7Z+qn52VjS1NDN649vSqOPOAZAQHAEDn0THGXAJAgqWa2NZ0bc2OX5/LRUxb2jojGt5buePz
zsqzRWxE4wtbzvggf2ozdo+yHYYbNXU7LAkAoGgCDgBooZ5V+ds2bsntcHTG9CXZWL2pdUZwvPBe
0wFHLhfx7Oz8gcX+Q7d/q7BqU/7zHbpb0+FGOhOxcHUHW4ADAOgUBBwA0EJ9ujfd/tjb+QOETDbi
5kmtsMLof/vTzPqYszJ/oPDEO/WxYFX+9kN3Le6tQl190+HF4zMyO9x6FgCgOQQcANBCfatTMah3
/mkqv5qcjlfmbR9yrN2ci394qC6mvt96C25mshFX/n5LvNHINZ6bnYn//VT+xTR6d0vFEbtvPyKj
[...]
EVnK1vnC3z8AGs1tB4yIiNorjeY2/P0DrHqPVQGOoKAgXLyYa9UFiEi+Ll7MRVBQkNXv41xB5Fo4
VxCRpVoyX9y+XeqAERFRe3X7dqnV84VVAQ4PDw9AoUD+tWtWXYSI5Cf/2jVAoai/763EuYLIdXCu
ICJLtXS+UKv9UFHB3D1ErqCiQgO12s/q+cKqAAcARERE4uSpM9a+jYhk5uSpM4iIiLT5/ZwriFwD
5woispQ95ouSkiI7joiI2quSkiKb5gurAxwdOnSA0kOJY8dPWH0xIpKHY8dPQOmhRIcOHWw+B+cK
IufHuYKILGWv+cJfrcbNm4V2HBkRtTc3bxbCX622ab6wOsABAF2jo5F9Lge5uZdseTsRtWO5uZeQ
fS4HXaOjW3wuzhVEzotzBRFZyt7zRWlpCfNxEDmp27dLUVpaYvN8YVOAw9fXF926dUNaegbyrubb
dGEian/yruYjLT0D3bp1g6+vb4vPx7mCyDlxriAiSzlqvigqugGNptwOIySi9kKjKUdR0Y0WzRfu
f3rhpSW2vNHfPwC1NTU4c/YsfLy9ERho+3IzImp7ubmXkJp2FBEdIxAdE2O383KuIHIunCuIyFKO
ni9uFFyDh4cHvLxUdjs3EbWN27dLUVh4vcXzhc0BDgAIDglBZWUFcs5fgE6nQ8fwcJsHQkRt59jx
Ezh+8hRCQ0MR27u33c/PuYLIOXCuICJLtdZ8UVRUCINBDx+flq8OIaK2cfNmIUpKiuwyXyhuFN40
tHRA57Kzcf3GdQQEBKBvXG90irQ9OzIRtZ78a9dw8tQZlJWVIaJjBHr26uXQ63GuIJInzhVEZKm2
mi88Pb0QFBQKX18/h16PiOynokKDkpIi1NbW2G2+sEuAAwCuXs3DhQsXAABhoaGIiYlGl85R9jg1
EdnZlbyruHgxF4VF9aXWunXrhqiozq1ybc4VRPLBuYKILNVe5gtvbx/4+3eAn59/q1ybiKyn0dzG
7dulqKqqBGDf+cJuAQ4AqKiowKXcXBTfLAYAKJVKRHQMR0hICDp0CICfry88PT3h5mZTblMispJe
r0dtbS00FRUoLS1DcXExrt8ogFarBQCEBIega3S0XZJ+WYNzBVH7wrmCiCwll/nCzc0NPj5+UKm8
4eWlglKphJubOxQKRauOi8iVGQwG6PV10Gq1qKmpRnV1FSorNdDr9QAcM1/YNcDRoLS0FNevX0Nh
IWtUE7VHYWFhiIiIbFEtenvgXEHUvnGuICJLcb4gIks5cr5wSICjgU6nQ0lJCcrKSlGhqUBVdRV0
Wi30BoddkoiMuCkU8FAq4a3yhq+fLwICOiAoKAgeHh5tPTQRzhVEbYtzBRFZivMFEVmqLeYLhwY4
iIiIiIiIiIhaAzetEhEREREREZHsMcBBRERERERERLLHAAcRERERERERyR4DHEREREREREQkewxw
EBEREREREZHsMcBBRERERERERLLHAAcRERERERERyR4DHEREREREREQkewxwEBEREREREZHsMcBB
RERERERERLLHAAcRERERERERyR4DHEREREREREQkex6OPLm+rg46nRYeHu7wVqmgUqng6amEmxvj
KkStQa/Xo7ZWi+rqalRVV0Onq4OHhxJu7u5tPTQRzhVEbYtzBRFZSi7zRWmFDjtPaJCRV4eLJR4o
qlRCo/VAnUHR1kMjchnuCgP8lDqE+mgRE6TDoM7umBDvhw6+jgtDKG4U3jTY+6S1NTXw8vJAWGio
vU9NRHZQWFSEmhodPL282nQcnCuI2jfOFURkqfYyX+w9XY51GVocyle36TiISNrQTuWYM0iJUX3s
f5/aNcCh1dbCy1OJ0JBge52SiByoqPgmamq1UCo9W/W6nCuI5IVzBRFZqq3mi+NXKvHeTzVIL/Br
1esSke0Gh2vwzBgv9OviY7dz2i3Aoa2tRlSnSHucioha2dX8a1B6qlrlWpwriOSLcwURWao154t/
7yrBxxlcsUEkVwsGlePp8UF2OZddAhwGvQ4dw8PsMR4iaiM3CgqhcHNoWh7OFUROgHMFEVmqNeaL
P35Tgp8vM7hBJHej7yjH2/e2PMjR4gCHAnqEhYa0eCBE1PYKi4phcFBxJc4VRM6DcwURWcqR88Xi
z0uQeo3BDSJnkRRZjjUPtSzI0aLZxqDX8UMIkRMJCw2BQa+z+3k5VxA5F84VRGQpR80Xf/yGwQ0i
Z5N6TY0/flPSonPYHODQ1lZz+SiRE+oYHgZtbbXdzse5gsg5ca4gIkvZe7749y5uSyFyVj9fVuPf
u2wPctgU4NBqa5n4i8iJRXWKhFZb2+LzcK4gcm6cK4jIUvaaL45fqWRCUSIn93GGGsevVNr0XpsC
HF6eSpsuRkTyYY/7nHMFkfPjXEFElrLHvf7eTzV2GAkRtXe23utWBzhqa2pYj57IBYSGBKO2xvYP
EZwriFwD5woislRL54u9p8uRXuBnxxERUXuVXuCHvafLrX6f1QEOLy/HlnoiovajJfc75woi18G5
gogs1ZJ7fl2G1o4jIaL2zpZ73qoAh76uDmGhoVZfhIjkKSw0FPq6Oqvfx7mCyLVwriAiS9k6X5RW
6HAon7k3iFzJoXw1Siusq8JkVYBDp2PUlMjV2HLfc64gcj2cK4jIUrbc+ztPaBwwEiJq76y9960K
cHh4uFt1ciKSP1vue84VRK6HcwURWcqWez8jz/pVH0Qkf9be+1YFOLxVKqtOTkTyZ8t9z7mCyPVw
riAiS9ly718sYb4eIldk7b1vVYBDxQ8iRC7HlvuecwWR6+FcQUSWsuXeL6pkOWkiV2TtvW9VgMOT
deqJXI4t9z3nCiLXw7mCiCxly72v0XIFB5ErsvbetyrA4eZmdVVZIpI5W+57zhVErodzBRFZypZ7
v86gcMBIiKi9s/be5ycLIiIiIiIiIpI9BjiIiIiIiIiISPYY4CAiIiIiIiIi2WOAg4iIiIiIiIhk
jwEOIiIiIiIiIpI9BjiIiIiIiIiISPYY4CAiIiIiIiIi2WOAg4iIiIiIiIhkjwEOIiIiIiIiIpI9
BjiIiIiIiIiISPYY4CAiIiIiIiIi2WOAg4iIiIiIiIhkjwEOIiIiIiIiIpI9BjiIiIiIiIiISPYY
4CAiIiIiIiIi2WOAg4iIiIiIiIhkjwEOIiIiIiIiIpI9BjiIiIiIiIiISPYY4CAiIiIiIiIi2WOA
g4iIiIiIiIhkjwEOIiIiIiIiIpI9BjiIiIiIiIiISPYY4CAiIiIiIiIi2WOAg4iIiIiIiIhkz6Ot
B0BERI6Tl5eHo0ePIjMzExcuXMCVK1dQVlYGnU4Hf39/dOzYEd26dUNcXBwGDhyIfv36wd3dva2H
TURERERkNQY4iIicTE1NDbZs2YL//ve/2L59u1Xv7dmzJxYsWIB58+YhIiLCQSMkIiIiIrI/blEh
InIie/bsQXJyMmbPnm11cAMAzp07h5dffhndu3fHsmXLUFFR4YBREhERERHZHwMcREROoLq6Gi+9
9BLGjRuHrKysFp+vsrISL730EsaPH49z587ZYYRERERERI7FAAcRkcxpNBrcf//9WLZsmd3PfejQ
IYwcORJpaWl2PzcRERERkT0xwEFEJGM1NTWYN28eNmzYYPF7OnXqhO7du1vcv6CgAJMnT8apU6ds
GSIRERERUatgklEZy8vLQ2FhoXAcEBBg1ZeW1qbT6XDmzBnh2M3NDXFxcZL9b9y4gaKiIuG4Y8eO
CA0NdegYieTmzTffbDa40bt3b8yfPx+TJ09GTEwMfH19AQBarRYFBQXYt28fvvnmG2zevFnyHDdv
3sSDDz6IvXv3IiAgwK6/AxERERGRPXAFh4ytW7cOCQkJwn/vvPNOWw/JrHPnzqFfv37Cf08++aTZ
/suWLRP1P3r0aCuNlEgeMjMz8dprr5nt8/LLLyM1NRUvvvgi4uPjheAGACiVSkRFReH+++/Hpk2b
sHHjRkRFRUmeKysrC//617/sNn4iIiIiIntigEPGPD09RcdeXl5tNBLLGK/eAICkpCSz/Q8fPiw6
jo2NtfuYiORsyZIlZts//PBDvPnmm1Cr1Radb+bMmdi3bx+io6Ml+/zjH//ApUuXrBglERERUfvg
4Qb4eyvgwW/BTov/18pY4wCHSqVqo5FY5uTJk6Lj+Ph4yb4ajQaHDh0SjkNDQ9GlSxeHjY1IbrKy
srBp0ybJ9tdeew2PPfaY1eeNjo7G+vXrJYMiWq0Wn3/+udXnJSIiImpLnh4KTO+vwpePBmJKPxVU
SkVbD4kcgAEOGVMqlaLj9r6CIz09XXTcu3dvyb6Ny1KOGDEC7u7uDhkXkRx98803km2JiYl48cUX
bT73oEGDzK4OWbVqFaqrq20+PxEREVFrUrorML2/F/42Q41Bdyjx3DhfTIjzgjeDHE6HAQ4Zk9MW
FZ1Oh3379ole69mzp2T/xttZBg0a5JBxEcmRTqfD119/Ldn+0ksvtXhF14IFCxAcHGyyraCgoMkW
MiIiIqL2SKVU4L4kFZbMUCNUXf/1N7ajB/44wRfT+qvg5cEghzNhgEPG5BTguHjxIsrKyoTjpKQk
+Pv7S/Y/ceKE6Lhv374OGxuR3GRlZeHKlSsm20JDQzF58uQWX6NDhw5YuHChZPuePXtafA0iIiIi
R1K6K3BPogrPjPFFkK/4q2/3MA+M6OEJL6XEm0mWGOBopwwGAz766CPJLzFA0y0qjQMexmpqarB3
7157Dc9qZ8+eFR0nJyeb7X/kyBHRMROMEv0mIyNDsm3u3Lnw8fGxy3UmTZok2fbLL7/Y5RpERERE
jqBSKvDQUG8sHuWLjgFNt7ofydXim7QqVNYY2mB05CgebT0AMu3EiRN4/PHHAQCzZs3CAw88gPHj
x4tWPViyguPkyZPYsGEDPv74Y1y6dAk5OTno3r27YwdvwunTp0XH/fr1k+xbVVUlSjCqVqvNVnUg
cjWN89kYGz58uN2uM3DgQMm2/fv3o6ysDAEBAXa7nlzV1NSgsLBQ9JpCoTBbcpeIiIgcp2HlxpOj
fRDu7w63RrtQMg+PLcMAACAASURBVC5rsexHDdJya6HTt80YyTEY4GinjJd/b9iwARs2bEBAQADm
z5+Pu+++G0OHDpVMMlpYWIitW7fi008/bZL3Yv/+/W0S4Gj8xNlcgtHz58+LEhgOHz7c7OoUIldz
8OBByba4uDi7XadDhw4YNmwYDhw4YLL94sWLZoMgruLkyZNISEgQvRYcHIzi4uI2GhEREZHrqq+W
4oUXJvo12ZaiNwBnruuwdEs5juRq22iE5EjcotJOff/9901eKysrw8qVKzFy5Ej07dsXn332mag9
LS0NjzzyCKKiorBgwYImwQ0A2LZtm8PGLEWv11uVYLTxdpbBgwc7ZFxEclRVVdWk5LKxmJgYu15v
wIABkm2XL1+267WIiIiIWsLTQ4Gp8V746zS1ZHDjja0MbjgzruBoh8rLyxEWFgalUgmt1vTNl52d
jezsbNFr//73v5s99549e6DRaODn52eXsVriypUrKCgoEI7j4+MlqzMATROMxsfHO2xsRHJz7do1
ybZevXrZLf9GgzvuuEOyjQEOIiIiai8aSsH+ddpv1VKMNQQ39mbXtsHoqLUwwNEOqdVqfPfdd7h1
6xYOHDiA3bt347vvvsPVq1dtOl+vXr1w9913Y8yYMUhKSrJ7cOP06dPIysqSbG9c8jUgIABfffWV
ZP9du3aJjs+ePdukv7u7O+bOnWvDaInkraioSLKtR48edr9eRESEZFvjvBNEREREbUGlrM+5YWpb
ClCfc4PbUlwDAxztWGBgIKZNm4Zp06bhn//8J7KysvDzzz9j48aNoiScpkycOBHTpk3DnXfeibi4
OLi5OW43UmpqKhYsWGBx/19//RW//vqrxf3/9re/NXktODiYAQ5ySaWlpZJtYWFhdr9eYGCgZJvx
yiwiIiKitqBSKvBAkjcWj/YxGdw4klufUJTBDdfAAIdMKJVKJCYmIjExEU899RSGDx9uctXEnDlz
8N577yE8PLwNRklEjmYuwGEuGGErtVot2WZuNQkRERGRozUENxaNqq+W0lhDcCMtl9tSXAWTjMrQ
0qVLJbeEbNy4EVeuXGnlERFRa9FoNJJtKpXK7tczVX7akrEQEREROVJDKdjFo30QEcBSsFSPKzhk
ZuvWrXjrrbdEryUnJ+Pw4cMAAK1Wi4ULF+KXX35xyNNcUxISEvDxxx+bbCssLMTLL78sHHft2hWv
vvqq5LnWr18vqvTy1FNPmayi4u7eNEJL5AqkEg8DaFI62h48PKT/TFRUVNj9ekRERETNYSlYksIA
h4zk5eVh0aJFotcWL16MV199FQkJCcjPzwdQX4Xk5Zdfxvvvvw+FQmHqVHYVHx8vWenk559/Fh2P
GjUKjzzyiOS5Nm/eLDqeP38+EhISWj5IIidhLsDhiPvdXDCxvLzc7tcjIiIiMoelYMkcblGRCZ1O
h6effloIYgBAly5d8Nprr6Fjx45Yvny5qP+HH36Ir7/+urWH2cTp06dFxwMHDpTsW1dXh3379ole
69mzp0PGRSRXOp2urYcgqKura+shEBERkQtpKAX7txksBUumMcAhEytXrsSmTZtEr73zzjsIDQ0F
AMydOxezZ88WtT/55JPIzs5utTGacvz4cdFxnz59JPteunQJN2/eFI6TkpLg7+/vsLERyZHBYGjr
IRARERFJ8vNSYHSsJzr42PerptJdgTkJKiyRCG5k5WnxfxtuM7jh4rhFRQYOHz6MV155RfTavffe
i7vuuks4VigUWLZsGXbt2oWysjIAQFlZGR577DHs2LED3t7erTrmBgcPHhQd9+rVS7Jv42BMcnKy
Q8ZERNSckpISs9uBGvdtTK/XW1VG18/PD76+vhb3JyIiao/8vRW4P8kbcxK8cfhCLf6xVYPK2pY/
nFEpFbhviDcW3SldCnb5DpaCJQY42r1bt25h4cKFog/agYGBeOutt5rst4+OjsZbb72FJ554Qnht
//79eP311/GPf/yj1cbcoLi4GCdPnhSOo6KiEBUVJdnfuC8A9OvXz2FjIyIyZ+HChdi4caPN7791
6xY6duxocf/PPvsM8+bNs/l6REREbc3XS4EHknzw2EgfhKnd0CXIHR5uCvx9SzkqamwPchiXgo0I
YClYMo9bVNo5Pz8/zJ8/X/TaP//5T3Tp0sVk/wULFmD8+PHCsVKpRGRkZJssa8/JyREdjxw50mwS
xMzMTNGxue0sRERERETUPqiUCswaqMKTo+uDGwoF4OOpwN0JKrw6XQ1fL9sSobMULFmLAY52TqlU
4oUXXsCBAwfQq1cvTJo0CQ8//LDZ/u+88w6USiX69OmDAwcO4KmnnmqVaiqNnTlzRnRsLsGowWDA
/v37Ra8xwSgRERERUfvnrVSgT6QH/FX1wQ3j12cPVuGv09RQq6z7PqJ0V2BCnBd+P96vSXBDqJay
TYNDFxjcoN9wi4pMpKSk4Ndff0V5eTk8PMz/39a3b198++23GDlyJIKDg1tphE2dOHFCdBwXFyfZ
Ny8vT1Qhpn///ggKCnLY2IiIiIiIyD5uVerx3p5KeCsVmNZfBR/P36IRKqUCdw1S4Xa1Hh/tq0RR
efPRiIZSsKaqpRiXgj10gdtSSIwBDhkJCQlBSEiIRX1nzZrl4NE07/Dhw6Lj2NhYyb6NE4ympKQ4
ZExERJbo3bu3xSV5y8rKmqxAUyqVmDhxosXXs3RuJyIiaq+ul9XhvZ8qoFAAU+JVom0pvl4KPJTs
gzo98MmvlSg0E+RoKAX712ksBUvWY4CDbLZv3z6cPn3aZJter28S4Ni6davk6pNff/1VdFxUVIT3
33+/Sb8OHTrg3nvvtXHERESWeeONNyzum56ejoSEBNFr/v7+2Lx5s72HRURE1K5dLKrDil0VqNEC
sxNUUCl/C3L4eyvwyDAfeHsqsOqnCpMrOVTK+pwbL0z0M1ktJeOyFku3lLNaCkligINstnv3bixd
utTi/s8884zFfdevX4/169c3eX3EiBEMcBC1E56enm09BCIiImpnLt+sX8mhNwDzUrxFbWpVfblX
L3cFlm4pF5WQbaiWsni0dCnYZT+yFCyZxySjREQyolQqJdscUS3J3DlVKpXdr0dERETyd/VWHVbs
0uCr1KombX5eCsxOUOFvRtVVjEvBhvuzFCzZjis4iIhkxFxQQau1/xMNc3koGOAgIiIiKYXlevx/
2zUwAHggSbySo6GELBTAm9s0mDHAC4tH1wc3WAqWWoIBDrLZ7NmzkZiYaLLtD3/4A86fPy8cf/zx
x5JJ9NLT0/Haa68Jx9OnT8djjz1msq9arW7BiInkrz0FOHx9fe1+PSIiInIeNzV6LNuugdINuGuQ
NzyMFmc0lJAd2EWJULUbwkxUS8m+8VspWCJLMMBBNuvXrx/69evX5PWqqipcvnxZOA4MDMRDDz0k
mWDUuC8ATJgwAdOnT7fvYImchJ+fn2RbWVmZ3a+n0Wgk21j5g4iIiJpTrNHjnzsq4KZQYGp/L3gr
xSVk4yKbfkdgKViyFQMcZHc5OTmiJ8kjRoyQDG4AwLFjx0THcXFxDhsbkdwFBQVJtpWUlNj9euXl
5ZJtwcHBdr8eEREROZ9rpXV4d08FoACmxHvBx1Nhtj9LwZKtGOAguztz5ozoePDgwWb7HzhwQHTc
q1cvu4+JyFmYC3Dk5uba/XpFRUWSbaGhoXa/HhERETmnC0U6rNilQY3OgLsHiUvIGmMpWGoJVlEh
uztx4oTouG/fvpJ9CwsLRQGRrl27IiIiwmFjI5K78PBwybbTp0+bzZlhi6tXr0q2de7c2a7XIiIi
Iud2qbgO7+2pwPr0apPtR3K1eGMbS8GS7RjgILs7evSo6Dg2Nlay77lz50THI0aMgEJhfskakSsL
CwuTXDlRWVmJ/Px8u17v7Nmzkm1RUVF2vRYRERE5v7ySOry9U4Nv08QlZFkKluyBAQ6yq5qaGuzf
v1849vHxQbdu3ST7nz59WnQ8cOBAh42NyBkoFAokJCRItjcOGraEXq/H4cOHJdvvuOMOu12LiIiI
XEfhbT3e2KrBN0fqgxwsBUv2wgAH2dWFCxdQWVkpHI8YMQJeXl6S/ZlglMh6SUlJkm2NV1C1xIUL
FyS3qISHh6Nr1652uxYRERG5lmKNHm9u0+CNrRos3VJfLYXBDWopJhklu2q8nN3ck2YAOHjwoOiY
CUaJmmcuce8PP/yAV155xS7XaZwA2NioUaPg7u4u2e5KVCoVRowYIXrN29u7jUZDREQkH8UaPVb9
XNHWwyAnwgAH2dXJkydFx/Hx8ZJ9b926haysLOE4IiKCSQuJLJCYmCjZlpqaipMnT5pN7mup7777
TrJt7NixLT6/s4iLi8O+ffvaehhERERELo9bVMiu0tPTRce9e/eW7JudnS06HjlyJNzc+E+SqDnh
4eGYNm2aZPunn37a4mscP34cW7ZskWwfOXJki69BRERERGRP/DZJdqPT6UQJRpVKJbp37y7Zv/F2
lkGDBjlsbETOZs6cOZJt7777bpMEvtYwGAx48803JdtHjhyJnj172nx+IiIiIiJHYICD7MbDwwMl
JSUwGAwwGAyora2Fj4+PZP/58+cLfQ0GA1588cVWHC2RvM2cOVOyXKxWq8UTTzwBjUZj07m//vpr
fPPNN5LtixYtYjlnIrJZZWUlqqqqmu9IRERkJQY4iIhkKCAgAH/6058k2/fv349HH33U6iDHzp07
sXDhQsn2Xr16YebMmVadk4jIYDDgiy++QGJiInx9feHj44MhQ4bgm2++gcFgaOvhERGRk2CAg4hI
pp544gmz28C+/fZbTJkyBRkZGc2eq7KyEsuXL8fEiRNRXV0t2e/111+Hr6+vTeMlIte1YsUKPPTQ
Q6JS1mlpabjvvvuwevXqNhwZERE5E8WNwpsWh83DQ4McORYiaqcKikqs6s+5ovXs3bsXo0ePbrbf
Pffcg1mzZiEuLg5hYWFwd3eHRqPBpUuXcPDgQXz00Ue4dOmS2XMsWLAA//nPf7g9hSRxriBTCgoK
EBMTg8rKSpPtarUaFy9eREhISCuPjNqStfPFoLe0DhoJEbV3GS8pLe7LMrFERDI2atQofPDBB1i0
aJHZfmvXrsXatWttvs7IkSOxfPlyBjeIyGqZmZmSwQ0AKC8vR1ZWFsaNG9eKoyIiImfELSpERDL3
+OOP4/3333fY+UePHo3169cjMDDQYdcgIudlSUJRJh0lIiJ7YICDiMgJLFq0CDt37kRUVJRdz7t4
8WJs2rRJsmILEVFzoqOj7dKHiIioOQxwEBE5ifHjxyM9PR3PP/88lErL9yqaMnDgQGzbtg2rV6+G
n5+fnUZIRK6of//+mDZtmmT7XXfdhbi4uFYcEREROSsGOIiInEhYWBhWrFiBs2fP4vXXXzdbZcWU
uXPn4ocffkBqaiomT57soFESkStRKBT48MMPMWHChCZtkydPxurVq5nfh4iI7IJVVIioWayMIF91
dXXIycnB8ePHcenSJeTn50Oj0UCr1cLHxwfBwcG444470LNnT/Tv3595NqhFOFeQOXq9HhkZGbh4
8SIAoHv37hg4cCCDGy6KVVSIyFKsokJERAAAd3d3xMbGIjY2tq2HQkQuzs3NDQkJCUhISGjroRAR
kZPiFhUiIiIiIiIikj0GOIiIiIiIiIhI9hjgICIiIiIiIiLZY4CDiIiIiIiIiGSPAQ4iIiIiIiIi
kj0GOIiIiIiIiIhI9hjgICIiIiIiIiLZY4CDiIiIiIiIiGSPAQ4iIiIiIiIikj0GOIiIiIiIiIhI
9hjgICIiIiIiIiLZY4CDiIiIiIiIiGSPAQ4iIiIiIiIikj0GOIiIiIiIiIhI9hjgICIiIiIiIiLZ
Y4CDiIiIiIiIiGSPAQ4iIiIiIiIikj0GOIiIiIiIiIhI9qwKcOj1ekeNg4jaKVvue84VRK6HcwUR
WcqWe99dYXDASIiovbP23rcqwFFbW2vVyYlI/my57zlXELkezhVEZClb7n1fD60DRkJE7Z21975V
AY6KigqrTk5E8mfLfc+5gsj1cK4gIkvZcu8Hq2r+//bu5ymqNM0X+GOSmJpJ8lPAFEQQuWqpQ4El
dk9ER0x0b3rREd0RvZnF/Bn3xt3eP6kWvbib7uiIjuobt5wxokproLpawOKHmKgFIgjKj1l0lFMq
VUKSyckDn8+O9M33fVycJ05+zznvqUElQL3b77G/r4Dj+crKviYH0q+S416vgONHrwD2qpJj/3zx
ZQ0qAerdfo/9fQUcK89f7GtyIP0qOe71Cjh+9Apgryo59q+ecQcHHEf7Pfb3FXCsvZScwnFTyXGv
V8Dxo1cAe1XJsf+zCzYlhuNov8f+vgKOQlMxvp2Z3dcCQHp9OzMbhabivr+nV8DxolcAe1Vpvyid
aY7Rjic1qAioV6MdT6J0pnlf39lXwNHe3h6Tk1P7WgBIr8nJqWhvb9/39/QKOF70CmCvDtIvft69
UIOKgHr18+6FffeLfQUc2Ww24sSJmJuf39ciQPrMzc9HnDjxj+N+n/QKOD70CmCvDtov/vlSLm60
PatBZUC9udH2LP75Um7f/WJfAUdERKl0Lu5/Nb7frwEpc/+r8SiVzlX8fb0Cjge9AtiravSLX5//
tooVAfXq1+e/rahf7DvgaG1tjcZsY3zx5b19Lwakwxdf3ovGbGO0trZWPIdeAUefXgHsVbX6xT+d
Px2/veDRNjjKfnthKv7p/OmK+sW+A46IiP6Bgfj6b9/E1NR0JV8H6tjU1HR8/bdvon9g4MBz6RVw
dOkVwF5Vu1/8S2k+bnc9rkJlQL253fU4/qU0X3G/qCjgKBQKMTg4GHf+427MzM5VtDBQf2Zm5+LO
f9yNwcHBKBQKB55Pr4CjSa8A9qpW/eJfL/49PvZWFThSPu54Ev968e8H6hcN//N//e//U8kXm5tb
4tXGRoxPTET+9Oloa6v8djMgeVNT0/H/7/x7lM6WYuDixarNq1fA0aJXAHtV634xmJuOpVe5mFtt
qtrcQDJudz2Of7v0zYH7RcUBR0REx5kzsba2Gt/8/UFsbm7G2e7uigsBkvPFl/fiy/tfRWdnZ1y5
erXq8+sVcDToFcBeHVa/uJibjVMNW/H1clvV1wAOx28vTMVv+h5WpV+cWCg/3TloQX/7+ut4tPAo
Wlpa4vq1q9FzrvLdkYHDMzc/H/e/Go/l5eUonS3F/7h8uabr6RWQTnoFsFdJ9Yv5tUL835m+uPdd
e03XA6rnRtuz+PX5b+NcfrVq/aIqAUdExOzsTDx48CAiIro6O+PixYHoO99bjamBKvt2ZjYmJ6ei
vLgYERGDg4PR23v+UNbWKyA99Apgr+qlX/z9eUv8v8dn4+7TM4eyNrB/ox1P4ufdC3GpeTkiqtsv
qhZwRESsrq7G9NRUPHn6jw1/Ghsbo3S2O86cOROtrS3RVCjEyZMnI5OpaG9TYJ+2t7fj1atX8WJ1
NZaWluPJkyfxaOFxvH79OiIiznScif6Bgaps+rUfegXUF70C2Ku09Iv1rYb4z6W2mHzeEvNr+Xi6
fipWNxtja+fEodYFx1nDiZ0oZF9Hx6n1OJdfi4vNy/FR63dxqmErImrTL6oacHxvaWkpHj2aj3K5
XO2pgSro6uqKUuncgd5FXw16BdQ3vQLYK/0C2Kta9ouaBBzf29zcjGfPnsXy8lKsvliNl+svY/P1
69jeqdmSwA9kTpyIbGNjnD51OgpNhWhpaY329vbIZrNJl/YWvQKSpVcAe6VfAHuVRL+oacABAAAA
cBg8tAoAAACknoADAAAASD0BBwAAAJB6Ag4AAAAg9QQcAAAAQOoJOAAAAIDUE3AAAAAAqSfgAAAA
AFJPwAEAAACknoADAAAASD0BBwAAAJB6Ag4AAAAg9bLraytJ1wAAAABwIO7gAAAAAFJPwAEAAACk
3omdnZ2dpIsAAAAAOAh3cAAAAACpJ+AAAAAAUk/AAQAAAKSegAMAAABIPQEHAAAAkHoCDgAAACD1
BBwAAABA6gk4AAAAgNQTcAAAAACpJ+AAAAAAUk/AAQAAAKSegAMAAABIPQEHAAAAkHoCDgAAACD1
BBwAAABA6gk4AAAAgNQTcAAAAACpJ+AAAAAAUk/AAQAAAKSegAMAAABIPQEHAAAAkHoCDgAAACD1
BBwAAABA6gk4AAAAgNQTcAAAAACpJ+AAAAAAUk/AAQAAAKSegAMAAABIPQEHAAAAkHoCDgAAACD1
BBwAAABA6gk4AAAAgNQTcAAAAACpJ+AAAAAAUk/AAQAAAKSegAMAAABIPQEHAAAAkHrZpAuAtNre
3o7V1dVYX19PupRdnTp1KorFYtJlAAAAHAoBB1SoXC7HV199FU+ePEm6lF2dOXMmRkZGor29PelS
AAAAak7AARX661//Go8ePUq6jB/15MmTWFpait///vdJlwIcQ2tra7G1tRWbm5uxsbERERG5XC6y
2Ww0NDREPp9PuELgOJucnIzp6el4/vx5onU0NzdHf39/XLx4MdE64KgQcEAFtre36zrc+N7CwkLS
JQDHxNbWVqysrMSLFy9ieXk5lpaW3gQcq6urERFRKBTeBBytra3R0tISTU1NUSwWo6GhIeH/AXBc
/OlPf4rx8fGky4iIiLm5uRgfH4+rV6/GL3/5y6TLgdQTcEAFtra2IpfLvbkqWa9cIQVqbWtrK54+
fRrlcjnK5XJ899138d13332wP+ZyuWhra4u2trbo6uqKrq6u6OjoEHQANTU5OVk34cYPjY+Pu5MD
qkDAARVobGyMoaGhuH//ftKl/KhMJhPXr19PugzgiNre3o4XL17Eo0ePYmpqKmZnZ/cV+m5sbMTC
wkIsLCzE5ORk9Pb2xsDAQJRKpWhqaopMxovegOqbmppKuoQfNTU1JeCAAxJwQIVu3boVDx8+jJWV
laRL2VVra2tcu3Yt6TKAI2hzczMWFxfjm2++ienp6QP3wY2NjXjw4EGUy+Xo7++PoaGh6OzsjGzW
aQpQXfV63hZR37VBWrg8AhXK5/Nx69atujwBz2azMTw87BEVoOo2NjZiZmYm7t69G/fu3avqCfnK
ykrcu3cv7t69GzMzM3X/GCAAUF/q75cZpMilS5fi66+/jrm5uaRLecvZs2djaGgo6TKAI2ZjYyMe
PnwY9+7dq+kmxtPT07G+vh6vX7+OCxcuRC6Xq9laAMDRIeCAA2hsbIzR0dF48uRJ3VxpzOVyMTY2
Fo2NjUmXAhwhm5ubMTc3F19++WU8fvy45ustLCzEzs5OZLPZ6Ovrq8u75QCA+uIRFTigvr6+GBwc
TLqMN4aGhqJUKiVdBnCEbG9vx+LiYoyPjx9KuPG9x48fx/j4eCwuLsb29vahrQsApJPLIVAFo6Oj
MTMzk/jmUMViMW7dupVoDcDR8+LFizcbih626enpKBaLUSgUorm5+dDXB4BKraysxMTExFufvXuu
Pjc3F/Pz8z85ZmJi4q3fGcViMa5cufKTY86dOxc9PT1vjblz585bf+82Ju0EHFAFLS0t8fHHH8dn
n32W2FXGTCZjY1Gg6ra2tmJ+fj6RcON709PT0dXVFYVCIRoaGhKrAwD24/nz5/H555+/9dm74cX8
/PwHx0xMTLy1519PT8+uAccPx4yNjb0XXry7zm5j0s4jKlAlV69ejY6OjsTWP3PmTHz00UeJrQ8c
TU+fPq3Kq2APYmVlJaanp+Pp06eJ1QAA1D8BB1RJY2Nj3Lx5M5HNPXO5XNy+fdvGokBVbW9vR7lc
jtnZ2aRLidnZ2SiXy/biAAB+lIADqmhwcDD6+voOfd2BgYFE1gWOtuXl5SiXy3XxlqiNjY0ol8ux
vLycdCkAQJ06sbOzs5N0EXCULC4uxh/+8IdYW1s7lPXy+Xz85je/ic7OzkNZDzg+Zmdn4/PPP49H
jx4lXUpERJRKpRgbG4ve3t6kSwFS6tNPP31rn4J60tPTE7/73e+SLgNSzR0cUGWdnZ1x/fr1yGRq
f3hlMpm4ceOGcAOoieXl5Xj27FnSZbzx7Nkzd3AAAD9KwAE1cO3atWhra6v5Oq2trTE8PFzzdYDj
Z21tLZaWluri8ZTvbWxsxNLS0qHdIQcApIuAA2ogn8/HyMhIZLO1exNzNpuNkZERG4sCNbG1tRVb
W1tJl/Geeq0LAEhe7X59wTF3+fLlmJiYqNnbB3Z7/zVAtWxubsbm5mbSZbynXusCgHctLi7GZ599
9tZn7+6zMjExERMTEz855i9/+ctbr0rv6OiIX/ziFz855sqVK+/9Vvj000/f+nu3MWkn4IAaGhsb
i8XFxarf4n369Om4fft2VecE+KH19fW6fBRkbW0t1tfXky4DAD7o1atXH9zUdmVl5YNjnj59uu8x
PT097415d47dxqSdR1SghkqlUgwNDVV93suXL9tYFAAA4AcEHFBjt27dimKxWLX5isVijIyMVG0+
gN2cOnUq8vl80mW8J5/Px6lTp5IuAwCoQx5RgRrL5/Nx69at+POf/xzb29sHmiubzcYnn3xSlz86
gKMlm83WdKPkStVrXQDwrpMnT37wMZBisfjBMR0dHT/5926f7XaB9d11qnkRtl44Q4BDcOnSpbh/
/36Uy+UDzXP27NmaPPIC8K6GhoZoaGhIuoz31GtdAPCuzs7O9zYMfddeNvp8d0PRSsd8qJajwCMq
cAgaGxvj9u3bkcvlKp4jl8vF2NiY18IChyKfz0dra+uB+la15XK5aG1tdRcbALArAQcckr6+vhgc
HKz4+xcvXoxSqVTFigB+WktLS7S1tSVdxhttbW3R0tKSdBkAQJ0ScMAhGh0drejKY7FYjJs3b9ag
IoAfVygU6i7gKBQKSZcBANQpe3DAIWppaYkbN27EnTt39rzhaCaTieHhYVctgUPX0tISXV1dMTk5
GRsbG4nWksvloqurSy8E4EiZmJiIiYmJqs+7l709jiIBBxyy4eHhmJycjMXFxT2Nb29vj48++qjG
VQG8L5PJqEfV9gAABDlJREFURFdXV/T29saDBw8SraW3tze6uroik3HzKQBHx8rKSszNzVV93g+9
meWocpYAh6yxsTFu3ry5p9ccNjY2xieffGJjUSAxHR0dMTAwEM3NzYnV0NzcHAMDA7u+Fg8A4HsC
DkjA4OBgnDt37oPjDroxKcBBNTQ0RKlUigsXLiRWw4ULF6JUKnk9LADwkzyiAgn52c9+FouLi/Hy
5ctd/z2fz9tYFKgLTU1NMTQ0FCsrKzE9PX2oa/f398fQ0FA0NTUd6roAcBjOnTsXY2NjNZn3OBJw
QEI6OzvjypUr8cUXX7y34Wgmk4nr169HZ2dnQtUB/LdMJhOdnZ1x9erVePnyZTx+/PhQ1u3u7o6r
V69GZ2envTcAOJJ6enqO7X4ZteBsARL08ccf7/oKxtbW1rh27VoCFQHsLpvNRk9PTwwPD0d3d3fN
1+vu7o7h4eHo6enZ055FAAACDkhQPp+PkZGRyOfzbz4rFovvfQZQD3K5XPT19cXo6Gj09/fXbJ3+
/v4YHR2Nvr6+yOVyNVsHADhaXBKBhF2+fDnW1tZiamoqMplMDA4OHst3VgPp8H3Icfr06SgWi/Hw
4cN4/vx5VeZubm6OCxcuxNDQUHR2drpzAwDYF2cOUAdGRkbi+vXrXgcLpEI2m43u7u4oFArR3d0d
U1NTMTMzE69evapovpMnT8b58+djYGAgSqVSNDU12XMDqIlisZh0CT+qnmuDtBBwQJ0QbgBpkslk
orm5OQqFQrS1tUVvb2+Uy+VYWlqKZ8+excbGxk9+P5fLRXt7e7S2tkZXV1d0dXVFR0eHV8ECNTUw
MBATExNJl7GrgYGBpEuA1Duxs7Ozk3QRAEC6bW9vx/Lycqyursby8nIsLS3F1tZWbG5uxtraWkT8
Y9+hbDYbDQ0N0draGi0tLVEoFKKlpcUdG8Ch+eMf/1h3IceVK1fiV7/6VdJlQOoJOACAqltbW3sT
cKyvr0dExKlTp94EHDZSBpI0OTkZU1NTsbKykmgdxWIxBgYG4uLFi4nWAUeFgAMAAABIPfeDAgAA
AKkn4AAAAABST8ABAAAApJ6AAwAAAEg9AQcAAACQegIOAAAAIPUEHAAAAEDqCTgAAACA1BNwAAAA
AKkn4AAAAABST8ABAAAApJ6AAwAAAEg9AQcAAACQegIOAAAAIPUEHAAAAEDqCTgAAACA1BNwAAAA
AKkn4AAAAABST8ABAAAApJ6AAwAAAEg9AQcAAACQegIOAAAAIPUEHAAAAEDqCTgAAACA1BNwAAAA
AKkn4AAAAABST8ABAAAApJ6AAwAAAEg9AQcAAACQegIOAAAAIPUEHAAAAEDqCTgAAACA1BNwAAAA
AKkn4AAAAABST8ABAAAApJ6AAwAAAEg9AQcAAACQegIOAAAAIPUEHAAAAEDqCTgAAACA1BNwAAAA
AKkn4AAAAABS778Ax+58YO58x/EAAAAASUVORK5CYII=
" width="800px"&gt;</msg>
<status status="PASS" starttime="20240323 00:24:56.687" endtime="20240323 00:24:57.711"/>
</kw>
<msg timestamp="20240323 00:24:57.712" level="INFO">xpath criteria: //android.widget.EditText[@text="Nomor Handphone +62xxxxxxxxxx"]</msg>
<msg timestamp="20240323 00:24:57.712" level="FAIL">ValueError: Element locator 'xpath=//android.widget.EditText[@text="Nomor Handphone +62xxxxxxxxxx"]' did not match any elements.</msg>
<status status="FAIL" starttime="20240323 00:24:56.506" endtime="20240323 00:24:57.726"/>
</kw>
<kw name="Sleep" library="BuiltIn">
<arg>1s</arg>
<doc>Pauses the test executed for the given time.</doc>
<status status="NOT RUN" starttime="20240323 00:24:57.726" endtime="20240323 00:24:57.727"/>
</kw>
<status status="FAIL" starttime="20240323 00:24:55.293" endtime="20240323 00:24:57.727"/>
</kw>
<kw name="Input PIN" library="loginPage">
<arg>${ownerPIN}</arg>
<status status="NOT RUN" starttime="20240323 00:24:57.727" endtime="20240323 00:24:57.727"/>
</kw>
<kw name="Click Masuk Button" library="loginPage">
<status status="NOT RUN" starttime="20240323 00:24:57.727" endtime="20240323 00:24:57.727"/>
</kw>
<kw name="Verify Navigate to Home Page" library="loginPage">
<status status="NOT RUN" starttime="20240323 00:24:57.727" endtime="20240323 00:24:57.727"/>
</kw>
<kw name="Close All Applications" library="AppiumLibrary" type="TEARDOWN">
<doc>Closes all open applications.</doc>
<status status="PASS" starttime="20240323 00:24:57.728" endtime="20240323 00:24:58.346"/>
</kw>
<tag>Login Page</tag>
<tag>Positive Cases</tag>
<status status="FAIL" starttime="20240323 00:24:36.147" endtime="20240323 00:24:58.346">ValueError: Element locator 'xpath=//android.widget.EditText[@text="Nomor Handphone +62xxxxxxxxxx"]' did not match any elements.</status>
</test>
<doc>Testcases Login Page</doc>
<status status="FAIL" starttime="20240323 00:24:35.967" endtime="20240323 00:24:58.346"/>
</suite>
<statistics>
<total>
<stat pass="0" fail="1" skip="0">All Tests</stat>
</total>
<tag>
<stat pass="0" fail="1" skip="0">Login Page</stat>
<stat pass="0" fail="1" skip="0">Positive Cases</stat>
</tag>
<suite>
<stat pass="0" fail="1" skip="0" id="s1" name="test-LoginPage">test-LoginPage</stat>
</suite>
</statistics>
<errors>
</errors>
</robot>
